#
# A fatal error has been detected by the Java Runtime Environment:
#
#  EXCEPTION_ACCESS_VIOLATION (0xc0000005) at pc=0x00007fffbbebfe58, pid=2780, tid=2724
#
# JRE version: Java(TM) SE Runtime Environment (9.0+11) (build 9.0.4+11)
# Java VM: Java HotSpot(TM) 64-Bit Server VM (9.0.4+11, mixed mode, tiered, compressed oops, g1 gc, windows-amd64)
# Problematic frame:
# C  [librdi_coregen.dll+0x157fe58]
#
# No core dump will be written. Minidumps are not enabled by default on client versions of Windows
#
# If you would like to submit a bug report, please visit:
#   http://bugreport.java.com/bugreport/crash.jsp
# The crash happened outside the Java Virtual Machine in native code.
# See problematic frame for where to report the bug.
#

---------------  S U M M A R Y ------------

Command Line: -Dsun.java2d.pmoffscreen=false -Dsun.java2d.xrender=false -Dsun.java2d.d3d=false -Dsun.awt.nopixfmt=true -Dsun.java2d.dpiaware=true -Dsun.java2d.uiScale.enabled=false -Xverify:none -Dswing.aatext=true -XX:-UsePerfData -Djdk.map.althashing.threshold=512 -XX:StringTableSize=4072 --add-opens=java.base/java.nio=ALL-UNNAMED --add-opens=java.desktop/sun.swing=ALL-UNNAMED --add-opens=java.desktop/javax.swing=ALL-UNNAMED --add-opens=java.desktop/javax.swing.tree=ALL-UNNAMED --add-opens=java.desktop/javax.swing.plaf.basic=ALL-UNNAMED --add-opens=java.desktop/javax.swing.plaf.synth=ALL-UNNAMED --add-opens=java.desktop/com.sun.awt=ALL-UNNAMED -XX:NewSize=60m -XX:MaxNewSize=60m -Xms128m -Xmx3072m -Xss5m 

Host: 11th Gen Intel(R) Core(TM) i7-1165G7 @ 2.80GHz, 8 cores, 15G,  Windows 10 , 64 bit Build 22621 (10.0.22621.1105)
Time: Sun Feb 12 19:06:09 2023 Eastern Standard Time elapsed time: 9157 seconds (0d 2h 32m 37s)

---------------  T H R E A D  ---------------

Current thread (0x0000022071945800):  JavaThread "AWT-EventQueue-1" [_thread_in_native, id=2724, stack(0x0000008aeeb00000,0x0000008aef000000)]

Stack: [0x0000008aeeb00000,0x0000008aef000000],  sp=0x0000008aeeff98f8,  free space=5094k
Native frames: (J=compiled Java code, j=interpreted, Vv=VM code, C=native code)
C  [librdi_coregen.dll+0x157fe58]

Java frames: (J=compiled Java code, j=interpreted, Vv=VM code)
J 25180  ui.data.coregen.packagerEngine.FacetCmds_getFacet(JLjava/lang/String;)J (0 bytes) @ 0x00000220642e73b5 [0x00000220642e7360+0x0000000000000055]
J 25214 c1 ui.views.B.b.a.m.b(Lui/data/coregen/af;Lui/data/coregen/C;)Ljava/lang/Object; (123 bytes) @ 0x000002205d4b5f54 [0x000002205d4b5d00+0x0000000000000254]
J 25199 c1 ui.views.B.b.a.o.bD(I)Ljava/lang/Object; (182 bytes) @ 0x000002205d449c14 [0x000002205d448960+0x00000000000012b4]
J 25195 c1 ui.views.B.b.a.q.bD(I)Ljava/lang/Object; (268 bytes) @ 0x000002205d45ab1c [0x000002205d4587c0+0x000000000000235c]
J 25237 c1 ui.views.B.b.Y.bD(I)Ljava/lang/Object; (241 bytes) @ 0x000002205d536cf4 [0x000002205d535700+0x00000000000015f4]
J 15917 c2 ui.utils.i.j.aA.getValueAt(I)Ljava/lang/Object; (6 bytes) @ 0x0000022062f3efdc [0x0000022062f3efa0+0x000000000000003c]
J 20147 c2 com.jidesoft.grid.TreeTableModel.getValueAt(II)Ljava/lang/Object; (27 bytes) @ 0x0000022063a13690 [0x0000022063a13620+0x0000000000000070]
J 15756 c2 com.jidesoft.grid.DefaultTableModelWrapper.getValueAt(II)Ljava/lang/Object; (45 bytes) @ 0x0000022062bdc56c [0x0000022062bdc440+0x000000000000012c]
J 22007 c2 com.jidesoft.grid.CellSpanTable.getValueAt(II)Ljava/lang/Object; (95 bytes) @ 0x0000022063ea552c [0x0000022063ea4fe0+0x000000000000054c]
J 20055 c2 com.jidesoft.grid.JideTable.prepareRenderer(Ljavax/swing/table/TableCellRenderer;II)Ljava/awt/Component; (326 bytes) @ 0x00000220639a7fc8 [0x00000220639a7f60+0x0000000000000068]
J 17630 c2 com.jidesoft.grid.CellStyleTable.prepareRenderer(Ljavax/swing/table/TableCellRenderer;II)Ljava/awt/Component; (18 bytes) @ 0x000002206352067c [0x0000022063520640+0x000000000000003c]
J 21608 c2 com.jidesoft.plaf.basic.BasicJideTableUIDelegate.paintCell(Ljava/awt/Graphics;Ljava/awt/Rectangle;II)V (322 bytes) @ 0x0000022063bb84f4 [0x0000022063bb8400+0x00000000000000f4]
J 25233 c2 com.jidesoft.plaf.basic.BasicCellSpanTableUIDelegate.c(Ljava/awt/Graphics;IIII)V (640 bytes) @ 0x00000220643057ac [0x0000022064305020+0x000000000000078c]
J 15915 c1 com.jidesoft.plaf.basic.BasicCellSpanTableUIDelegate.paint(Ljava/awt/Graphics;Ljavax/swing/JComponent;)V (328 bytes) @ 0x000002205c2aa62c [0x000002205c2a80a0+0x000000000000258c]
J 15916 c1 ui.utils.lnf.HSyntheticaTreeTableUIDelegate.paint(Ljava/awt/Graphics;Ljavax/swing/JComponent;)V (280 bytes) @ 0x000002205c3f4f74 [0x000002205c3f4ee0+0x0000000000000094]
J 15866 c1 com.jidesoft.plaf.basic.BasicCellSpanTableUI.paint(Ljava/awt/Graphics;Ljavax/swing/JComponent;)V (13 bytes) @ 0x000002205ba6bd44 [0x000002205ba6bb60+0x00000000000001e4]
J 21560 c2 javax.swing.plaf.ComponentUI.update(Ljava/awt/Graphics;Ljavax/swing/JComponent;)V java.desktop@9.0.4 (36 bytes) @ 0x0000022063ae3934 [0x0000022063ae3800+0x0000000000000134]
J 14510 c2 javax.swing.JComponent.paintComponent(Ljava/awt/Graphics;)V java.desktop@9.0.4 (44 bytes) @ 0x000002206383a538 [0x000002206383a2a0+0x0000000000000298]
J 15875 c1 ui.utils.i.j.ak.paintComponent(Ljava/awt/Graphics;)V (10 bytes) @ 0x000002205bc31814 [0x000002205bc30fa0+0x0000000000000874]
J 21552 c2 javax.swing.JComponent.paint(Ljava/awt/Graphics;)V java.desktop@9.0.4 (409 bytes) @ 0x0000022063c638a0 [0x0000022063c632c0+0x00000000000005e0]
J 15874 c1 ui.utils.i.j.ak.paint(Ljava/awt/Graphics;)V (124 bytes) @ 0x000002205be39294 [0x000002205be39200+0x0000000000000094]
J 25151 c2 javax.swing.JComponent.paintChildren(Ljava/awt/Graphics;)V java.desktop@9.0.4 (691 bytes) @ 0x00000220642cf9c4 [0x00000220642cece0+0x0000000000000ce4]
J 21552 c2 javax.swing.JComponent.paint(Ljava/awt/Graphics;)V java.desktop@9.0.4 (409 bytes) @ 0x0000022063c638d8 [0x0000022063c632c0+0x0000000000000618]
J 23478 c2 javax.swing.JViewport.paint(Ljava/awt/Graphics;)V java.desktop@9.0.4 (884 bytes) @ 0x00000220635f42ec [0x00000220635f4260+0x000000000000008c]
J 25151 c2 javax.swing.JComponent.paintChildren(Ljava/awt/Graphics;)V java.desktop@9.0.4 (691 bytes) @ 0x00000220642cf9c4 [0x00000220642cece0+0x0000000000000ce4]
J 21552 c2 javax.swing.JComponent.paint(Ljava/awt/Graphics;)V java.desktop@9.0.4 (409 bytes) @ 0x0000022063c638d8 [0x0000022063c632c0+0x0000000000000618]
J 25151 c2 javax.swing.JComponent.paintChildren(Ljava/awt/Graphics;)V java.desktop@9.0.4 (691 bytes) @ 0x00000220642cf9c4 [0x00000220642cece0+0x0000000000000ce4]
J 21552 c2 javax.swing.JComponent.paint(Ljava/awt/Graphics;)V java.desktop@9.0.4 (409 bytes) @ 0x0000022063c638d8 [0x0000022063c632c0+0x0000000000000618]
J 25151 c2 javax.swing.JComponent.paintChildren(Ljava/awt/Graphics;)V java.desktop@9.0.4 (691 bytes) @ 0x00000220642cf9c4 [0x00000220642cece0+0x0000000000000ce4]
J 21552 c2 javax.swing.JComponent.paint(Ljava/awt/Graphics;)V java.desktop@9.0.4 (409 bytes) @ 0x0000022063c638d8 [0x0000022063c632c0+0x0000000000000618]
J 20932 c1 ui.b.c.b.p.paint(Ljava/awt/Graphics;)V (62 bytes) @ 0x000002205bfc3d9c [0x000002205bfc35c0+0x00000000000007dc]
J 25151 c2 javax.swing.JComponent.paintChildren(Ljava/awt/Graphics;)V java.desktop@9.0.4 (691 bytes) @ 0x00000220642cf9c4 [0x00000220642cece0+0x0000000000000ce4]
J 21552 c2 javax.swing.JComponent.paint(Ljava/awt/Graphics;)V java.desktop@9.0.4 (409 bytes) @ 0x0000022063c638d8 [0x0000022063c632c0+0x0000000000000618]
J 20368 c1 org.jdesktop.swingx.JXPanel.paint(Ljava/awt/Graphics;)V (54 bytes) @ 0x000002205dfa5f7c [0x000002205dfa5ae0+0x000000000000049c]
J 25151 c2 javax.swing.JComponent.paintChildren(Ljava/awt/Graphics;)V java.desktop@9.0.4 (691 bytes) @ 0x00000220642cf9c4 [0x00000220642cece0+0x0000000000000ce4]
J 21552 c2 javax.swing.JComponent.paint(Ljava/awt/Graphics;)V java.desktop@9.0.4 (409 bytes) @ 0x0000022063c638d8 [0x0000022063c632c0+0x0000000000000618]
J 25151 c2 javax.swing.JComponent.paintChildren(Ljava/awt/Graphics;)V java.desktop@9.0.4 (691 bytes) @ 0x00000220642cf9c4 [0x00000220642cece0+0x0000000000000ce4]
J 21552 c2 javax.swing.JComponent.paint(Ljava/awt/Graphics;)V java.desktop@9.0.4 (409 bytes) @ 0x0000022063c638d8 [0x0000022063c632c0+0x0000000000000618]
J 20368 c1 org.jdesktop.swingx.JXPanel.paint(Ljava/awt/Graphics;)V (54 bytes) @ 0x000002205dfa5f7c [0x000002205dfa5ae0+0x000000000000049c]
J 21541 c2 javax.swing.RepaintManager.paint(Ljavax/swing/JComponent;Ljavax/swing/JComponent;Ljava/awt/Graphics;IIII)V java.desktop@9.0.4 (93 bytes) @ 0x0000022063c7ce04 [0x0000022063c7c3c0+0x0000000000000a44]
J 21671 c2 javax.swing.JComponent._paintImmediately(IIII)V java.desktop@9.0.4 (891 bytes) @ 0x0000022063e4fbd0 [0x0000022063e4ea60+0x0000000000001170]
J 18310 c2 javax.swing.JComponent.paintImmediately(IIII)V java.desktop@9.0.4 (155 bytes) @ 0x0000022063c7aabc [0x0000022063c7a960+0x000000000000015c]
J 18300 c2 javax.swing.RepaintManager$4.run()Ljava/lang/Object; java.desktop@9.0.4 (5 bytes) @ 0x0000022063c77a1c [0x0000022063c77820+0x00000000000001fc]
v  ~StubRoutines::call_stub
J 2948  java.security.AccessController.doPrivileged(Ljava/security/PrivilegedAction;Ljava/security/AccessControlContext;)Ljava/lang/Object; java.base@9.0.4 (0 bytes) @ 0x0000022062c9eac6 [0x0000022062c9ea60+0x0000000000000066]
J 18498 c2 javax.swing.RepaintManager.paintDirtyRegions(Ljava/util/Map;)V java.desktop@9.0.4 (196 bytes) @ 0x0000022063cbcd30 [0x0000022063cbc8a0+0x0000000000000490]
J 19134 c2 javax.swing.RepaintManager$ProcessingRunnable.run()V java.desktop@9.0.4 (41 bytes) @ 0x000002206398d04c [0x000002206398cb20+0x000000000000052c]
J 13528 c2 java.awt.EventQueue$3.run()Ljava/lang/Object; java.desktop@9.0.4 (5 bytes) @ 0x00000220636a8454 [0x00000220636a7f00+0x0000000000000554]
v  ~StubRoutines::call_stub
J 2948  java.security.AccessController.doPrivileged(Ljava/security/PrivilegedAction;Ljava/security/AccessControlContext;)Ljava/lang/Object; java.base@9.0.4 (0 bytes) @ 0x0000022062c9eac6 [0x0000022062c9ea60+0x0000000000000066]
J 12416 c2 ui.frmwork.b.d.dispatchEvent(Ljava/awt/AWTEvent;)V (34 bytes) @ 0x000002206344858c [0x0000022063448020+0x000000000000056c]
J 19219 c2 java.awt.EventDispatchThread.pumpOneEventForFilters(I)V java.desktop@9.0.4 (218 bytes) @ 0x0000022063cee194 [0x0000022063cedc80+0x0000000000000514]
J 20736% c2 java.awt.EventDispatchThread.pumpEventsForFilter(ILjava/awt/Conditional;Ljava/awt/EventFilter;)V java.desktop@9.0.4 (47 bytes) @ 0x0000022063552158 [0x0000022063552040+0x0000000000000118]
j  java.awt.EventDispatchThread.pumpEventsForHierarchy(ILjava/awt/Conditional;Ljava/awt/Component;)V+11 java.desktop@9.0.4
j  java.awt.EventDispatchThread.pumpEvents(ILjava/awt/Conditional;)V+4 java.desktop@9.0.4
j  java.awt.EventDispatchThread.pumpEvents(Ljava/awt/Conditional;)V+3 java.desktop@9.0.4
j  java.awt.EventDispatchThread.run()V+9 java.desktop@9.0.4
v  ~StubRoutines::call_stub

siginfo: EXCEPTION_ACCESS_VIOLATION (0xc0000005), data execution prevention violation at address 0x00007fffbbebfe58


Register to memory mapping:

RIP=0x00007fffbbebfe58 librdi_coregen.dll
RAX=0x00007fffbbd23bf8 librdi_coregen.dll
RBX=0x000002207ef2d4b0 is an unknown value
RCX=0x000002207ef2d4b0 is an unknown value
RDX=0x0000008aeeff9958 is pointing into the stack for thread: 0x0000022071945800
RSP=0x0000008aeeff98f8 is pointing into the stack for thread: 0x0000022071945800
RBP=0x0000008aeeff99e0 is pointing into the stack for thread: 0x0000022071945800
RSI=0x0000008aeeff9a98 is pointing into the stack for thread: 0x0000022071945800
RDI=0x0000008aeeff9958 is pointing into the stack for thread: 0x0000022071945800
R8 =0x0000022046451ec0 is an unknown value
R9 =0x0000000000000001 is an unknown value
R10=0x0000000000000003 is an unknown value
R11=0x0000008aeeff98e0 is pointing into the stack for thread: 0x0000022071945800
R12=0x0000000000000000 is an unknown value
R13=0x00000007c001ced8 is pointing into metadata
R14=0x000002207ef2d4b0 is an unknown value
R15=0x0000022071945800 is a thread


Registers:
RAX=0x00007fffbbd23bf8, RBX=0x000002207ef2d4b0, RCX=0x000002207ef2d4b0, RDX=0x0000008aeeff9958
RSP=0x0000008aeeff98f8, RBP=0x0000008aeeff99e0, RSI=0x0000008aeeff9a98, RDI=0x0000008aeeff9958
R8 =0x0000022046451ec0, R9 =0x0000000000000001, R10=0x0000000000000003, R11=0x0000008aeeff98e0
R12=0x0000000000000000, R13=0x00000007c001ced8, R14=0x000002207ef2d4b0, R15=0x0000022071945800
RIP=0x00007fffbbebfe58, EFLAGS=0x0000000000010202

Top of Stack: (sp=0x0000008aeeff98f8)
0x0000008aeeff98f8:   00007fffbb0dc9af 0000022001421260
0x0000008aeeff9908:   00007ff86b7ab1e1 0000022001421250
0x0000008aeeff9918:   0000022046600000 0000022071945a18
0x0000008aeeff9928:   00007fffbb0dc5d8 0000022001421260
0x0000008aeeff9938:   0000022071945801 0000022071945a18
0x0000008aeeff9948:   00007ff8210a69d8 fffffffffffffffe
0x0000008aeeff9958:   0000000000000000 0000000000000000
0x0000008aeeff9968:   0000000000000000 0000022071945a18
0x0000008aeeff9978:   00007fffbaf62789 0000022001421260
0x0000008aeeff9988:   0000008aeeff9ad0 0000008aeeff9a98
0x0000008aeeff9998:   0000022071945a18 0000022071945a18
0x0000008aeeff99a8:   fffffffffffffffe 0000022071945a18
0x0000008aeeff99b8:   0000008aeeff9ad0 00007fffbc616230
0x0000008aeeff99c8:   00000000761d51ec 0000022071945a18
0x0000008aeeff99d8:   fffffffffffffffe 756c636e695f7369
0x0000008aeeff99e8:   0000022062006564 000000000000000a 

Instructions: (pc=0x00007fffbbebfe58)
0x00007fffbbebfe38:   00 00 00 00 ff ff ff ff 00 00 00 00 40 00 00 00
0x00007fffbbebfe48:   08 fe 57 01 00 00 00 00 00 00 00 00 00 00 00 00
0x00007fffbbebfe58:   01 00 00 00 00 00 00 00 00 00 00 00 30 5c c7 01
0x00007fffbbebfe68:   80 fe 57 01 58 fe 57 01 00 00 00 00 00 00 00 00 



---------------  P R O C E S S  ---------------

Java Threads: ( => current thread )
  0x0000022076652800 JavaThread "c" [_thread_blocked, id=8008, stack(0x0000008af4300000,0x0000008af4800000)]
  0x0000022076644800 JavaThread "FileSystemWatchService" daemon [_thread_in_native, id=9432, stack(0x0000008af3900000,0x0000008af3e00000)]
  0x000002207664c800 JavaThread "Thread-11132" [_thread_in_native, id=2932, stack(0x0000008ae7000000,0x0000008ae7100000)]
  0x000002207664f800 JavaThread "Thread-11131" [_thread_in_native, id=15112, stack(0x0000008ae7100000,0x0000008ae7200000)]
  0x0000022076652000 JavaThread "Monitor File Timestamp Swing Worker" [_thread_blocked, id=15972, stack(0x0000008af3e00000,0x0000008af4300000)]
  0x0000022076645000 JavaThread "Timer-9" [_thread_blocked, id=15528, stack(0x0000008af3400000,0x0000008af3900000)]
  0x0000022076651000 JavaThread "Image Animator 3" daemon [_thread_blocked, id=17108, stack(0x0000008af4800000,0x0000008af4d00000)]
  0x000002207664b000 JavaThread "SyntheticaAnimation 50" daemon [_thread_blocked, id=17224, stack(0x0000008af0c00000,0x0000008af1100000)]
  0x0000022076646000 JavaThread "Update Runs Swing Worker" [_thread_blocked, id=16688, stack(0x0000008af2a00000,0x0000008af2f00000)]
  0x0000022076643800 JavaThread "Refresh Filesets Swing Worker" [_thread_blocked, id=16232, stack(0x0000008af2500000,0x0000008af2a00000)]
  0x000002207664a800 JavaThread "Swing-Shell" daemon [_thread_blocked, id=12736, stack(0x0000008aef000000,0x0000008aef500000)]
  0x0000022076648000 JavaThread "SyntheticaAnimation 50" daemon [_thread_blocked, id=16964, stack(0x0000008aedc00000,0x0000008aee100000)]
  0x0000022076647800 JavaThread "hw_ila_monitor" [_thread_blocked, id=18192, stack(0x0000008af2000000,0x0000008af2500000)]
  0x0000022076649800 JavaThread "Update Runs Swing Worker" [_thread_blocked, id=18080, stack(0x0000008af1b00000,0x0000008af2000000)]
  0x000002205247b800 JavaThread "Refresh Filesets Swing Worker" [_thread_blocked, id=14288, stack(0x0000008af1600000,0x0000008af1b00000)]
  0x000002205247c800 JavaThread "SyntheticaAnimation 70" daemon [_thread_blocked, id=10024, stack(0x0000008af1100000,0x0000008af1600000)]
  0x0000022052479800 JavaThread "SyntheticaAnimation 25" daemon [_thread_blocked, id=720, stack(0x0000008af0700000,0x0000008af0c00000)]
  0x0000022052478800 JavaThread "SyntheticaAnimation 50" daemon [_thread_blocked, id=18116, stack(0x0000008af0200000,0x0000008af0700000)]
  0x0000022052476800 JavaThread "Monitor HEventQueue" [_thread_blocked, id=9368, stack(0x0000008aefd00000,0x0000008af0200000)]
  0x0000022052478000 JavaThread "Batik CleanerThread" daemon [_thread_blocked, id=17836, stack(0x0000008aef500000,0x0000008aefa00000)]
  0x000002205247a000 JavaThread "SyntheticaCleanerThread" daemon [_thread_blocked, id=4928, stack(0x0000008aee100000,0x0000008aee600000)]
=>0x0000022071945800 JavaThread "AWT-EventQueue-1" [_thread_in_native, id=2724, stack(0x0000008aeeb00000,0x0000008aef000000)]
  0x0000022071944000 JavaThread "Process Messages" [_thread_blocked, id=5196, stack(0x0000008aee600000,0x0000008aeeb00000)]
  0x0000022073182800 JavaThread "Thread-1" [_thread_in_native, id=12128, stack(0x0000008ae7400000,0x0000008ae8800000)]
  0x0000022071cf5800 JavaThread "TimerQueue" daemon [_thread_blocked, id=14352, stack(0x0000008aed700000,0x0000008aedc00000)]
  0x00000220713f8800 JavaThread "AWT-Windows" daemon [_thread_in_native, id=18032, stack(0x0000008aed200000,0x0000008aed700000)]
  0x000002207151b000 JavaThread "AWT-Shutdown" [_thread_blocked, id=4628, stack(0x0000008aecd00000,0x0000008aed200000)]
  0x0000022054314000 JavaThread "Java2D Disposer" daemon [_thread_blocked, id=3876, stack(0x0000008aec800000,0x0000008aecd00000)]
  0x0000022052121000 JavaThread "Service Thread" daemon [_thread_blocked, id=16412, stack(0x0000008aec200000,0x0000008aec700000)]
  0x00000220540d4800 JavaThread "Common-Cleaner" daemon [_thread_blocked, id=5836, stack(0x0000008aebd00000,0x0000008aec200000)]
  0x000002205247d000 JavaThread "Sweeper thread" daemon [_thread_blocked, id=17472, stack(0x0000008aeb800000,0x0000008aebd00000)]
  0x0000022052e44000 JavaThread "C1 CompilerThread3" daemon [_thread_blocked, id=16776, stack(0x0000008aeb700000,0x0000008aeb800000)]
  0x0000022052e43000 JavaThread "C2 CompilerThread2" daemon [_thread_blocked, id=15860, stack(0x0000008aeb600000,0x0000008aeb700000)]
  0x000002204caf4000 JavaThread "C2 CompilerThread1" daemon [_thread_blocked, id=13504, stack(0x0000008aeb500000,0x0000008aeb600000)]
  0x0000022052b7e000 JavaThread "C2 CompilerThread0" daemon [_thread_blocked, id=12064, stack(0x0000008aeb400000,0x0000008aeb500000)]
  0x0000022052b7d800 JavaThread "Attach Listener" daemon [_thread_blocked, id=16800, stack(0x0000008aeaf00000,0x0000008aeb400000)]
  0x000002204ca85800 JavaThread "Signal Dispatcher" daemon [_thread_blocked, id=17164, stack(0x0000008aeaa00000,0x0000008aeaf00000)]
  0x000002204c9a0000 JavaThread "Finalizer" daemon [_thread_blocked, id=4256, stack(0x0000008aea500000,0x0000008aeaa00000)]
  0x0000022052415000 JavaThread "Reference Handler" daemon [_thread_blocked, id=11576, stack(0x0000008aea000000,0x0000008aea500000)]
  0x0000022052c38000 JavaThread "main" [_thread_blocked, id=360, stack(0x0000008ae7300000,0x0000008ae7400000)]

Other Threads:
  0x00000220521a1000 VMThread "VM Thread" [stack: 0x0000008ae9f00000,0x0000008aea000000] [id=10940]
  0x0000022052880800 WatcherThread [stack: 0x0000008aec700000,0x0000008aec800000] [id=17900]
  0x00000220520b9800 GCTaskThread "GC Thread#0" [stack: 0x0000008ae8b00000,0x0000008ae8c00000] [id=18284]
  0x0000022052bc2800 GCTaskThread "GC Thread#1" [stack: 0x0000008ae8c00000,0x0000008ae8d00000] [id=17540]
  0x0000022052c38800 GCTaskThread "GC Thread#2" [stack: 0x0000008ae8d00000,0x0000008ae8e00000] [id=18380]
  0x0000022051830800 GCTaskThread "GC Thread#3" [stack: 0x0000008ae8e00000,0x0000008ae8f00000] [id=6168]
  0x00000220518d1000 GCTaskThread "GC Thread#4" [stack: 0x0000008ae8f00000,0x0000008ae9000000] [id=8548]
  0x000002204cbdd800 GCTaskThread "GC Thread#5" [stack: 0x0000008ae9000000,0x0000008ae9100000] [id=8012]
  0x000002204cbde000 GCTaskThread "GC Thread#6" [stack: 0x0000008ae9100000,0x0000008ae9200000] [id=17040]
  0x000002204cbdf000 GCTaskThread "GC Thread#7" [stack: 0x0000008ae9200000,0x0000008ae9300000] [id=11624]
  0x0000022054037800 ConcurrentGCThread "G1 Main Marker" [stack: 0x0000008ae9c00000,0x0000008ae9d00000] [id=3052]
  0x000002204cbdf800 ConcurrentGCThread "G1 Marker#0" [stack: 0x0000008ae9d00000,0x0000008ae9e00000] [id=1156]
  0x000002204cbdc800 ConcurrentGCThread "G1 Marker#1" [stack: 0x0000008ae9e00000,0x0000008ae9f00000] [id=8444]
  0x0000022053fc5800 ConcurrentGCThread "G1 Refine#0" [stack: 0x0000008ae9a00000,0x0000008ae9b00000] [id=3476]
  0x0000022053fc8000 ConcurrentGCThread "G1 Refine#1" [stack: 0x0000008ae9900000,0x0000008ae9a00000] [id=17848]
  0x0000022053fc9800 ConcurrentGCThread "G1 Refine#2" [stack: 0x0000008ae9800000,0x0000008ae9900000] [id=17672]
  0x0000022053fcb000 ConcurrentGCThread "G1 Refine#3" [stack: 0x0000008ae9700000,0x0000008ae9800000] [id=17876]
  0x0000022053fc4800 ConcurrentGCThread "G1 Refine#4" [stack: 0x0000008ae9600000,0x0000008ae9700000] [id=1568]
  0x0000022053fcb800 ConcurrentGCThread "G1 Refine#5" [stack: 0x0000008ae9500000,0x0000008ae9600000] [id=16896]
  0x0000022053fc7000 ConcurrentGCThread "G1 Refine#6" [stack: 0x0000008ae9400000,0x0000008ae9500000] [id=4408]
  0x0000022051781000 ConcurrentGCThread "G1 Refine#7" [stack: 0x0000008ae9300000,0x0000008ae9400000] [id=17636]
  0x0000022051ba6800 ConcurrentGCThread "G1 Young RemSet Sampling" [stack: 0x0000008ae9b00000,0x0000008ae9c00000] [id=10800]

Threads with active compile tasks:

VM state:not at safepoint (normal execution)

VM Mutex/Monitor currently owned by a thread: None

Heap address: 0x0000000700000000, size: 3072 MB, Compressed Oops mode: Zero based, Oop shift amount: 3
Narrow klass base: 0x0000000000000000, Narrow klass shift: 3
Compressed class space size: 1073741824 Address: 0x00000007c0000000

Heap:
 garbage-first heap   total 176128K, used 117557K [0x0000000700000000, 0x0000000700100560, 0x00000007c0000000)
  region size 1024K, 20 young (20480K), 2 survivors (2048K)
 Metaspace       used 88158K, capacity 90828K, committed 97920K, reserved 1132544K
  class space    used 12704K, capacity 13230K, committed 14720K, reserved 1048576K
Heap Regions: E=young(eden), S=young(survivor), O=old, HS=humongous(starts), HC=humongous(continues), CS=collection set, F=free, A=archive, TS=gc time stamp, AC=allocation context, TAMS=top-at-mark-start (previous, next)
|   0|0x0000000700000000, 0x0000000700100000, 0x0000000700100000|100%|HS|  |TS  0|AC  0|TAMS 0x0000000700100000, 0x0000000700100000|
|   1|0x0000000700100000, 0x0000000700200000, 0x0000000700200000|100%|HS|  |TS  0|AC  0|TAMS 0x0000000700200000, 0x0000000700200000|
|   2|0x0000000700200000, 0x0000000700300000, 0x0000000700300000|100%|HC|  |TS  0|AC  0|TAMS 0x0000000700300000, 0x0000000700300000|
|   3|0x0000000700300000, 0x0000000700400000, 0x0000000700400000|100%|HS|  |TS  0|AC  0|TAMS 0x0000000700400000, 0x0000000700400000|
|   4|0x0000000700400000, 0x00000007004fffd0, 0x0000000700500000| 99%| O|  |TS  0|AC  0|TAMS 0x00000007004fffd0, 0x00000007004fffd0|
|   5|0x0000000700500000, 0x00000007005ffff8, 0x0000000700600000| 99%| O|  |TS  0|AC  0|TAMS 0x00000007005ffff8, 0x00000007005ffff8|
|   6|0x0000000700600000, 0x00000007006ffff0, 0x0000000700700000| 99%| O|  |TS  0|AC  0|TAMS 0x00000007006ffff0, 0x00000007006ffff0|
|   7|0x0000000700700000, 0x00000007007ffff0, 0x0000000700800000| 99%| O|  |TS  0|AC  0|TAMS 0x00000007007ffff0, 0x00000007007ffff0|
|   8|0x0000000700800000, 0x00000007008fffb8, 0x0000000700900000| 99%| O|  |TS  0|AC  0|TAMS 0x00000007008fffb8, 0x00000007008fffb8|
|   9|0x0000000700900000, 0x00000007009e10c8, 0x0000000700a00000| 87%| O|  |TS  0|AC  0|TAMS 0x00000007009e10c8, 0x00000007009e10c8|
|  10|0x0000000700a00000, 0x0000000700afe7f0, 0x0000000700b00000| 99%| O|  |TS  0|AC  0|TAMS 0x0000000700afe7f0, 0x0000000700afe7f0|
|  11|0x0000000700b00000, 0x0000000700bd2058, 0x0000000700c00000| 82%| O|  |TS  0|AC  0|TAMS 0x0000000700bd2058, 0x0000000700bd2058|
|  12|0x0000000700c00000, 0x0000000700cfffd8, 0x0000000700d00000| 99%| O|  |TS  0|AC  0|TAMS 0x0000000700cfffd8, 0x0000000700cfffd8|
|  13|0x0000000700d00000, 0x0000000700e00000, 0x0000000700e00000|100%| O|  |TS  0|AC  0|TAMS 0x0000000700e00000, 0x0000000700e00000|
|  14|0x0000000700e00000, 0x0000000700efffe8, 0x0000000700f00000| 99%| O|  |TS  0|AC  0|TAMS 0x0000000700efffe8, 0x0000000700efffe8|
|  15|0x0000000700f00000, 0x0000000700fffff8, 0x0000000701000000| 99%| O|  |TS  0|AC  0|TAMS 0x0000000700fffff8, 0x0000000700fffff8|
|  16|0x0000000701000000, 0x00000007010fff40, 0x0000000701100000| 99%| O|  |TS  0|AC  0|TAMS 0x00000007010fff40, 0x00000007010fff40|
|  17|0x0000000701100000, 0x00000007011ffff0, 0x0000000701200000| 99%| O|  |TS  0|AC  0|TAMS 0x00000007011ffff0, 0x00000007011ffff0|
|  18|0x0000000701200000, 0x00000007012ffff0, 0x0000000701300000| 99%| O|  |TS  0|AC  0|TAMS 0x00000007012ffff0, 0x00000007012ffff0|
|  19|0x0000000701300000, 0x0000000701400000, 0x0000000701400000|100%| O|  |TS  0|AC  0|TAMS 0x0000000701400000, 0x0000000701400000|
|  20|0x0000000701400000, 0x0000000701500000, 0x0000000701500000|100%| O|  |TS  0|AC  0|TAMS 0x0000000701500000, 0x0000000701500000|
|  21|0x0000000701500000, 0x0000000701600000, 0x0000000701600000|100%| O|  |TS  0|AC  0|TAMS 0x0000000701600000, 0x0000000701600000|
|  22|0x0000000701600000, 0x0000000701700000, 0x0000000701700000|100%| O|  |TS  0|AC  0|TAMS 0x0000000701700000, 0x0000000701700000|
|  23|0x0000000701700000, 0x00000007017fffe8, 0x0000000701800000| 99%| O|  |TS  0|AC  0|TAMS 0x00000007017fffe8, 0x00000007017fffe8|
|  24|0x0000000701800000, 0x00000007018fffd8, 0x0000000701900000| 99%| O|  |TS  0|AC  0|TAMS 0x00000007018fffd8, 0x00000007018fffd8|
|  25|0x0000000701900000, 0x00000007019ffff8, 0x0000000701a00000| 99%| O|  |TS  0|AC  0|TAMS 0x00000007019ffff8, 0x00000007019ffff8|
|  26|0x0000000701a00000, 0x0000000701b00000, 0x0000000701b00000|100%| O|  |TS  0|AC  0|TAMS 0x0000000701b00000, 0x0000000701b00000|
|  27|0x0000000701b00000, 0x0000000701bffff0, 0x0000000701c00000| 99%| O|  |TS  0|AC  0|TAMS 0x0000000701bffff0, 0x0000000701bffff0|
|  28|0x0000000701c00000, 0x0000000701cfffe8, 0x0000000701d00000| 99%| O|  |TS  0|AC  0|TAMS 0x0000000701cfffe8, 0x0000000701cfffe8|
|  29|0x0000000701d00000, 0x0000000701dffff0, 0x0000000701e00000| 99%| O|  |TS  0|AC  0|TAMS 0x0000000701dffff0, 0x0000000701dffff0|
|  30|0x0000000701e00000, 0x0000000701f00000, 0x0000000701f00000|100%| O|  |TS  0|AC  0|TAMS 0x0000000701f00000, 0x0000000701f00000|
|  31|0x0000000701f00000, 0x0000000702000000, 0x0000000702000000|100%| O|  |TS  0|AC  0|TAMS 0x0000000702000000, 0x0000000702000000|
|  32|0x0000000702000000, 0x00000007020fffb8, 0x0000000702100000| 99%| O|  |TS  0|AC  0|TAMS 0x00000007020fffb8, 0x00000007020fffb8|
|  33|0x0000000702100000, 0x00000007021fffe0, 0x0000000702200000| 99%| O|  |TS  0|AC  0|TAMS 0x00000007021fffe0, 0x00000007021fffe0|
|  34|0x0000000702200000, 0x00000007022ffff8, 0x0000000702300000| 99%| O|  |TS  0|AC  0|TAMS 0x00000007022ffff8, 0x00000007022ffff8|
|  35|0x0000000702300000, 0x00000007023fdfc0, 0x0000000702400000| 99%| O|  |TS  0|AC  0|TAMS 0x00000007023fdfc0, 0x00000007023fdfc0|
|  36|0x0000000702400000, 0x0000000702500000, 0x0000000702500000|100%|HS|  |TS  0|AC  0|TAMS 0x0000000702500000, 0x0000000702500000|
|  37|0x0000000702500000, 0x0000000702600000, 0x0000000702600000|100%|HC|  |TS  0|AC  0|TAMS 0x0000000702600000, 0x0000000702600000|
|  38|0x0000000702600000, 0x0000000702700000, 0x0000000702700000|100%|HC|  |TS  0|AC  0|TAMS 0x0000000702700000, 0x0000000702700000|
|  39|0x0000000702700000, 0x0000000702800000, 0x0000000702800000|100%|HC|  |TS  0|AC  0|TAMS 0x0000000702800000, 0x0000000702800000|
|  40|0x0000000702800000, 0x0000000702900000, 0x0000000702900000|100%|HC|  |TS  0|AC  0|TAMS 0x0000000702900000, 0x0000000702900000|
|  41|0x0000000702900000, 0x0000000702a00000, 0x0000000702a00000|100%|HC|  |TS  0|AC  0|TAMS 0x0000000702a00000, 0x0000000702a00000|
|  42|0x0000000702a00000, 0x0000000702b00000, 0x0000000702b00000|100%|HC|  |TS  0|AC  0|TAMS 0x0000000702b00000, 0x0000000702b00000|
|  43|0x0000000702b00000, 0x0000000702bffff8, 0x0000000702c00000| 99%| O|  |TS  0|AC  0|TAMS 0x0000000702bffff8, 0x0000000702bffff8|
|  44|0x0000000702c00000, 0x0000000702cfc1a0, 0x0000000702d00000| 98%| O|  |TS  0|AC  0|TAMS 0x0000000702cfc1a0, 0x0000000702cfc1a0|
|  45|0x0000000702d00000, 0x0000000702dffd48, 0x0000000702e00000| 99%| O|  |TS  0|AC  0|TAMS 0x0000000702dffd48, 0x0000000702dffd48|
|  46|0x0000000702e00000, 0x0000000702effff0, 0x0000000702f00000| 99%| O|  |TS  0|AC  0|TAMS 0x0000000702effff0, 0x0000000702effff0|
|  47|0x0000000702f00000, 0x0000000702fffff8, 0x0000000703000000| 99%| O|  |TS  0|AC  0|TAMS 0x0000000702fffff8, 0x0000000702fffff8|
|  48|0x0000000703000000, 0x00000007030fffe0, 0x0000000703100000| 99%| O|  |TS  0|AC  0|TAMS 0x00000007030fffe0, 0x00000007030fffe0|
|  49|0x0000000703100000, 0x00000007031fcb28, 0x0000000703200000| 98%| O|  |TS  0|AC  0|TAMS 0x00000007031fcb28, 0x00000007031fcb28|
|  50|0x0000000703200000, 0x00000007032fffe8, 0x0000000703300000| 99%| O|  |TS  0|AC  0|TAMS 0x00000007032fffe8, 0x00000007032fffe8|
|  51|0x0000000703300000, 0x0000000703400000, 0x0000000703400000|100%| O|  |TS  0|AC  0|TAMS 0x0000000703400000, 0x0000000703400000|
|  52|0x0000000703400000, 0x00000007034ffff0, 0x0000000703500000| 99%| O|  |TS  0|AC  0|TAMS 0x00000007034ffff0, 0x00000007034ffff0|
|  53|0x0000000703500000, 0x00000007035ffe70, 0x0000000703600000| 99%| O|  |TS  0|AC  0|TAMS 0x00000007035ffe70, 0x00000007035ffe70|
|  54|0x0000000703600000, 0x0000000703700000, 0x0000000703700000|100%| O|  |TS  0|AC  0|TAMS 0x0000000703700000, 0x0000000703700000|
|  55|0x0000000703700000, 0x00000007037fffe8, 0x0000000703800000| 99%| O|  |TS  0|AC  0|TAMS 0x00000007037fffe8, 0x00000007037fffe8|
|  56|0x0000000703800000, 0x00000007038ffff0, 0x0000000703900000| 99%| O|  |TS  0|AC  0|TAMS 0x00000007038ffff0, 0x00000007038ffff0|
|  57|0x0000000703900000, 0x00000007039ffff8, 0x0000000703a00000| 99%| O|  |TS  0|AC  0|TAMS 0x00000007039ffff8, 0x00000007039ffff8|
|  58|0x0000000703a00000, 0x0000000703affff0, 0x0000000703b00000| 99%| O|  |TS  0|AC  0|TAMS 0x0000000703affff0, 0x0000000703affff0|
|  59|0x0000000703b00000, 0x0000000703bfe528, 0x0000000703c00000| 99%| O|  |TS  0|AC  0|TAMS 0x0000000703bfe528, 0x0000000703bfe528|
|  60|0x0000000703c00000, 0x0000000703cffff0, 0x0000000703d00000| 99%| O|  |TS  0|AC  0|TAMS 0x0000000703cffff0, 0x0000000703cffff0|
|  61|0x0000000703d00000, 0x0000000703e00000, 0x0000000703e00000|100%| O|  |TS  0|AC  0|TAMS 0x0000000703e00000, 0x0000000703e00000|
|  62|0x0000000703e00000, 0x0000000703efffe8, 0x0000000703f00000| 99%| O|  |TS  0|AC  0|TAMS 0x0000000703efffe8, 0x0000000703efffe8|
|  63|0x0000000703f00000, 0x0000000704000000, 0x0000000704000000|100%| O|  |TS  0|AC  0|TAMS 0x0000000704000000, 0x0000000704000000|
|  64|0x0000000704000000, 0x00000007040fffe8, 0x0000000704100000| 99%| O|  |TS  0|AC  0|TAMS 0x00000007040fffe8, 0x00000007040fffe8|
|  65|0x0000000704100000, 0x00000007041fffc8, 0x0000000704200000| 99%| O|  |TS  0|AC  0|TAMS 0x00000007041fffc8, 0x00000007041fffc8|
|  66|0x0000000704200000, 0x00000007042ffeb8, 0x0000000704300000| 99%| O|  |TS  0|AC  0|TAMS 0x00000007042ffeb8, 0x00000007042ffeb8|
|  67|0x0000000704300000, 0x00000007043ffff0, 0x0000000704400000| 99%| O|  |TS  0|AC  0|TAMS 0x00000007043ffff0, 0x00000007043ffff0|
|  68|0x0000000704400000, 0x00000007044fffb8, 0x0000000704500000| 99%| O|  |TS  0|AC  0|TAMS 0x00000007044fffb8, 0x00000007044fffb8|
|  69|0x0000000704500000, 0x00000007045ffff8, 0x0000000704600000| 99%| O|  |TS  0|AC  0|TAMS 0x00000007045ffff8, 0x00000007045ffff8|
|  70|0x0000000704600000, 0x00000007046ff220, 0x0000000704700000| 99%| O|  |TS  0|AC  0|TAMS 0x00000007046ff220, 0x00000007046ff220|
|  71|0x0000000704700000, 0x00000007047ffee8, 0x0000000704800000| 99%| O|  |TS  0|AC  0|TAMS 0x00000007047ffee8, 0x00000007047ffee8|
|  72|0x0000000704800000, 0x00000007048ffff0, 0x0000000704900000| 99%| O|  |TS  0|AC  0|TAMS 0x00000007048ffff0, 0x00000007048ffff0|
|  73|0x0000000704900000, 0x00000007049ffff0, 0x0000000704a00000| 99%| O|  |TS  0|AC  0|TAMS 0x00000007049ffff0, 0x00000007049ffff0|
|  74|0x0000000704a00000, 0x0000000704afff20, 0x0000000704b00000| 99%| O|  |TS  0|AC  0|TAMS 0x0000000704afff20, 0x0000000704afff20|
|  75|0x0000000704b00000, 0x0000000704bfff48, 0x0000000704c00000| 99%| O|  |TS  0|AC  0|TAMS 0x0000000704bfff48, 0x0000000704bfff48|
|  76|0x0000000704c00000, 0x0000000704cfff70, 0x0000000704d00000| 99%| O|  |TS  0|AC  0|TAMS 0x0000000704cfff70, 0x0000000704cfff70|
|  77|0x0000000704d00000, 0x0000000704e00000, 0x0000000704e00000|100%| O|  |TS  0|AC  0|TAMS 0x0000000704e00000, 0x0000000704e00000|
|  78|0x0000000704e00000, 0x0000000704effff8, 0x0000000704f00000| 99%| O|  |TS  0|AC  0|TAMS 0x0000000704effff8, 0x0000000704effff8|
|  79|0x0000000704f00000, 0x0000000704ffff18, 0x0000000705000000| 99%| O|  |TS  0|AC  0|TAMS 0x0000000704ffff18, 0x0000000704ffff18|
|  80|0x0000000705000000, 0x00000007050fffe8, 0x0000000705100000| 99%| O|  |TS  0|AC  0|TAMS 0x00000007050fffe8, 0x00000007050fffe8|
|  81|0x0000000705100000, 0x00000007051fff70, 0x0000000705200000| 99%| O|  |TS  0|AC  0|TAMS 0x00000007051fff70, 0x00000007051fff70|
|  82|0x0000000705200000, 0x00000007052fff38, 0x0000000705300000| 99%| O|  |TS  0|AC  0|TAMS 0x00000007052fff38, 0x00000007052fff38|
|  83|0x0000000705300000, 0x0000000705400000, 0x0000000705400000|100%| O|  |TS  0|AC  0|TAMS 0x0000000705400000, 0x0000000705400000|
|  84|0x0000000705400000, 0x00000007054ffff0, 0x0000000705500000| 99%| O|  |TS  0|AC  0|TAMS 0x00000007054ffff0, 0x00000007054ffff0|
|  85|0x0000000705500000, 0x00000007055ffff8, 0x0000000705600000| 99%| O|  |TS  0|AC  0|TAMS 0x00000007055ffff8, 0x00000007055ffff8|
|  86|0x0000000705600000, 0x00000007056ecc00, 0x0000000705700000| 92%| O|  |TS  1|AC  0|TAMS 0x00000007056df800, 0x00000007056df800|
|  87|0x0000000705700000, 0x0000000705700000, 0x0000000705800000|  0%| F|  |TS  0|AC  0|TAMS 0x0000000705700000, 0x0000000705700000|
|  88|0x0000000705800000, 0x0000000705900000, 0x0000000705900000|100%| O|  |TS  0|AC  0|TAMS 0x0000000705900000, 0x0000000705900000|
|  89|0x0000000705900000, 0x0000000705a00000, 0x0000000705a00000|100%| O|  |TS  0|AC  0|TAMS 0x0000000705a00000, 0x0000000705a00000|
|  90|0x0000000705a00000, 0x0000000705b00000, 0x0000000705b00000|100%|HS|  |TS  0|AC  0|TAMS 0x0000000705b00000, 0x0000000705b00000|
|  91|0x0000000705b00000, 0x0000000705c00000, 0x0000000705c00000|100%|HC|  |TS  0|AC  0|TAMS 0x0000000705c00000, 0x0000000705c00000|
|  92|0x0000000705c00000, 0x0000000705d00000, 0x0000000705d00000|100%| O|  |TS  0|AC  0|TAMS 0x0000000705d00000, 0x0000000705d00000|
|  93|0x0000000705d00000, 0x0000000705e00000, 0x0000000705e00000|100%| O|  |TS  0|AC  0|TAMS 0x0000000705e00000, 0x0000000705e00000|
|  94|0x0000000705e00000, 0x0000000705f00000, 0x0000000705f00000|100%| O|  |TS  0|AC  0|TAMS 0x0000000705f00000, 0x0000000705f00000|
|  95|0x0000000705f00000, 0x0000000706000000, 0x0000000706000000|100%| O|  |TS  0|AC  0|TAMS 0x0000000706000000, 0x0000000706000000|
|  96|0x0000000706000000, 0x0000000706100000, 0x0000000706100000|100%| O|  |TS  0|AC  0|TAMS 0x0000000706100000, 0x0000000706100000|
|  97|0x0000000706100000, 0x0000000706200000, 0x0000000706200000|100%| O|  |TS  0|AC  0|TAMS 0x0000000706200000, 0x0000000706200000|
|  98|0x0000000706200000, 0x0000000706200000, 0x0000000706300000|  0%| F|  |TS  0|AC  0|TAMS 0x0000000706200000, 0x0000000706200000|
|  99|0x0000000706300000, 0x0000000706300000, 0x0000000706400000|  0%| F|  |TS  0|AC  0|TAMS 0x0000000706300000, 0x0000000706300000|
| 100|0x0000000706400000, 0x0000000706400000, 0x0000000706500000|  0%| F|  |TS  0|AC  0|TAMS 0x0000000706400000, 0x0000000706400000|
| 101|0x0000000706500000, 0x0000000706500000, 0x0000000706600000|  0%| F|  |TS  0|AC  0|TAMS 0x0000000706500000, 0x0000000706500000|
| 102|0x0000000706600000, 0x0000000706600000, 0x0000000706700000|  0%| F|  |TS  0|AC  0|TAMS 0x0000000706600000, 0x0000000706600000|
| 103|0x0000000706700000, 0x0000000706700000, 0x0000000706800000|  0%| F|  |TS  0|AC  0|TAMS 0x0000000706700000, 0x0000000706700000|
| 104|0x0000000706800000, 0x0000000706800000, 0x0000000706900000|  0%| F|  |TS  0|AC  0|TAMS 0x0000000706800000, 0x0000000706800000|
| 105|0x0000000706900000, 0x0000000706900000, 0x0000000706a00000|  0%| F|  |TS  0|AC  0|TAMS 0x0000000706900000, 0x0000000706900000|
| 106|0x0000000706a00000, 0x0000000706a00000, 0x0000000706b00000|  0%| F|  |TS  0|AC  0|TAMS 0x0000000706a00000, 0x0000000706a00000|
| 107|0x0000000706b00000, 0x0000000706b00000, 0x0000000706c00000|  0%| F|  |TS  0|AC  0|TAMS 0x0000000706b00000, 0x0000000706b00000|
| 108|0x0000000706c00000, 0x0000000706c00000, 0x0000000706d00000|  0%| F|  |TS  0|AC  0|TAMS 0x0000000706c00000, 0x0000000706c00000|
| 109|0x0000000706d00000, 0x0000000706d00000, 0x0000000706e00000|  0%| F|  |TS  0|AC  0|TAMS 0x0000000706d00000, 0x0000000706d00000|
| 110|0x0000000706e00000, 0x0000000706e3bb48, 0x0000000706f00000| 23%| S|CS|TS  1|AC  0|TAMS 0x0000000706e00000, 0x0000000706e00000|
| 111|0x0000000706f00000, 0x0000000707000000, 0x0000000707000000|100%| S|CS|TS  1|AC  0|TAMS 0x0000000706f00000, 0x0000000706f00000|
| 112|0x0000000707000000, 0x0000000707000000, 0x0000000707100000|  0%| F|  |TS  1|AC  0|TAMS 0x0000000707000000, 0x0000000707000000|
| 113|0x0000000707100000, 0x0000000707100000, 0x0000000707200000|  0%| F|  |TS  1|AC  0|TAMS 0x0000000707100000, 0x0000000707100000|
| 114|0x0000000707200000, 0x0000000707200000, 0x0000000707300000|  0%| F|  |TS  1|AC  0|TAMS 0x0000000707200000, 0x0000000707200000|
| 115|0x0000000707300000, 0x0000000707300000, 0x0000000707400000|  0%| F|  |TS  1|AC  0|TAMS 0x0000000707300000, 0x0000000707300000|
| 116|0x0000000707400000, 0x0000000707400000, 0x0000000707500000|  0%| F|  |TS  1|AC  0|TAMS 0x0000000707400000, 0x0000000707400000|
| 117|0x0000000707500000, 0x0000000707500000, 0x0000000707600000|  0%| F|  |TS  1|AC  0|TAMS 0x0000000707500000, 0x0000000707500000|
| 118|0x0000000707600000, 0x0000000707600000, 0x0000000707700000|  0%| F|  |TS  1|AC  0|TAMS 0x0000000707600000, 0x0000000707600000|
| 119|0x0000000707700000, 0x0000000707700000, 0x0000000707800000|  0%| F|  |TS  1|AC  0|TAMS 0x0000000707700000, 0x0000000707700000|
| 120|0x0000000707800000, 0x0000000707800000, 0x0000000707900000|  0%| F|  |TS  1|AC  0|TAMS 0x0000000707800000, 0x0000000707800000|
| 121|0x0000000707900000, 0x0000000707900000, 0x0000000707a00000|  0%| F|  |TS  1|AC  0|TAMS 0x0000000707900000, 0x0000000707900000|
| 122|0x0000000707a00000, 0x0000000707a00000, 0x0000000707b00000|  0%| F|  |TS  1|AC  0|TAMS 0x0000000707a00000, 0x0000000707a00000|
| 123|0x0000000707b00000, 0x0000000707b00000, 0x0000000707c00000|  0%| F|  |TS  1|AC  0|TAMS 0x0000000707b00000, 0x0000000707b00000|
| 124|0x0000000707c00000, 0x0000000707c00000, 0x0000000707d00000|  0%| F|  |TS  1|AC  0|TAMS 0x0000000707c00000, 0x0000000707c00000|
| 125|0x0000000707d00000, 0x0000000707d00000, 0x0000000707e00000|  0%| F|  |TS  1|AC  0|TAMS 0x0000000707d00000, 0x0000000707d00000|
| 126|0x0000000707e00000, 0x0000000707e00000, 0x0000000707f00000|  0%| F|  |TS  1|AC  0|TAMS 0x0000000707e00000, 0x0000000707e00000|
| 127|0x0000000707f00000, 0x0000000707f00000, 0x0000000708000000|  0%| F|  |TS  1|AC  0|TAMS 0x0000000707f00000, 0x0000000707f00000|
| 128|0x0000000708000000, 0x0000000708000000, 0x0000000708100000|  0%| F|  |TS  1|AC  0|TAMS 0x0000000708000000, 0x0000000708000000|
| 129|0x0000000708100000, 0x0000000708100000, 0x0000000708200000|  0%| F|  |TS  1|AC  0|TAMS 0x0000000708100000, 0x0000000708100000|
| 130|0x0000000708200000, 0x0000000708200000, 0x0000000708300000|  0%| F|  |TS  1|AC  0|TAMS 0x0000000708200000, 0x0000000708200000|
| 131|0x0000000708300000, 0x0000000708300000, 0x0000000708400000|  0%| F|  |TS  1|AC  0|TAMS 0x0000000708300000, 0x0000000708300000|
| 132|0x0000000708400000, 0x0000000708400000, 0x0000000708500000|  0%| F|  |TS  1|AC  0|TAMS 0x0000000708400000, 0x0000000708400000|
| 133|0x0000000708500000, 0x0000000708500000, 0x0000000708600000|  0%| F|  |TS  1|AC  0|TAMS 0x0000000708500000, 0x0000000708500000|
| 134|0x0000000708600000, 0x0000000708600000, 0x0000000708700000|  0%| F|  |TS  1|AC  0|TAMS 0x0000000708600000, 0x0000000708600000|
| 135|0x0000000708700000, 0x0000000708700000, 0x0000000708800000|  0%| F|  |TS  1|AC  0|TAMS 0x0000000708700000, 0x0000000708700000|
| 136|0x0000000708800000, 0x0000000708800000, 0x0000000708900000|  0%| F|  |TS  1|AC  0|TAMS 0x0000000708800000, 0x0000000708800000|
| 137|0x0000000708900000, 0x0000000708900000, 0x0000000708a00000|  0%| F|  |TS  1|AC  0|TAMS 0x0000000708900000, 0x0000000708900000|
| 138|0x0000000708a00000, 0x0000000708a00000, 0x0000000708b00000|  0%| F|  |TS  1|AC  0|TAMS 0x0000000708a00000, 0x0000000708a00000|
| 139|0x0000000708b00000, 0x0000000708b00000, 0x0000000708c00000|  0%| F|  |TS  1|AC  0|TAMS 0x0000000708b00000, 0x0000000708b00000|
| 140|0x0000000708c00000, 0x0000000708c00000, 0x0000000708d00000|  0%| F|  |TS  1|AC  0|TAMS 0x0000000708c00000, 0x0000000708c00000|
| 141|0x0000000708d00000, 0x0000000708d00000, 0x0000000708e00000|  0%| F|  |TS  1|AC  0|TAMS 0x0000000708d00000, 0x0000000708d00000|
| 142|0x0000000708e00000, 0x0000000708e00000, 0x0000000708f00000|  0%| F|  |TS  1|AC  0|TAMS 0x0000000708e00000, 0x0000000708e00000|
| 143|0x0000000708f00000, 0x0000000708f00000, 0x0000000709000000|  0%| F|  |TS  1|AC  0|TAMS 0x0000000708f00000, 0x0000000708f00000|
| 144|0x0000000709000000, 0x0000000709000000, 0x0000000709100000|  0%| F|  |TS  1|AC  0|TAMS 0x0000000709000000, 0x0000000709000000|
| 145|0x0000000709100000, 0x0000000709100000, 0x0000000709200000|  0%| F|  |TS  1|AC  0|TAMS 0x0000000709100000, 0x0000000709100000|
| 146|0x0000000709200000, 0x0000000709200000, 0x0000000709300000|  0%| F|  |TS  1|AC  0|TAMS 0x0000000709200000, 0x0000000709200000|
| 147|0x0000000709300000, 0x0000000709300000, 0x0000000709400000|  0%| F|  |TS  1|AC  0|TAMS 0x0000000709300000, 0x0000000709300000|
| 148|0x0000000709400000, 0x0000000709400000, 0x0000000709500000|  0%| F|  |TS  1|AC  0|TAMS 0x0000000709400000, 0x0000000709400000|
| 149|0x0000000709500000, 0x0000000709500000, 0x0000000709600000|  0%| F|  |TS  1|AC  0|TAMS 0x0000000709500000, 0x0000000709500000|
| 150|0x0000000709600000, 0x0000000709600000, 0x0000000709700000|  0%| F|  |TS  1|AC  0|TAMS 0x0000000709600000, 0x0000000709600000|
| 151|0x0000000709700000, 0x0000000709700000, 0x0000000709800000|  0%| F|  |TS  1|AC  0|TAMS 0x0000000709700000, 0x0000000709700000|
| 152|0x0000000709800000, 0x0000000709800000, 0x0000000709900000|  0%| F|  |TS  1|AC  0|TAMS 0x0000000709800000, 0x0000000709800000|
| 153|0x0000000709900000, 0x0000000709900000, 0x0000000709a00000|  0%| F|  |TS  1|AC  0|TAMS 0x0000000709900000, 0x0000000709900000|
| 154|0x0000000709a00000, 0x0000000709a0a868, 0x0000000709b00000|  4%| E|  |TS  1|AC  0|TAMS 0x0000000709a00000, 0x0000000709a00000|
| 155|0x0000000709b00000, 0x0000000709c00000, 0x0000000709c00000|100%| E|CS|TS  1|AC  0|TAMS 0x0000000709b00000, 0x0000000709b00000|
| 156|0x0000000709c00000, 0x0000000709d00000, 0x0000000709d00000|100%| E|CS|TS  1|AC  0|TAMS 0x0000000709c00000, 0x0000000709c00000|
| 157|0x0000000709d00000, 0x0000000709e00000, 0x0000000709e00000|100%| E|CS|TS  1|AC  0|TAMS 0x0000000709d00000, 0x0000000709d00000|
| 158|0x0000000709e00000, 0x0000000709f00000, 0x0000000709f00000|100%| E|CS|TS  1|AC  0|TAMS 0x0000000709e00000, 0x0000000709e00000|
| 159|0x0000000709f00000, 0x000000070a000000, 0x000000070a000000|100%| E|CS|TS  1|AC  0|TAMS 0x0000000709f00000, 0x0000000709f00000|
| 160|0x000000070a000000, 0x000000070a100000, 0x000000070a100000|100%| E|CS|TS  1|AC  0|TAMS 0x000000070a000000, 0x000000070a000000|
| 161|0x000000070a100000, 0x000000070a200000, 0x000000070a200000|100%| E|CS|TS  1|AC  0|TAMS 0x000000070a100000, 0x000000070a100000|
| 162|0x000000070a200000, 0x000000070a300000, 0x000000070a300000|100%| E|CS|TS  1|AC  0|TAMS 0x000000070a200000, 0x000000070a200000|
| 163|0x000000070a300000, 0x000000070a400000, 0x000000070a400000|100%| E|CS|TS  1|AC  0|TAMS 0x000000070a300000, 0x000000070a300000|
| 164|0x000000070a400000, 0x000000070a500000, 0x000000070a500000|100%| E|CS|TS  1|AC  0|TAMS 0x000000070a400000, 0x000000070a400000|
| 165|0x000000070a500000, 0x000000070a600000, 0x000000070a600000|100%| E|CS|TS  1|AC  0|TAMS 0x000000070a500000, 0x000000070a500000|
| 166|0x000000070a600000, 0x000000070a700000, 0x000000070a700000|100%| E|CS|TS  1|AC  0|TAMS 0x000000070a600000, 0x000000070a600000|
| 167|0x000000070a700000, 0x000000070a800000, 0x000000070a800000|100%| E|CS|TS  1|AC  0|TAMS 0x000000070a700000, 0x000000070a700000|
| 168|0x000000070a800000, 0x000000070a900000, 0x000000070a900000|100%| E|CS|TS  1|AC  0|TAMS 0x000000070a800000, 0x000000070a800000|
| 169|0x000000070a900000, 0x000000070aa00000, 0x000000070aa00000|100%| E|CS|TS  1|AC  0|TAMS 0x000000070a900000, 0x000000070a900000|
| 170|0x000000070aa00000, 0x000000070ab00000, 0x000000070ab00000|100%| E|CS|TS  1|AC  0|TAMS 0x000000070aa00000, 0x000000070aa00000|
| 171|0x000000070ab00000, 0x000000070ac00000, 0x000000070ac00000|100%| E|CS|TS  1|AC  0|TAMS 0x000000070ab00000, 0x000000070ab00000|

Card table byte_map: [0x000002204e810000,0x000002204ee10000] byte_map_base: 0x000002204b010000

Marking Bits (Prev, Next): (CMBitMap*) 0x000002204c994720, (CMBitMap*) 0x000002204c994758
 Prev Bits: [0x000002206a030000, 0x000002206d030000)
 Next Bits: [0x000002206d030000, 0x0000022070030000)

Polling page: 0x0000022047f70000

CodeHeap 'non-profiled nmethods': size=120000Kb used=23644Kb max_used=24728Kb free=96355Kb
 bounds [0x0000022062b00000, 0x0000022064330000, 0x000002206a030000]
CodeHeap 'profiled nmethods': size=120000Kb used=41526Kb max_used=45508Kb free=78474Kb
 bounds [0x000002205b5d0000, 0x000002205e330000, 0x0000022062b00000]
CodeHeap 'non-nmethods': size=5760Kb used=1861Kb max_used=1897Kb free=3898Kb
 bounds [0x000002205b030000, 0x000002205b2a0000, 0x000002205b5d0000]
 total_blobs=37590 nmethods=18450 adapters=1225
 compilation: enabled

Compilation events (10 events):
Event: 9155.237 Thread 0x0000022052e44000 nmethod 25366 0x000002206333d990 code [0x000002206333db40, 0x000002206333dc58]
Event: 9155.244 Thread 0x0000022052e44000 25367       3       com.jidesoft.swing.Contour::updateCursor (315 bytes)
Event: 9155.245 Thread 0x0000022052b7e000 nmethod 25363 0x0000022063a4a310 code [0x0000022063a4a800, 0x0000022063a4f688]
Event: 9155.245 Thread 0x0000022052e44000 nmethod 25367 0x000002205cafcc10 code [0x000002205cafd020, 0x000002205cafe980]
Event: 9155.306 Thread 0x0000022052e44000 25369       3       java.awt.event.MouseMotionAdapter::mouseDragged (1 bytes)
Event: 9155.307 Thread 0x0000022052e44000 nmethod 25369 0x000002205b873090 code [0x000002205b873240, 0x000002205b873398]
Event: 9155.307 Thread 0x0000022052e44000 25368       1       com.jidesoft.swing.Contour::setAttachedComponent (6 bytes)
Event: 9155.307 Thread 0x0000022052e44000 nmethod 25368 0x00000220633fb890 code [0x00000220633fba40, 0x00000220633fbbb8]
Event: 9155.879 Thread 0x0000022052e44000 25370       3       ui.views.B.b.Z::getTableCellRendererComponent (311 bytes)
Event: 9155.881 Thread 0x0000022052e44000 nmethod 25370 0x000002205caf7690 code [0x000002205caf7cc0, 0x000002205cafb9c0]

GC Heap History (10 events):
Event: 9145.986 GC heap before
{Heap before GC invocations=628 (full 7):
 garbage-first heap   total 176128K, used 160145K [0x0000000700000000, 0x0000000700100560, 0x00000007c0000000)
  region size 1024K, 60 young (61440K), 1 survivors (1024K)
 Metaspace       used 88124K, capacity 90758K, committed 97920K, reserved 1132544K
  class space    used 12703K, capacity 13229K, committed 14720K, reserved 1048576K
}
Event: 9145.989 GC heap after
{Heap after GC invocations=629 (full 7):
 garbage-first heap   total 176128K, used 99753K [0x0000000700000000, 0x0000000700100560, 0x00000007c0000000)
  region size 1024K, 2 young (2048K), 2 survivors (2048K)
 Metaspace       used 88124K, capacity 90758K, committed 97920K, reserved 1132544K
  class space    used 12703K, capacity 13229K, committed 14720K, reserved 1048576K
}
Event: 9146.337 GC heap before
{Heap before GC invocations=629 (full 7):
 garbage-first heap   total 176128K, used 159145K [0x0000000700000000, 0x0000000700100560, 0x00000007c0000000)
  region size 1024K, 60 young (61440K), 2 survivors (2048K)
 Metaspace       used 88124K, capacity 90758K, committed 97920K, reserved 1132544K
  class space    used 12703K, capacity 13229K, committed 14720K, reserved 1048576K
}
Event: 9146.340 GC heap after
{Heap after GC invocations=630 (full 7):
 garbage-first heap   total 176128K, used 99737K [0x0000000700000000, 0x0000000700100560, 0x00000007c0000000)
  region size 1024K, 1 young (1024K), 1 survivors (1024K)
 Metaspace       used 88124K, capacity 90758K, committed 97920K, reserved 1132544K
  class space    used 12703K, capacity 13229K, committed 14720K, reserved 1048576K
}
Event: 9146.623 GC heap before
{Heap before GC invocations=631 (full 7):
 garbage-first heap   total 176128K, used 160153K [0x0000000700000000, 0x0000000700100560, 0x00000007c0000000)
  region size 1024K, 60 young (61440K), 1 survivors (1024K)
 Metaspace       used 88124K, capacity 90758K, committed 97920K, reserved 1132544K
  class space    used 12703K, capacity 13229K, committed 14720K, reserved 1048576K
}
Event: 9146.626 GC heap after
{Heap after GC invocations=632 (full 7):
 garbage-first heap   total 176128K, used 99797K [0x0000000700000000, 0x0000000700100560, 0x00000007c0000000)
  region size 1024K, 1 young (1024K), 1 survivors (1024K)
 Metaspace       used 88124K, capacity 90758K, committed 97920K, reserved 1132544K
  class space    used 12703K, capacity 13229K, committed 14720K, reserved 1048576K
}
Event: 9153.981 GC heap before
{Heap before GC invocations=632 (full 7):
 garbage-first heap   total 176128K, used 160213K [0x0000000700000000, 0x0000000700100560, 0x00000007c0000000)
  region size 1024K, 60 young (61440K), 1 survivors (1024K)
 Metaspace       used 88128K, capacity 90758K, committed 97920K, reserved 1132544K
  class space    used 12703K, capacity 13229K, committed 14720K, reserved 1048576K
}
Event: 9153.984 GC heap after
{Heap after GC invocations=633 (full 7):
 garbage-first heap   total 176128K, used 99810K [0x0000000700000000, 0x0000000700100560, 0x00000007c0000000)
  region size 1024K, 1 young (1024K), 1 survivors (1024K)
 Metaspace       used 88128K, capacity 90758K, committed 97920K, reserved 1132544K
  class space    used 12703K, capacity 13229K, committed 14720K, reserved 1048576K
}
Event: 9155.137 GC heap before
{Heap before GC invocations=634 (full 7):
 garbage-first heap   total 176128K, used 160226K [0x0000000700000000, 0x0000000700100560, 0x00000007c0000000)
  region size 1024K, 60 young (61440K), 1 survivors (1024K)
 Metaspace       used 88146K, capacity 90758K, committed 97920K, reserved 1132544K
  class space    used 12703K, capacity 13229K, committed 14720K, reserved 1048576K
}
Event: 9155.140 GC heap after
{Heap after GC invocations=635 (full 7):
 garbage-first heap   total 176128K, used 100149K [0x0000000700000000, 0x0000000700100560, 0x00000007c0000000)
  region size 1024K, 2 young (2048K), 2 survivors (2048K)
 Metaspace       used 88146K, capacity 90758K, committed 97920K, reserved 1132544K
  class space    used 12703K, capacity 13229K, committed 14720K, reserved 1048576K
}

Deoptimization events (10 events):
Event: 8635.250 Thread 0x0000022071945800 Uncommon trap: reason=unstable_if action=reinterpret pc=0x0000022063f37144 method=com.jidesoft.plaf.basic.BasicStyledLabelUI.internalPaintStyledText(Lcom/jidesoft/swing/StyledLabel;Ljava/awt/Graphics;III)I @ 8 c2
Event: 8635.527 Thread 0x0000022071945800 Uncommon trap: reason=unstable_if action=reinterpret pc=0x00000220635ac518 method=java.awt.Component.disable()V @ 34 c2
Event: 8635.617 Thread 0x0000022071945800 Uncommon trap: reason=unstable_if action=reinterpret pc=0x000002206345b680 method=com.jidesoft.swing.GradientInfo.isEquivalent(Lcom/jidesoft/swing/GradientInfo;)Z @ 36 c2
Event: 9135.790 Thread 0x0000022071945800 Uncommon trap: reason=unstable_if action=reinterpret pc=0x0000022062b6c1d0 method=javax.swing.text.html.parser.ContentModel.first(Ljava/lang/Object;)Z @ 193 c2
Event: 9146.870 Thread 0x000002207664b000 Uncommon trap: reason=class_check action=maybe_recompile pc=0x0000022063dd92f4 method=com.jidesoft.plaf.synthetica.AnimationThreadFactory$AnimationThread.run()V @ 130 c2
Event: 9146.870 Thread 0x000002207664b000 Uncommon trap: reason=unstable_if action=reinterpret pc=0x0000022063bee034 method=com.jidesoft.plaf.synthetica.AnimationThreadFactory$AnimationThread$ComponentAnimation.next()Z @ 18 c2
Event: 9154.358 Thread 0x0000022071945800 Uncommon trap: reason=unstable_if action=reinterpret pc=0x00000220640766f8 method=com.jidesoft.swing.JideSwingUtilities.isAncestorOfFocusOwner(Ljava/awt/Component;)Z @ 11 c2
Event: 9154.358 Thread 0x0000022071945800 Uncommon trap: reason=unstable_if action=reinterpret pc=0x0000022063c60620 method=com.jidesoft.swing.JideSwingUtilities.isAncestorOfFocusOwner(Ljava/awt/Component;)Z @ 11 c2
Event: 9154.358 Thread 0x0000022071945800 Uncommon trap: reason=unstable_if action=reinterpret pc=0x000002206400cdb4 method=com.jidesoft.swing.JideSwingUtilities.isAncestorOfFocusOwner(Ljava/awt/Component;)Z @ 11 c2
Event: 9154.358 Thread 0x0000022071945800 Uncommon trap: reason=unstable_if action=reinterpret pc=0x00000220639d5468 method=com.jidesoft.swing.JideSwingUtilities.isAncestorOfFocusOwner(Ljava/awt/Component;)Z @ 11 c2

Classes redefined (0 events):
No events

Internal exceptions (10 events):
Event: 8646.635 Thread 0x0000022071945800 Exception <a 'java/lang/NoSuchMethodError'{0x0000000707a2db00}: java.lang.invoke.DirectMethodHandle$Holder.invokeStatic(Ljava/lang/Object;Ljava/lang/Object;Ljava/lang/Object;Ljava/lang/Object;IILjava/lang/Object;Ljava/lang/Object;Ljava/lang/Object;Ljava/l
Event: 8646.637 Thread 0x0000022071945800 Exception <a 'java/lang/NoSuchMethodError'{0x0000000707a4a540}: java.lang.invoke.DirectMethodHandle$Holder.invokeStatic(Ljava/lang/Object;Ljava/lang/Object;Ljava/lang/Object;Ljava/lang/Object;IILjava/lang/Object;Ljava/lang/Object;Ljava/lang/Object;Ljava/l
Event: 8646.638 Thread 0x0000022071945800 Exception <a 'java/lang/NoSuchMethodError'{0x0000000707a68428}: java.lang.invoke.DirectMethodHandle$Holder.invokeStatic(Ljava/lang/Object;Ljava/lang/Object;Ljava/lang/Object;Ljava/lang/Object;IILjava/lang/Object;Ljava/lang/Object;Ljava/lang/Object;Ljava/l
Event: 8646.638 Thread 0x0000022071945800 Exception <a 'java/lang/NoSuchMethodError'{0x0000000707a87ac8}: method resolution failed> (0x0000000707a87ac8) thrown at [t:/workspace/hotspot/src/share/vm/prims/methodHandles.cpp, line 1256]
Event: 8646.639 Thread 0x0000022071945800 Exception <a 'java/lang/NoSuchMethodError'{0x0000000707aa84b0}: method resolution failed> (0x0000000707aa84b0) thrown at [t:/workspace/hotspot/src/share/vm/prims/methodHandles.cpp, line 1256]
Event: 8646.640 Thread 0x0000022071945800 Exception <a 'java/lang/NoSuchMethodError'{0x0000000707aca610}: method resolution failed> (0x0000000707aca610) thrown at [t:/workspace/hotspot/src/share/vm/prims/methodHandles.cpp, line 1256]
Event: 8646.640 Thread 0x0000022071945800 Exception <a 'java/lang/NoSuchMethodError'{0x0000000707aede68}: method resolution failed> (0x0000000707aede68) thrown at [t:/workspace/hotspot/src/share/vm/prims/methodHandles.cpp, line 1256]
Event: 8646.641 Thread 0x0000022071945800 Exception <a 'java/lang/NoSuchMethodError'{0x0000000707afe1f0}: method resolution failed> (0x0000000707afe1f0) thrown at [t:/workspace/hotspot/src/share/vm/prims/methodHandles.cpp, line 1256]
Event: 8646.641 Thread 0x0000022071945800 Exception <a 'java/lang/NoSuchMethodError'{0x00000007079040a0}: java.lang.invoke.DelegatingMethodHandle$Holder.reinvoke_L(Ljava/lang/Object;Ljava/lang/Object;Ljava/lang/Object;Ljava/lang/Object;Ljava/lang/Object;IILjava/lang/Object;Ljava/lang/Object;IILja
Event: 9137.903 Thread 0x000002207664e000 Exception <a 'java/lang/InterruptedException'{0x000000070a7ad3b0}: sleep interrupted> (0x000000070a7ad3b0) thrown at [t:/workspace/hotspot/src/share/vm/prims/jvm.cpp, line 2984]

Events (10 events):
Event: 9156.093 Thread 0x000002207664d800 Thread added: 0x000002207664d800
Event: 9156.095 Thread 0x000002207664d800 Thread exited: 0x000002207664d800
Event: 9156.677 Thread 0x000002207664e000 Thread added: 0x000002207664e000
Event: 9156.679 Thread 0x000002207664e000 Thread exited: 0x000002207664e000
Event: 9157.094 Thread 0x000002207664d800 Thread added: 0x000002207664d800
Event: 9157.096 Thread 0x000002207664d800 Thread exited: 0x000002207664d800
Event: 9157.678 Thread 0x000002207664e000 Thread added: 0x000002207664e000
Event: 9157.680 Thread 0x000002207664e000 Thread exited: 0x000002207664e000
Event: 9157.888 loading class ui/views/B/a/F
Event: 9157.888 loading class ui/views/B/a/F done


Dynamic libraries:
0x00007ff75df70000 - 0x00007ff75dfa0000 	C:\Xilinx\Vivado\2018.3\bin\unwrapped\win64.o\vivado.exe
0x00007ff86b770000 - 0x00007ff86b984000 	C:\WINDOWS\SYSTEM32\ntdll.dll
0x00007ff86a9b0000 - 0x00007ff86aa73000 	C:\WINDOWS\System32\KERNEL32.DLL
0x00007ff868b90000 - 0x00007ff868f2d000 	C:\WINDOWS\System32\KERNELBASE.dll
0x00007ff868fd0000 - 0x00007ff8690e1000 	C:\WINDOWS\System32\ucrtbase.dll
0x00007ff8450f0000 - 0x00007ff84517e000 	C:\WINDOWS\SYSTEM32\MSVCP140.dll
0x00007ff850810000 - 0x00007ff850824000 	C:\Xilinx\Vivado\2018.3\lib\win64.o\libboost_signals.dll
0x00007ff845180000 - 0x00007ff84519b000 	C:\WINDOWS\SYSTEM32\VCRUNTIME140.dll
0x00007fffc2950000 - 0x00007fffc37e4000 	C:\Xilinx\Vivado\2018.3\lib\win64.o\librdi_common.dll
0x00007ff8450c0000 - 0x00007ff8450cc000 	C:\WINDOWS\SYSTEM32\VCRUNTIME140_1.dll
0x00007ff84fef0000 - 0x00007ff84ff04000 	C:\Xilinx\Vivado\2018.3\lib\win64.o\librdi_commonmain.dll
0x00007ff86a200000 - 0x00007ff86a3ad000 	C:\WINDOWS\System32\USER32.dll
0x00007ff868fa0000 - 0x00007ff868fc6000 	C:\WINDOWS\System32\win32u.dll
0x00007ff86b550000 - 0x00007ff86b579000 	C:\WINDOWS\System32\GDI32.dll
0x00007ff869230000 - 0x00007ff869342000 	C:\WINDOWS\System32\gdi32full.dll
0x00007fffcc010000 - 0x00007fffcc37e000 	C:\Xilinx\Vivado\2018.3\lib\win64.o\libCOIN-all.dll
0x00007ff869350000 - 0x00007ff8693ea000 	C:\WINDOWS\System32\msvcp_win.dll
0x00007fffc2690000 - 0x00007fffc2945000 	C:\Xilinx\Vivado\2018.3\lib\win64.o\libXil_lmgr11.dll
0x00007ff86b1f0000 - 0x00007ff86b2e7000 	C:\WINDOWS\System32\COMDLG32.dll
0x00007ff86b580000 - 0x00007ff86b62e000 	C:\WINDOWS\System32\ADVAPI32.dll
0x00007ff869e70000 - 0x00007ff86a1fa000 	C:\WINDOWS\System32\combase.dll
0x00007ff84aa40000 - 0x00007ff84aa54000 	C:\Xilinx\Vivado\2018.3\lib\win64.o\libboost_date_time.dll
0x00007ff86a3f0000 - 0x00007ff86a505000 	C:\WINDOWS\System32\RPCRT4.dll
0x00007ff86a5f0000 - 0x00007ff86a697000 	C:\WINDOWS\System32\msvcrt.dll
0x00007ff86afc0000 - 0x00007ff86b064000 	C:\WINDOWS\System32\sechost.dll
0x00007ff86b630000 - 0x00007ff86b721000 	C:\WINDOWS\System32\shcore.dll
0x00007ff869560000 - 0x00007ff869d4f000 	C:\WINDOWS\System32\SHELL32.dll
0x00007ff86b4f0000 - 0x00007ff86b54e000 	C:\WINDOWS\System32\SHLWAPI.dll
0x00007ff8474a0000 - 0x00007ff8474c6000 	C:\Xilinx\Vivado\2018.3\lib\win64.o\libboost_filesystem.dll
0x00007ff86a6a0000 - 0x00007ff86a777000 	C:\WINDOWS\System32\OLEAUT32.dll
0x00007ff86b350000 - 0x00007ff86b4ec000 	C:\WINDOWS\System32\ole32.dll
0x00007ff86b0f0000 - 0x00007ff86b161000 	C:\WINDOWS\System32\WS2_32.dll
0x00007ff846c60000 - 0x00007ff846cdf000 	C:\Xilinx\Vivado\2018.3\lib\win64.o\libboost_program_options.dll
0x00007ff868f30000 - 0x00007ff868f9b000 	C:\WINDOWS\System32\WINTRUST.dll
0x00007ff825a40000 - 0x00007ff825b54000 	C:\Xilinx\Vivado\2018.3\lib\win64.o\libboost_regex.dll
0x00007ff861200000 - 0x00007ff86120b000 	C:\Xilinx\Vivado\2018.3\lib\win64.o\libboost_system.dll
0x00007ff8693f0000 - 0x00007ff869556000 	C:\WINDOWS\System32\CRYPT32.dll
0x00007ff8473d0000 - 0x00007ff8473f1000 	C:\Xilinx\Vivado\2018.3\lib\win64.o\libboost_thread.dll
0x00007ff861130000 - 0x00007ff86113f000 	C:\Xilinx\Vivado\2018.3\lib\win64.o\libboost_xilinx.dll
0x00007ff8353d0000 - 0x00007ff835452000 	C:\Xilinx\Vivado\2018.3\lib\win64.o\libhdlpsolve.dll
0x00007ff823750000 - 0x00007ff8237f5000 	C:\Xilinx\Vivado\2018.3\lib\win64.o\libhdxml.dll
0x00007ff846c30000 - 0x00007ff846c5e000 	C:\Xilinx\Vivado\2018.3\lib\win64.o\libisl_sysinfo.dll
0x00007ff831130000 - 0x00007ff831195000 	C:\Xilinx\Vivado\2018.3\lib\win64.o\liblmx6.0.dll
0x00007ff835630000 - 0x00007ff83564a000 	C:\Xilinx\Vivado\2018.3\lib\win64.o\pthreadVC2.dll
0x00007ff823620000 - 0x00007ff823741000 	C:\Xilinx\Vivado\2018.3\lib\win64.o\librdi_commonxillic.dll
0x00007ff835610000 - 0x00007ff83562c000 	C:\Xilinx\Vivado\2018.3\lib\win64.o\librdiconfig.dll
0x00007ff835520000 - 0x00007ff835541000 	C:\Xilinx\Vivado\2018.3\lib\win64.o\librdizlib.dll
0x0000000012000000 - 0x0000000012272000 	C:\Xilinx\Vivado\2018.3\lib\win64.o\xerces-c_3_1.dll
0x00000000768c0000 - 0x00000000769eb000 	C:\Xilinx\Vivado\2018.3\lib\win64.o\tcl85t.dll
0x00007ff848980000 - 0x00007ff848999000 	C:\WINDOWS\SYSTEM32\NETAPI32.dll
0x00007ff85dc40000 - 0x00007ff85dc4a000 	C:\Xilinx\Vivado\2018.3\lib\win64.o\librdi_commonversion.dll
0x00007fffc1e40000 - 0x00007fffc268e600 	C:\Xilinx\Vivado\2018.3\lib\win64.o\libisl_iostreams.dll
0x00007ff84c5a0000 - 0x00007ff84ca94000 	C:\WINDOWS\SYSTEM32\WININET.dll
0x00007ff85d1b0000 - 0x00007ff85d2df000 	C:\WINDOWS\SYSTEM32\WINHTTP.dll
0x00007ff848380000 - 0x00007ff848570000 	C:\WINDOWS\SYSTEM32\urlmon.dll
0x00007ff8423c0000 - 0x00007ff8423c9000 	C:\WINDOWS\SYSTEM32\WSOCK32.dll
0x00007ff830830000 - 0x00007ff830861000 	C:\WINDOWS\SYSTEM32\VCOMP140.DLL
0x00007ff842570000 - 0x00007ff842623000 	C:\WINDOWS\WinSxS\amd64_microsoft.windows.common-controls_6595b64144ccf1df_5.82.22621.608_none_fb280a3c7926c2cc\COMCTL32.dll
0x00007fffc0fa0000 - 0x00007fffc1e31000 	C:\Xilinx\Vivado\2018.3\lib\win64.o\gurobi65.dll
0x00007ff85cc80000 - 0x00007ff85cc9f000 	C:\WINDOWS\SYSTEM32\dhcpcsvc.DLL
0x00007ff85daf0000 - 0x00007ff85dafd000 	C:\Xilinx\Vivado\2018.3\lib\win64.o\libboost_chrono.dll
0x00007ff8353b0000 - 0x00007ff8353cb000 	C:\Xilinx\Vivado\2018.3\lib\win64.o\libboost_iostreams.dll
0x00007ff831310000 - 0x00007ff831335000 	C:\Xilinx\Vivado\2018.3\lib\win64.o\libisl_iosutils.dll
0x00007ff84d680000 - 0x00007ff84d931000 	C:\WINDOWS\SYSTEM32\iertutil.dll
0x00007ff867820000 - 0x00007ff86782c000 	C:\WINDOWS\SYSTEM32\netutils.dll
0x00007ff851fc0000 - 0x00007ff851fe8000 	C:\WINDOWS\SYSTEM32\srvcli.dll
0x00007ff86a3b0000 - 0x00007ff86a3e2000 	C:\WINDOWS\System32\IMM32.DLL
0x00007ff868820000 - 0x00007ff868832000 	C:\WINDOWS\SYSTEM32\MSASN1.dll
0x00007ff867cb0000 - 0x00007ff867cc8000 	C:\WINDOWS\SYSTEM32\kernel.appcore.dll
0x00007fffc0aa0000 - 0x00007fffc0f95000 	C:\Xilinx\Vivado\2018.3\lib\win64.o\librdi_commontasks.dll
0x00007ff859850000 - 0x00007ff85985a000 	C:\WINDOWS\SYSTEM32\VERSION.dll
0x0000000075e90000 - 0x00000000768b5000 	C:\Xilinx\Vivado\2018.3\tps\win64\jre9.0.4\bin\server\jvm.dll
0x00007ff86b2f0000 - 0x00007ff86b2f8000 	C:\WINDOWS\System32\PSAPI.DLL
0x00007ff85d2e0000 - 0x00007ff85d314000 	C:\WINDOWS\SYSTEM32\WINMM.dll
0x00007fffc0820000 - 0x00007fffc0a9f000 	C:\Xilinx\Vivado\2018.3\lib\win64.o\librdi_sio.dll
0x00007ff821040000 - 0x00007ff82112f000 	C:\WINDOWS\SYSTEM32\MSVCR120.dll
0x00007ff867680000 - 0x00007ff8676ad000 	C:\WINDOWS\SYSTEM32\IPHLPAPI.DLL
0x00007ff868140000 - 0x00007ff8681a9000 	C:\WINDOWS\SYSTEM32\MSWSOCK.DLL
0x00007ff866b70000 - 0x00007ff867438000 	C:\WINDOWS\SYSTEM32\windows.storage.dll
0x00007ff866a30000 - 0x00007ff866b6e000 	C:\WINDOWS\SYSTEM32\wintypes.dll
0x00007fffbe450000 - 0x00007fffc0812000 	C:\Xilinx\Vivado\2018.3\lib\win64.o\librdi_tcltasks.dll
0x00007ff81bc50000 - 0x00007ff81bd2c000 	C:\Xilinx\Vivado\2018.3\lib\win64.o\librdi_chipscope.dll
0x00007ff828000000 - 0x00007ff82806a000 	C:\Xilinx\Vivado\2018.3\lib\win64.o\librdi_boarddep.dll
0x00007fffbe070000 - 0x00007fffbe44c000 	C:\Xilinx\Vivado\2018.3\lib\win64.o\librdi_bitstream.dll
0x00007ff81b2e0000 - 0x00007ff81b45e000 	C:\Xilinx\Vivado\2018.3\lib\win64.o\librdi_board.dll
0x00007ff819220000 - 0x00007ff8193d9000 	C:\Xilinx\Vivado\2018.3\lib\win64.o\librdi_chipscopeimpl.dll
0x00007ff819590000 - 0x00007ff8196d8000 	C:\Xilinx\Vivado\2018.3\lib\win64.o\librdi_containers.dll
0x00007fffba260000 - 0x00007fffba93a000 	C:\Xilinx\Vivado\2018.3\lib\win64.o\librdi_coregenipxact.dll
0x00007fffbc760000 - 0x00007fffbe065000 	C:\Xilinx\Vivado\2018.3\lib\win64.o\librdi_constraints.dll
0x00007fffb6460000 - 0x00007fffba25b000 	C:\Xilinx\Vivado\2018.3\lib\win64.o\librdi_designutils.dll
0x00007fffa53e0000 - 0x00007fffa56fb000 	C:\Xilinx\Vivado\2018.3\lib\win64.o\librdi_dlyest.dll
0x00007ff823550000 - 0x00007ff823612000 	C:\Xilinx\Vivado\2018.3\lib\win64.o\librdi_dsp.dll
0x00007fffba940000 - 0x00007fffbc75f000 	C:\Xilinx\Vivado\2018.3\lib\win64.o\librdi_coregen.dll
0x00007fffa4e80000 - 0x00007fffa53e0000 	C:\Xilinx\Vivado\2018.3\lib\win64.o\librdi_drc.dll
0x00007ff825260000 - 0x00007ff8252bd000 	C:\Xilinx\Vivado\2018.3\lib\win64.o\librdi_hdf.dll
0x00007fffa4840000 - 0x00007fffa4e7f000 	C:\Xilinx\Vivado\2018.3\lib\win64.o\librdi_filemgmt.dll
0x00007fffa2ba0000 - 0x00007fffa31b5000 	C:\Xilinx\Vivado\2018.3\lib\win64.o\librdi_memdata.dll
0x00007fffa5700000 - 0x00007fffb6452000 	C:\Xilinx\Vivado\2018.3\lib\win64.o\librdi_device.dll
0x00007ff820fc0000 - 0x00007ff821031000 	C:\Xilinx\Vivado\2018.3\lib\win64.o\librdi_memoryarray.dll
0x00007fffa31c0000 - 0x00007fffa4551000 	C:\Xilinx\Vivado\2018.3\lib\win64.o\librdi_implflow.dll
0x00007ff8281f0000 - 0x00007ff828240000 	C:\Xilinx\Vivado\2018.3\lib\win64.o\librdi_pfi.dll
0x00007fff9ebb0000 - 0x00007fff9f1eb000 	C:\Xilinx\Vivado\2018.3\lib\win64.o\librdi_netlist.dll
0x00007fffa4560000 - 0x00007fffa483a000 	C:\Xilinx\Vivado\2018.3\lib\win64.o\librdi_guitools.dll
0x00007fff9c380000 - 0x00007fff9c687000 	C:\Xilinx\Vivado\2018.3\lib\win64.o\librdi_platform.dll
0x00007fff9bc80000 - 0x00007fff9c375000 	C:\Xilinx\Vivado\2018.3\lib\win64.o\librdi_power.dll
0x00007fff9b720000 - 0x00007fff9bc76000 	C:\Xilinx\Vivado\2018.3\lib\win64.o\librdi_project.dll
0x00007fff9b020000 - 0x00007fff9b713000 	C:\Xilinx\Vivado\2018.3\lib\win64.o\librdi_psta.dll
0x00007fff9a940000 - 0x00007fff9b019000 	C:\Xilinx\Vivado\2018.3\lib\win64.o\librdi_rsb.dll
0x00007fff9c690000 - 0x00007fff9eba4000 	C:\Xilinx\Vivado\2018.3\lib\win64.o\librdi_place.dll
0x00007ff81ae40000 - 0x00007ff81af18000 	C:\Xilinx\Vivado\2018.3\lib\win64.o\librdi_runsbase.dll
0x00007fff9a560000 - 0x00007fff9a937000 	C:\Xilinx\Vivado\2018.3\lib\win64.o\librdi_runs.dll
0x00007fff9a330000 - 0x00007fff9a558000 	C:\Xilinx\Vivado\2018.3\lib\win64.o\librdi_simdata.dll
0x00007ff809e00000 - 0x00007ff809f54000 	C:\Xilinx\Vivado\2018.3\lib\win64.o\librdi_advchipscopeimpl.dll
0x00007fff995a0000 - 0x00007fff9a32d000 	C:\Xilinx\Vivado\2018.3\lib\win64.o\librdi_timing.dll
0x00007ff823920000 - 0x00007ff82396c000 	C:\Xilinx\Vivado\2018.3\lib\win64.o\libboost_serialization.dll
0x00007ff818f80000 - 0x00007ff819038000 	C:\Xilinx\Vivado\2018.3\lib\win64.o\librdi_hip_devdesign.dll
0x00007ff80fd10000 - 0x00007ff80fdbb000 	C:\Xilinx\Vivado\2018.3\lib\win64.o\librdi_ipconfig_readwrite.dll
0x00007ff8307f0000 - 0x00007ff830828000 	C:\Xilinx\Vivado\2018.3\lib\win64.o\librdi_noc_frameworks.dll
0x00007fff991e0000 - 0x00007fff99595000 	C:\Xilinx\Vivado\2018.3\lib\win64.o\librdi_hip_config.dll
0x00007fff98c90000 - 0x00007fff991de000 	C:\Xilinx\Vivado\2018.3\lib\win64.o\librdi_xdm.dll
0x00007ff80fc70000 - 0x00007ff80fd0e000 	C:\Xilinx\Vivado\2018.3\lib\win64.o\libise.dll
0x00007fff98140000 - 0x00007fff98c87000 	C:\Xilinx\Vivado\2018.3\lib\win64.o\libverific.dll
0x00007ff822ca0000 - 0x00007ff822ce9000 	C:\Xilinx\Vivado\2018.3\lib\win64.o\librdi_wavedata_SimpleApi.dll
0x00007fff97b50000 - 0x00007fff98134000 	C:\Xilinx\Vivado\2018.3\lib\win64.o\librdi_wavedata.dll
0x00007ff81bbe0000 - 0x00007ff81bc43000 	C:\Xilinx\Vivado\2018.3\lib\win64.o\librdi_hip_mathengine.dll
0x00007fff949a0000 - 0x00007fff94bf0000 	C:\Xilinx\Vivado\2018.3\lib\win64.o\librdi_hsm.dll
0x00007ff808ed0000 - 0x00007ff808f58000 	C:\Xilinx\Vivado\2018.3\lib\win64.o\librdi_meir_core.dll
0x00007fff96b40000 - 0x00007fff97b42000 	C:\Xilinx\Vivado\2018.3\lib\win64.o\librdi_route.dll

VM Arguments:
jvm_args: -Dsun.java2d.pmoffscreen=false -Dsun.java2d.xrender=false -Dsun.java2d.d3d=false -Dsun.awt.nopixfmt=true -Dsun.java2d.dpiaware=true -Dsun.java2d.uiScale.enabled=false -Xverify:none -Dswing.aatext=true -XX:-UsePerfData -Djdk.map.althashing.threshold=512 -XX:StringTableSize=4072 --add-opens=java.base/java.nio=ALL-UNNAMED --add-opens=java.desktop/sun.swing=ALL-UNNAMED --add-opens=java.desktop/javax.swing=ALL-UNNAMED --add-opens=java.desktop/javax.swing.tree=ALL-UNNAMED --add-opens=java.desktop/javax.swing.plaf.basic=ALL-UNNAMED --add-opens=java.desktop/javax.swing.plaf.synth=ALL-UNNAMED --add-opens=java.desktop/com.sun.awt=ALL-UNNAMED -XX:NewSize=60m -XX:MaxNewSize=60m -Xms128m -Xmx3072m -Xss5m 
java_command: <unknown>
java_class_path (initial): C:/Xilinx/Vivado/2018.3\lib\classes\alloy.jar;C:/Xilinx/Vivado/2018.3\lib\classes\autopilot.scelaborator.jar;C:/Xilinx/Vivado/2018.3\lib\classes\autopilot.sourceprocessor.jar;C:/Xilinx/Vivado/2018.3\lib\classes\autopilot.tbprocessor.jar;C:/Xilinx/Vivado/2018.3\lib\classes\batik-anim.jar;C:/Xilinx/Vivado/2018.3\lib\classes\batik-awt-util.jar;C:/Xilinx/Vivado/2018.3\lib\classes\batik-bridge.jar;C:/Xilinx/Vivado/2018.3\lib\classes\batik-codec.jar;C:/Xilinx/Vivado/2018.3\lib\classes\batik-css.jar;C:/Xilinx/Vivado/2018.3\lib\classes\batik-dom.jar;C:/Xilinx/Vivado/2018.3\lib\classes\batik-ext.jar;C:/Xilinx/Vivado/2018.3\lib\classes\batik-gui-util.jar;C:/Xilinx/Vivado/2018.3\lib\classes\batik-gvt.jar;C:/Xilinx/Vivado/2018.3\lib\classes\batik-parser.jar;C:/Xilinx/Vivado/2018.3\lib\classes\batik-script.jar;C:/Xilinx/Vivado/2018.3\lib\classes\batik-svg-dom.jar;C:/Xilinx/Vivado/2018.3\lib\classes\batik-swing.jar;C:/Xilinx/Vivado/2018.3\lib\classes\batik-transcoder.jar;C:/Xilinx/Vivado/2018.3\lib\classes\batik-util.jar;C:/Xilinx/Vivado/2018.3\lib\classes\batik-xml.jar;C:/Xilinx/Vivado/2018.3\lib\classes\com.ibm.icu_4.4.2.v20110208.jar;C:/Xilinx/Vivado/2018.3\lib\classes\commons-collections4-4.1.jar;C:/Xilinx/Vivado/2018.3\lib\classes\commons-math-2.2.jar;C:/Xilinx/Vivado/2018.3\lib\classes\dom4j-1.6.1.jar;C:/Xilinx/Vivado/2018.3\lib\classes\guava-18.0.jar;C:/Xilinx/Vivado/2018.3\lib\classes\help.jar;C:/Xilinx/Vivado/2018.3\lib\classes\hsqldb.jar;C:/Xilinx/Vivado/2018.3\lib\classes\jargs.jar;C:/Xilinx/Vivado/2018.3\lib\classes\jaxb-api-2.3.0.jar;C:/Xilinx/Vivado/2018.3\lib\classes\jh.jar;C:/Xilinx/Vivado/2018.3\lib\classes\jide-action.jar;C:/Xilinx/Vivado/2018.3\lib\classes\jide-charts.jar;C:/Xilinx/Vivado/2018.3\lib\classes\jide-common.jar;C:/Xilinx/Vivado/2018.3\lib\classes\jide-components.jar;C:/Xilinx/Vivado/2018.3\lib\classes\jide-dashboard.jar;C:/Xilinx/Vivado/2018.3\lib\classes\jide-data.jar;C:/Xilinx/Vivado/2018.3\lib\classes\jide-dialogs.jar
Launcher Type: generic

Logging:
Log output configuration:
#0: stdout all=warning uptime,level,tags
#1: stderr all=off uptime,level,tags

Environment Variables:
PATH=C:/Xilinx/Vivado/2018.3/bin;C:/Xilinx/Vivado/2018.3/lib/win64.o;C:/Xilinx/Vivado/2018.3/tps/win64/jre9.0.4/bin/server;C:/Xilinx/Vivado/2018.3/tps/win64/jre9.0.4/bin;C:/Xilinx/SDK/2018.3/bin;C:/Xilinx/Vivado/2018.3/ids_lite/ISE/bin/nt64;C:/Xilinx/Vivado/2018.3/ids_lite/ISE/lib/nt64;C:\Program Files\NVIDIA GPU Computing Toolkit\CUDA\v11.2\bin;C:\Program Files\NVIDIA GPU Computing Toolkit\CUDA\v11.2\libnvvp;C:\Program Files (x86)\Intel\oneAPI\tbb\latest\redist\intel64\vc_mt\;C:\Program Files (x86)\Intel\oneAPI\tbb\latest\redist\ia32\vc_mt\;C:\Program Files (x86)\Intel\oneAPI\compiler\latest\windows\redist\intel64_win\compiler;C:\Program Files (x86)\Intel\oneAPI\compiler\latest\windows\redist\ia32_win\compiler;C:\Program Files\Common Files\Oracle\Java\javapath;C:\Windows\system32;C:\Windows;C:\Windows\System32\Wbem;C:\Windows\System32\WindowsPowerShell\v1.0\;C:\Windows\System32\OpenSSH\;C:\Program Files\NVIDIA Corporation\NVIDIA NvDLISR;C:\TDM-GCC-64\bin;C:\Program Files\Wolfram Research\WolframScript\;C:\Program Files\Polyspace\R2021a\runtime\win64;C:\Program Files\Polyspace\R2021a\bin;C:\Program Files\Polyspace\R2021a\polyspace\bin;C:\Program Files\Microsoft SQL Server\Client SDK\ODBC\170\Tools\Binn\;C:\Program Files (x86)\Microsoft SQL Server\150\Tools\Binn\;C:\Program Files\Microsoft SQL Server\150\Tools\Binn\;C:\Program Files\Microsoft SQL Server\150\DTS\Binn\;C:\Program Files (x86)\Windows Kits\8.1\Windows Performance Toolkit\;C:\Program Files (x86)\NVIDIA Corporation\PhysX\Common;C:\Program Files\NVIDIA Corporation\Nsight Compute 2020.3.0\;C:\Program Files\Git\cmd;C:\Program Files\CMake\bin;C:\Program Files\PuTTY\;C:\ProgramData\chocolatey\bin;C:\Users\pacel\anaconda3;C:\Users\pacel\anaconda3\Library\mingw-w64\bin;C:\Users\pacel\anaconda3\Library\usr\bin;C:\Users\pacel\anaconda3\Library\bin;C:\Users\pacel\anaconda3\Scripts;C:\Users\pacel\AppData\Local\Microsoft\WindowsApps;C:\Users\pacel\MinGW\bin;C:\intelFPGA_lite\18.1\modelsim_ase\win32aloem;C:\Users\pacel\Ap
USERNAME=pacel
OS=Windows_NT
PROCESSOR_IDENTIFIER=Intel64 Family 6 Model 140 Stepping 1, GenuineIntel



---------------  S Y S T E M  ---------------

OS: Windows 10 , 64 bit Build 22621 (10.0.22621.1105)

CPU:total 8 (initial active 8) (4 cores per cpu, 2 threads per core) family 6 model 140 stepping 1, cmov, cx8, fxsr, mmx, sse, sse2, sse3, ssse3, sse4.1, sse4.2, popcnt, avx, avx2, aes, clmul, erms, 3dnowpref, lzcnt, ht, tsc, tscinvbit, bmi1, bmi2, adx, sha, fma

Memory: 4k page, physical 16461256k(6804772k free), swap 16461256k(1853964k free)

vm_info: Java HotSpot(TM) 64-Bit Server VM (9.0.4+11) for windows-amd64 JRE (9.0.4+11), built on Dec 20 2017 02:18:54 by "mach5one" with MS VC++ 12.0 (VS2013)

END.
