Copyright 1986-2018 Xilinx, Inc. All Rights Reserved.
------------------------------------------------------------------------------------
| Tool Version : Vivado v.2018.3 (win64) Build 2405991 Thu Dec  6 23:38:27 MST 2018
| Date         : Mon Feb 20 10:54:23 2023
| Host         : JUSTIN-LAPTOP running 64-bit major release  (build 9200)
| Command      : upgrade_ip
| Device       : xc7z020clg400-1
------------------------------------------------------------------------------------

Upgrade Log for IP 'lab_3_multiplier_0_1'

1. Summary
----------

SUCCESS in the upgrade of lab_3_multiplier_0_1 (xilinx.com:user:multiplier:1.0) from (Rev. 4) to (Rev. 5)






Copyright 1986-2018 Xilinx, Inc. All Rights Reserved.
------------------------------------------------------------------------------------
| Tool Version : Vivado v.2018.3 (win64) Build 2405991 Thu Dec  6 23:38:27 MST 2018
| Date         : Sun Feb 19 16:22:05 2023
| Host         : JUSTIN-LAPTOP running 64-bit major release  (build 9200)
| Command      : upgrade_ip
| Device       : xc7z020clg400-1
------------------------------------------------------------------------------------

Upgrade Log for IP 'lab_3_multiplier_0_1'

1. Summary
----------

SUCCESS in the upgrade of lab_3_multiplier_0_1 (xilinx.com:user:multiplier:1.0) from (Rev. 3) to (Rev. 4)






Copyright 1986-2018 Xilinx, Inc. All Rights Reserved.
------------------------------------------------------------------------------------
| Tool Version : Vivado v.2018.3 (win64) Build 2405991 Thu Dec  6 23:38:27 MST 2018
| Date         : Sun Feb 19 12:40:08 2023
| Host         : JUSTIN-LAPTOP running 64-bit major release  (build 9200)
| Command      : upgrade_ip
| Device       : xc7z020clg400-1
------------------------------------------------------------------------------------

Upgrade Log for IP 'lab_3_multiplier_0_1'

1. Summary
----------

SUCCESS in the upgrade of lab_3_multiplier_0_1 (xilinx.com:user:multiplier:1.0) from (Rev. 2) to (Rev. 3)

