
*** Running vivado
    with args -log CPU_TL_wrapper.vdi -applog -m64 -product Vivado -messageDb vivado.pb -mode batch -source CPU_TL_wrapper.tcl -notrace


****** Vivado v2018.3 (64-bit)
  **** SW Build 2405991 on Thu Dec  6 23:38:27 MST 2018
  **** IP Build 2404404 on Fri Dec  7 01:43:56 MST 2018
    ** Copyright 1986-2018 Xilinx, Inc. All Rights Reserved.

source CPU_TL_wrapper.tcl -notrace
INFO: [IP_Flow 19-234] Refreshing IP repositories
INFO: [IP_Flow 19-1700] Loaded user IP repository 'c:/Users/pacel/Desktop/Work/Pitt/semesters/Spring_2023/ECE_1195/ip_repo'.
INFO: [IP_Flow 19-2313] Loaded Vivado IP repository 'C:/Xilinx/Vivado/2018.3/data/ip'.
CRITICAL WARNING: [IP_Flow 19-1663] Duplicate IP found for 'xilinx.com:user:CPU_mips_wrapper:1.0'. The one found in IP location 'c:/Users/pacel/Desktop/Work/Pitt/semesters/Spring_2023/ECE_1195/ip_repo/CPU_mips1' will take precedence over the same IP in location c:/Users/pacel/Desktop/Work/Pitt/semesters/Spring_2023/ECE_1195/ip_repo
WARNING: [IP_Flow 19-4995] The host OS only allows 260 characters in a normal path. The IP cache path is more than 80 characters. If you experience issues with IP caching, please consider changing the IP cache to a location with a shorter path. Alternately consider using the OS subst command to map part of the path to a drive letter. 
Current IP cache path is C:/Users/pacel/Desktop/Work/Pitt/semesters/Spring_2023/ECE_1195/Lab_4/lab_4.cache/ip 
Command: link_design -top CPU_TL_wrapper -part xc7z020clg400-1
Design is defaulting to srcset: sources_1
Design is defaulting to constrset: constrs_1
INFO: [Project 1-454] Reading design checkpoint 'c:/Users/pacel/Desktop/Work/Pitt/semesters/Spring_2023/ECE_1195/Lab_4/lab_4.srcs/sources_1/bd/CPU_TL/ip/CPU_TL_CPU_mips_wrapper_0_0/CPU_TL_CPU_mips_wrapper_0_0.dcp' for cell 'CPU_TL_i/CPU_mips_wrapper_0'
INFO: [Project 1-454] Reading design checkpoint 'c:/Users/pacel/Desktop/Work/Pitt/semesters/Spring_2023/ECE_1195/Lab_4/lab_4.srcs/sources_1/bd/CPU_TL/ip/CPU_TL_axi_bram_ctrl_0_0/CPU_TL_axi_bram_ctrl_0_0.dcp' for cell 'CPU_TL_i/axi_bram_ctrl_0'
INFO: [Project 1-454] Reading design checkpoint 'c:/Users/pacel/Desktop/Work/Pitt/semesters/Spring_2023/ECE_1195/Lab_4/lab_4.srcs/sources_1/bd/CPU_TL/ip/CPU_TL_axi_regmap_0_0/CPU_TL_axi_regmap_0_0.dcp' for cell 'CPU_TL_i/axi_regmap_0'
INFO: [Project 1-454] Reading design checkpoint 'c:/Users/pacel/Desktop/Work/Pitt/semesters/Spring_2023/ECE_1195/Lab_4/lab_4.srcs/sources_1/bd/CPU_TL/ip/CPU_TL_blk_mem_gen_0_0/CPU_TL_blk_mem_gen_0_0.dcp' for cell 'CPU_TL_i/blk_mem_gen_0'
INFO: [Project 1-454] Reading design checkpoint 'c:/Users/pacel/Desktop/Work/Pitt/semesters/Spring_2023/ECE_1195/Lab_4/lab_4.srcs/sources_1/bd/CPU_TL/ip/CPU_TL_processing_system7_0_0/CPU_TL_processing_system7_0_0.dcp' for cell 'CPU_TL_i/processing_system7_0'
INFO: [Project 1-454] Reading design checkpoint 'c:/Users/pacel/Desktop/Work/Pitt/semesters/Spring_2023/ECE_1195/Lab_4/lab_4.srcs/sources_1/bd/CPU_TL/ip/CPU_TL_rst_ps7_0_100M_0/CPU_TL_rst_ps7_0_100M_0.dcp' for cell 'CPU_TL_i/rst_ps7_0_100M'
INFO: [Project 1-454] Reading design checkpoint 'c:/Users/pacel/Desktop/Work/Pitt/semesters/Spring_2023/ECE_1195/Lab_4/lab_4.srcs/sources_1/bd/CPU_TL/ip/CPU_TL_xbar_0/CPU_TL_xbar_0.dcp' for cell 'CPU_TL_i/ps7_0_axi_periph/xbar'
INFO: [Project 1-454] Reading design checkpoint 'c:/Users/pacel/Desktop/Work/Pitt/semesters/Spring_2023/ECE_1195/Lab_4/lab_4.srcs/sources_1/bd/CPU_TL/ip/CPU_TL_auto_pc_0/CPU_TL_auto_pc_0.dcp' for cell 'CPU_TL_i/ps7_0_axi_periph/s00_couplers/auto_pc'
INFO: [Netlist 29-17] Analyzing 311 Unisim elements for replacement
INFO: [Netlist 29-28] Unisim Transformation completed in 0 CPU seconds
INFO: [Project 1-479] Netlist was created with Vivado 2018.3
INFO: [Device 21-403] Loading part xc7z020clg400-1
INFO: [Project 1-570] Preparing netlist for logic optimization
Parsing XDC File [c:/Users/pacel/Desktop/Work/Pitt/semesters/Spring_2023/ECE_1195/Lab_4/lab_4.srcs/sources_1/bd/CPU_TL/ip/CPU_TL_processing_system7_0_0/CPU_TL_processing_system7_0_0.xdc] for cell 'CPU_TL_i/processing_system7_0/inst'
Finished Parsing XDC File [c:/Users/pacel/Desktop/Work/Pitt/semesters/Spring_2023/ECE_1195/Lab_4/lab_4.srcs/sources_1/bd/CPU_TL/ip/CPU_TL_processing_system7_0_0/CPU_TL_processing_system7_0_0.xdc] for cell 'CPU_TL_i/processing_system7_0/inst'
Parsing XDC File [c:/Users/pacel/Desktop/Work/Pitt/semesters/Spring_2023/ECE_1195/Lab_4/lab_4.srcs/sources_1/bd/CPU_TL/ip/CPU_TL_rst_ps7_0_100M_0/CPU_TL_rst_ps7_0_100M_0_board.xdc] for cell 'CPU_TL_i/rst_ps7_0_100M/U0'
Finished Parsing XDC File [c:/Users/pacel/Desktop/Work/Pitt/semesters/Spring_2023/ECE_1195/Lab_4/lab_4.srcs/sources_1/bd/CPU_TL/ip/CPU_TL_rst_ps7_0_100M_0/CPU_TL_rst_ps7_0_100M_0_board.xdc] for cell 'CPU_TL_i/rst_ps7_0_100M/U0'
Parsing XDC File [c:/Users/pacel/Desktop/Work/Pitt/semesters/Spring_2023/ECE_1195/Lab_4/lab_4.srcs/sources_1/bd/CPU_TL/ip/CPU_TL_rst_ps7_0_100M_0/CPU_TL_rst_ps7_0_100M_0.xdc] for cell 'CPU_TL_i/rst_ps7_0_100M/U0'
Finished Parsing XDC File [c:/Users/pacel/Desktop/Work/Pitt/semesters/Spring_2023/ECE_1195/Lab_4/lab_4.srcs/sources_1/bd/CPU_TL/ip/CPU_TL_rst_ps7_0_100M_0/CPU_TL_rst_ps7_0_100M_0.xdc] for cell 'CPU_TL_i/rst_ps7_0_100M/U0'
Parsing XDC File [c:/Users/pacel/Desktop/Work/Pitt/semesters/Spring_2023/ECE_1195/Lab_4/lab_4.srcs/sources_1/bd/CPU_TL/ip/CPU_TL_CPU_mips_wrapper_0_0/src/PYNQ-Z1_C.xdc] for cell 'CPU_TL_i/CPU_mips_wrapper_0/U0'
WARNING: [Vivado 12-584] No ports matched 'led[0]'. [c:/Users/pacel/Desktop/Work/Pitt/semesters/Spring_2023/ECE_1195/Lab_4/lab_4.srcs/sources_1/bd/CPU_TL/ip/CPU_TL_CPU_mips_wrapper_0_0/src/PYNQ-Z1_C.xdc:27]
CRITICAL WARNING: [Common 17-55] 'set_property' expects at least one object. [c:/Users/pacel/Desktop/Work/Pitt/semesters/Spring_2023/ECE_1195/Lab_4/lab_4.srcs/sources_1/bd/CPU_TL/ip/CPU_TL_CPU_mips_wrapper_0_0/src/PYNQ-Z1_C.xdc:27]
Resolution: If [get_<value>] was used to populate the object, check to make sure this command returns at least one valid object.
WARNING: [Vivado 12-584] No ports matched 'led[1]'. [c:/Users/pacel/Desktop/Work/Pitt/semesters/Spring_2023/ECE_1195/Lab_4/lab_4.srcs/sources_1/bd/CPU_TL/ip/CPU_TL_CPU_mips_wrapper_0_0/src/PYNQ-Z1_C.xdc:28]
CRITICAL WARNING: [Common 17-55] 'set_property' expects at least one object. [c:/Users/pacel/Desktop/Work/Pitt/semesters/Spring_2023/ECE_1195/Lab_4/lab_4.srcs/sources_1/bd/CPU_TL/ip/CPU_TL_CPU_mips_wrapper_0_0/src/PYNQ-Z1_C.xdc:28]
Resolution: If [get_<value>] was used to populate the object, check to make sure this command returns at least one valid object.
WARNING: [Vivado 12-584] No ports matched 'led[2]'. [c:/Users/pacel/Desktop/Work/Pitt/semesters/Spring_2023/ECE_1195/Lab_4/lab_4.srcs/sources_1/bd/CPU_TL/ip/CPU_TL_CPU_mips_wrapper_0_0/src/PYNQ-Z1_C.xdc:29]
CRITICAL WARNING: [Common 17-55] 'set_property' expects at least one object. [c:/Users/pacel/Desktop/Work/Pitt/semesters/Spring_2023/ECE_1195/Lab_4/lab_4.srcs/sources_1/bd/CPU_TL/ip/CPU_TL_CPU_mips_wrapper_0_0/src/PYNQ-Z1_C.xdc:29]
Resolution: If [get_<value>] was used to populate the object, check to make sure this command returns at least one valid object.
WARNING: [Vivado 12-584] No ports matched 'led[3]'. [c:/Users/pacel/Desktop/Work/Pitt/semesters/Spring_2023/ECE_1195/Lab_4/lab_4.srcs/sources_1/bd/CPU_TL/ip/CPU_TL_CPU_mips_wrapper_0_0/src/PYNQ-Z1_C.xdc:30]
CRITICAL WARNING: [Common 17-55] 'set_property' expects at least one object. [c:/Users/pacel/Desktop/Work/Pitt/semesters/Spring_2023/ECE_1195/Lab_4/lab_4.srcs/sources_1/bd/CPU_TL/ip/CPU_TL_CPU_mips_wrapper_0_0/src/PYNQ-Z1_C.xdc:30]
Resolution: If [get_<value>] was used to populate the object, check to make sure this command returns at least one valid object.
WARNING: [Vivado 12-584] No ports matched 'btn[0]'. [c:/Users/pacel/Desktop/Work/Pitt/semesters/Spring_2023/ECE_1195/Lab_4/lab_4.srcs/sources_1/bd/CPU_TL/ip/CPU_TL_CPU_mips_wrapper_0_0/src/PYNQ-Z1_C.xdc:34]
CRITICAL WARNING: [Common 17-55] 'set_property' expects at least one object. [c:/Users/pacel/Desktop/Work/Pitt/semesters/Spring_2023/ECE_1195/Lab_4/lab_4.srcs/sources_1/bd/CPU_TL/ip/CPU_TL_CPU_mips_wrapper_0_0/src/PYNQ-Z1_C.xdc:34]
Resolution: If [get_<value>] was used to populate the object, check to make sure this command returns at least one valid object.
WARNING: [Vivado 12-584] No ports matched 'btn[1]'. [c:/Users/pacel/Desktop/Work/Pitt/semesters/Spring_2023/ECE_1195/Lab_4/lab_4.srcs/sources_1/bd/CPU_TL/ip/CPU_TL_CPU_mips_wrapper_0_0/src/PYNQ-Z1_C.xdc:35]
CRITICAL WARNING: [Common 17-55] 'set_property' expects at least one object. [c:/Users/pacel/Desktop/Work/Pitt/semesters/Spring_2023/ECE_1195/Lab_4/lab_4.srcs/sources_1/bd/CPU_TL/ip/CPU_TL_CPU_mips_wrapper_0_0/src/PYNQ-Z1_C.xdc:35]
Resolution: If [get_<value>] was used to populate the object, check to make sure this command returns at least one valid object.
WARNING: [Vivado 12-584] No ports matched 'btn[2]'. [c:/Users/pacel/Desktop/Work/Pitt/semesters/Spring_2023/ECE_1195/Lab_4/lab_4.srcs/sources_1/bd/CPU_TL/ip/CPU_TL_CPU_mips_wrapper_0_0/src/PYNQ-Z1_C.xdc:36]
CRITICAL WARNING: [Common 17-55] 'set_property' expects at least one object. [c:/Users/pacel/Desktop/Work/Pitt/semesters/Spring_2023/ECE_1195/Lab_4/lab_4.srcs/sources_1/bd/CPU_TL/ip/CPU_TL_CPU_mips_wrapper_0_0/src/PYNQ-Z1_C.xdc:36]
Resolution: If [get_<value>] was used to populate the object, check to make sure this command returns at least one valid object.
WARNING: [Vivado 12-584] No ports matched 'btn[3]'. [c:/Users/pacel/Desktop/Work/Pitt/semesters/Spring_2023/ECE_1195/Lab_4/lab_4.srcs/sources_1/bd/CPU_TL/ip/CPU_TL_CPU_mips_wrapper_0_0/src/PYNQ-Z1_C.xdc:37]
CRITICAL WARNING: [Common 17-55] 'set_property' expects at least one object. [c:/Users/pacel/Desktop/Work/Pitt/semesters/Spring_2023/ECE_1195/Lab_4/lab_4.srcs/sources_1/bd/CPU_TL/ip/CPU_TL_CPU_mips_wrapper_0_0/src/PYNQ-Z1_C.xdc:37]
Resolution: If [get_<value>] was used to populate the object, check to make sure this command returns at least one valid object.
Finished Parsing XDC File [c:/Users/pacel/Desktop/Work/Pitt/semesters/Spring_2023/ECE_1195/Lab_4/lab_4.srcs/sources_1/bd/CPU_TL/ip/CPU_TL_CPU_mips_wrapper_0_0/src/PYNQ-Z1_C.xdc] for cell 'CPU_TL_i/CPU_mips_wrapper_0/U0'
Parsing XDC File [C:/Users/pacel/Desktop/Work/Pitt/semesters/Spring_2023/ECE_1195/PYNQ-Z1_C.xdc]
WARNING: [Vivado 12-584] No ports matched 'led[0]'. [C:/Users/pacel/Desktop/Work/Pitt/semesters/Spring_2023/ECE_1195/PYNQ-Z1_C.xdc:27]
CRITICAL WARNING: [Common 17-55] 'set_property' expects at least one object. [C:/Users/pacel/Desktop/Work/Pitt/semesters/Spring_2023/ECE_1195/PYNQ-Z1_C.xdc:27]
Resolution: If [get_<value>] was used to populate the object, check to make sure this command returns at least one valid object.
WARNING: [Vivado 12-584] No ports matched 'led[1]'. [C:/Users/pacel/Desktop/Work/Pitt/semesters/Spring_2023/ECE_1195/PYNQ-Z1_C.xdc:28]
CRITICAL WARNING: [Common 17-55] 'set_property' expects at least one object. [C:/Users/pacel/Desktop/Work/Pitt/semesters/Spring_2023/ECE_1195/PYNQ-Z1_C.xdc:28]
Resolution: If [get_<value>] was used to populate the object, check to make sure this command returns at least one valid object.
WARNING: [Vivado 12-584] No ports matched 'led[2]'. [C:/Users/pacel/Desktop/Work/Pitt/semesters/Spring_2023/ECE_1195/PYNQ-Z1_C.xdc:29]
CRITICAL WARNING: [Common 17-55] 'set_property' expects at least one object. [C:/Users/pacel/Desktop/Work/Pitt/semesters/Spring_2023/ECE_1195/PYNQ-Z1_C.xdc:29]
Resolution: If [get_<value>] was used to populate the object, check to make sure this command returns at least one valid object.
WARNING: [Vivado 12-584] No ports matched 'led[3]'. [C:/Users/pacel/Desktop/Work/Pitt/semesters/Spring_2023/ECE_1195/PYNQ-Z1_C.xdc:30]
CRITICAL WARNING: [Common 17-55] 'set_property' expects at least one object. [C:/Users/pacel/Desktop/Work/Pitt/semesters/Spring_2023/ECE_1195/PYNQ-Z1_C.xdc:30]
Resolution: If [get_<value>] was used to populate the object, check to make sure this command returns at least one valid object.
WARNING: [Vivado 12-584] No ports matched 'btn[0]'. [C:/Users/pacel/Desktop/Work/Pitt/semesters/Spring_2023/ECE_1195/PYNQ-Z1_C.xdc:34]
CRITICAL WARNING: [Common 17-55] 'set_property' expects at least one object. [C:/Users/pacel/Desktop/Work/Pitt/semesters/Spring_2023/ECE_1195/PYNQ-Z1_C.xdc:34]
Resolution: If [get_<value>] was used to populate the object, check to make sure this command returns at least one valid object.
WARNING: [Vivado 12-584] No ports matched 'btn[1]'. [C:/Users/pacel/Desktop/Work/Pitt/semesters/Spring_2023/ECE_1195/PYNQ-Z1_C.xdc:35]
CRITICAL WARNING: [Common 17-55] 'set_property' expects at least one object. [C:/Users/pacel/Desktop/Work/Pitt/semesters/Spring_2023/ECE_1195/PYNQ-Z1_C.xdc:35]
Resolution: If [get_<value>] was used to populate the object, check to make sure this command returns at least one valid object.
WARNING: [Vivado 12-584] No ports matched 'btn[2]'. [C:/Users/pacel/Desktop/Work/Pitt/semesters/Spring_2023/ECE_1195/PYNQ-Z1_C.xdc:36]
CRITICAL WARNING: [Common 17-55] 'set_property' expects at least one object. [C:/Users/pacel/Desktop/Work/Pitt/semesters/Spring_2023/ECE_1195/PYNQ-Z1_C.xdc:36]
Resolution: If [get_<value>] was used to populate the object, check to make sure this command returns at least one valid object.
WARNING: [Vivado 12-584] No ports matched 'btn[3]'. [C:/Users/pacel/Desktop/Work/Pitt/semesters/Spring_2023/ECE_1195/PYNQ-Z1_C.xdc:37]
CRITICAL WARNING: [Common 17-55] 'set_property' expects at least one object. [C:/Users/pacel/Desktop/Work/Pitt/semesters/Spring_2023/ECE_1195/PYNQ-Z1_C.xdc:37]
Resolution: If [get_<value>] was used to populate the object, check to make sure this command returns at least one valid object.
Finished Parsing XDC File [C:/Users/pacel/Desktop/Work/Pitt/semesters/Spring_2023/ECE_1195/PYNQ-Z1_C.xdc]
INFO: [Opt 31-138] Pushed 0 inverter(s) to 0 load pin(s).
Generating merged BMM file for the design top 'CPU_TL_wrapper'...
Netlist sorting complete. Time (s): cpu = 00:00:00 ; elapsed = 00:00:00.003 . Memory (MB): peak = 681.195 ; gain = 0.000
INFO: [Project 1-111] Unisim Transformation Summary:
No Unisim elements were transformed.

18 Infos, 17 Warnings, 17 Critical Warnings and 0 Errors encountered.
link_design completed successfully
link_design: Time (s): cpu = 00:00:06 ; elapsed = 00:00:25 . Memory (MB): peak = 681.195 ; gain = 382.625
Command: opt_design -verbose
Attempting to get a license for feature 'Implementation' and/or device 'xc7z020'
INFO: [Common 17-349] Got license for feature 'Implementation' and/or device 'xc7z020'
Running DRC as a precondition to command opt_design

Starting DRC Task
INFO: [DRC 23-27] Running DRC with 2 threads
INFO: [Project 1-461] DRC finished with 0 Errors
INFO: [Project 1-462] Please refer to the DRC report (report_drc) for more information.

Time (s): cpu = 00:00:00 ; elapsed = 00:00:00.687 . Memory (MB): peak = 688.086 ; gain = 6.891

Starting Cache Timing Information Task
Ending Cache Timing Information Task | Checksum: 187d96764

Time (s): cpu = 00:00:05 ; elapsed = 00:00:10 . Memory (MB): peak = 1116.449 ; gain = 428.363
INFO: [Common 17-83] Releasing license: Implementation
23 Infos, 17 Warnings, 17 Critical Warnings and 1 Errors encountered.
opt_design failed
The application has run out of memory
INFO: [Common 17-206] Exiting Vivado at Wed Mar 22 02:28:03 2023...
