INFO-FLOW: Workspace C:/Users/pacel/Documents/Spring_2023/ECE_1195/lab_6/lab_6/solution1 opened at Sat Apr 15 12:28:50 -0400 2023
Execute     config_clock -quiet -name default -period 10 -default=false 
INFO: [SYN 201-201] Setting up clock 'default' with a period of 10ns.
Execute     open_platform DefaultPlatform 
Execute     import_lib C:/Xilinx/Vivado/2018.3/common/technology/xilinx/zynq/zynq 
Execute       source C:/Xilinx/Vivado/2018.3/common/technology/xilinx/common/xilinx.lib 
Execute         source C:/Xilinx/Vivado/2018.3/common/technology/xilinx/interface/xilinx_interface.lib 
Execute           source C:/Xilinx/Vivado/2018.3/common/technology/xilinx/interface/plb46.lib 
Execute           source C:/Xilinx/Vivado/2018.3/common/technology/xilinx/interface/fsl.lib 
Execute           source C:/Xilinx/Vivado/2018.3/common/technology/xilinx/interface/axi4.lib 
Execute           source C:/Xilinx/Vivado/2018.3/common/technology/xilinx/interface/maxi.lib 
Execute           source C:/Xilinx/Vivado/2018.3/common/technology/xilinx/interface/saxilite.lib 
Execute         source C:/Xilinx/Vivado/2018.3/common/technology/xilinx/common/dsp48.lib 
Execute         source C:/Xilinx/Vivado/2018.3/common/technology/xilinx/ip/dds_compiler.lib 
Execute         source C:/Xilinx/Vivado/2018.3/common/technology/xilinx/ip/xfft.lib 
Execute         source C:/Xilinx/Vivado/2018.3/common/technology/xilinx/ip/xfir.lib 
Execute       source C:/Xilinx/Vivado/2018.3/common/technology/xilinx/common/xilinx_old.lib 
Execute       source C:/Xilinx/Vivado/2018.3/common/technology/xilinx/common/xilinx_vivado.lib 
Execute       source C:/Xilinx/Vivado/2018.3/common/technology/xilinx/common/xilinx.hlp 
Execute         source C:/Xilinx/Vivado/2018.3/common/technology/xilinx/common/target_info.tcl 
Execute         source C:/Xilinx/Vivado/2018.3/common/technology/xilinx/interface/xilinx_interface.hlp 
Execute           source C:/Xilinx/Vivado/2018.3/common/technology/xilinx/interface/maxi.hlp 
Execute           source C:/Xilinx/Vivado/2018.3/common/technology/xilinx/interface/saxilite.hlp 
Execute         source C:/Xilinx/Vivado/2018.3/common/technology/xilinx/common/dsp48.hlp 
Execute       source C:/Xilinx/Vivado/2018.3/common/technology/xilinx/zynq/dsp48e1.hlp 
Execute       get_default_platform 
Execute       config_chip_info -quiet -resource  {SLICE 13300}  {LUT 53200}     {FF 106400} {DSP48E 220}   {BRAM 280}  
Execute       config_chip_info -quiet -speed medium 
Execute       source C:/Xilinx/Vivado/2018.3/common/technology/xilinx/common/xilinx.hlp 
Execute         source C:/Xilinx/Vivado/2018.3/common/technology/xilinx/common/target_info.tcl 
Execute         source C:/Xilinx/Vivado/2018.3/common/technology/xilinx/interface/xilinx_interface.hlp 
Execute           source C:/Xilinx/Vivado/2018.3/common/technology/xilinx/interface/maxi.hlp 
Execute           source C:/Xilinx/Vivado/2018.3/common/technology/xilinx/interface/saxilite.hlp 
Execute         source C:/Xilinx/Vivado/2018.3/common/technology/xilinx/common/dsp48.hlp 
Execute     source C:/Xilinx/Vivado/2018.3/common/technology/xilinx/zynq/zynq.gen 
Execute       source C:/Xilinx/Vivado/2018.3/common/technology/xilinx/common/virtex.gen 
Execute         source C:/Xilinx/Vivado/2018.3/common/technology/xilinx/common/xilinx.gen 
Execute           source C:/Xilinx/Vivado/2018.3/common/technology/xilinx/interface/plb46.gen 
Execute           source C:/Xilinx/Vivado/2018.3/common/technology/xilinx/interface/fsl.gen 
Execute           source C:/Xilinx/Vivado/2018.3/common/technology/xilinx/interface/axi4.gen 
Execute           source C:/Xilinx/Vivado/2018.3/common/technology/xilinx/interface/nativeAXI4.gen 
Execute             source C:/Xilinx/Vivado/2018.3/common/technology/xilinx/interface/saxilite.gen 
Execute             source C:/Xilinx/Vivado/2018.3/common/technology/xilinx/interface/maxi.gen 
Execute           source C:/Xilinx/Vivado/2018.3/common/technology/xilinx/scripts/xilinxcoregen.gen 
Execute           source C:/Xilinx/Vivado/2018.3/common/technology/xilinx/interface/XilEDKCoreGen.gen 
Execute           source C:/Xilinx/Vivado/2018.3/common/technology/xilinx/ip/dds_compiler.gen 
Execute           source C:/Xilinx/Vivado/2018.3/common/technology/xilinx/ip/util.gen 
Execute           source C:/Xilinx/Vivado/2018.3/common/technology/xilinx/ip/xfft.gen 
Command           ap_source done; 0.124 sec.
Execute           source C:/Xilinx/Vivado/2018.3/common/technology/xilinx/ip/xfir.gen 
Command         ap_source done; 0.162 sec.
Execute         source C:/Xilinx/Vivado/2018.3/common/technology/xilinx/common/dsp48.gen 
Command       ap_source done; 0.165 sec.
Command     ap_source done; 0.165 sec.
Execute     open_platform DefaultPlatform 
Execute     import_lib C:/Xilinx/Vivado/2018.3/common/technology/xilinx/zynq/zynq_fpv6 
Execute       source C:/Xilinx/Vivado/2018.3/common/technology/xilinx/common/xilinx_fpv7.lib 
Execute         source C:/Xilinx/Vivado/2018.3/common/technology/xilinx/common/xilinx_hp.lib 
Execute       source C:/Xilinx/Vivado/2018.3/common/technology/xilinx/common/xilinx_fpv.hlp 
Execute         source C:/Xilinx/Vivado/2018.3/common/technology/xilinx/common/xilinx.hlp 
Execute           source C:/Xilinx/Vivado/2018.3/common/technology/xilinx/common/target_info.tcl 
Execute           source C:/Xilinx/Vivado/2018.3/common/technology/xilinx/interface/xilinx_interface.hlp 
Execute             source C:/Xilinx/Vivado/2018.3/common/technology/xilinx/interface/maxi.hlp 
Execute             source C:/Xilinx/Vivado/2018.3/common/technology/xilinx/interface/saxilite.hlp 
Execute           source C:/Xilinx/Vivado/2018.3/common/technology/xilinx/common/dsp48.hlp 
Execute       source C:/Xilinx/Vivado/2018.3/common/technology/xilinx/zynq/zynq_hp.hlp 
Execute     source C:/Xilinx/Vivado/2018.3/common/technology/xilinx/zynq/zynq_fpv6.gen 
Execute       source C:/Xilinx/Vivado/2018.3/common/technology/xilinx/common/xilinx_fpv6.gen 
Execute     set_part xc7z020clg400-1 
Execute       add_library xilinx/zynq/zynq:xc7z020:clg400:-1 
Execute         get_default_platform 
Execute         license_isbetapart xc7z020 
Command         license_isbetapart done; error code: 1; 
Execute         get_default_platform 
Execute         config_chip_info -quiet -resource  {SLICE 13300}  {LUT 53200}     {FF 106400} {DSP48E 220}   {BRAM 280}  
Execute         config_chip_info -quiet -speed slow 
Execute       add_library xilinx/zynq/zynq_fpv6 
Execute         get_default_platform 
INFO: [HLS 200-10] Setting target device to 'xc7z020clg400-1'
Execute       get_default_platform 
Execute     get_default_platform 
Execute     config_chip_info -quiet -resource  {SLICE 13300}  {LUT 53200}     {FF 106400} {DSP48E 220}   {BRAM 280}  
Execute     config_chip_info -quiet -speed slow 
Execute     config_export -format=ip_catalog 
Execute     config_export -rtl=vhdl 
Command   open_solution done; 0.297 sec.
Execute   set_part xc7z020clg400-1 -tool vivado 
Execute     add_library xilinx/zynq/zynq:xc7z020:clg400:-1 
Execute       get_default_platform 
Execute       license_isbetapart xc7z020 
Command       license_isbetapart done; error code: 1; 
Execute       get_default_platform 
Execute       config_chip_info -quiet -resource  {SLICE 13300}  {LUT 53200}     {FF 106400} {DSP48E 220}   {BRAM 280}  
Execute       config_chip_info -quiet -speed slow 
Execute     add_library xilinx/zynq/zynq_fpv6 
Execute       get_default_platform 
Execute     get_default_platform 
Execute   create_clock -period 10 -name default 
Execute   config_export -format ip_catalog -rtl vhdl 
Execute   csynth_design 
Execute     get_config_compile -effort 
Execute     get_config_compile -enable_clang39 
Execute     get_config_compile -g 
Execute     get_config_compile -lm 
Execute     get_config_compile -ng 
Execute     get_config_compile -opt_fp 
Execute     get_config_compile -skip_cdt 
Execute     get_config_compile -skip_syncheck 
Execute     get_config_compile -skip_transform 
Execute     config_compile -blackbox  
Execute     get_config_compile -keep_printf 
Execute     elaborate -effort=medium -skip_syncheck=0 -keep_printf=0 -lm=0 -skip_cdt=0 -skip_transform=0 -ng=0 -g=0 -opt_fp=0 -from_csynth_design=1 
Execute       get_config_schedule -relax_ii_for_timing 
INFO: [SCHED 204-61] Option 'relax_ii_for_timing' is enabled, will increase II to preserve clock frequency constraints.
Execute       get_config_schedule -suppress_dependence_error_break 
WARNING: [HLS 200-40] Skipped source file 'rock512.pgm'. Source files must have extensions .c, .C, .cc, .cpp, .c++, .cp, or .cxx.
INFO: [HLS 200-10] Analyzing design file 'vhls/convolution.cpp' ... 
INFO-FLOW: Compiling one TU...
Execute       is_m_axi_addr64 
INFO-FLOW: Handling vhls/convolution.cpp as C++
Execute       get_default_platform 
Execute       is_encrypted vhls/convolution.cpp 
Execute       get_default_platform 
INFO-FLOW: Running: GCC PP
INFO-FLOW: Source preprocessing
Execute       clang  -fno-limit-debug-info -gcc-toolchain "C:/Xilinx/Vivado/2018.3/msys" -hls  -fno-exceptions  -D__llvm__  -E "vhls/convolution.cpp"     -fno-math-errno -c -emit-llvm -O0  -mllvm -disable-llvm-optzns -fno-threadsafe-statics  -fno-use-cxa-atexit  -fno-threadsafe-statics -fno-use-cxa-atexit -D__CLANG_3_1__ -D__cdecl= -DAESL_SYN -D__SYNTHESIS__ -D__HLS_SYN__ -I "C:/Xilinx/Vivado/2018.3/common/technology/autopilot" -I "C:/Xilinx/Vivado/2018.3/common/technology/autopilot/ap_sysc" -include etc/autopilot_ssdm_op.h -D__DSP48E1__  -o "C:/Users/pacel/Documents/Spring_2023/ECE_1195/lab_6/lab_6/solution1/.autopilot/db/convolution.pp.0.cpp" 
INFO-FLOW: exec C:/Xilinx/Vivado/2018.3/win64/tools/clang/bin/clang -fno-limit-debug-info -gcc-toolchain C:/Xilinx/Vivado/2018.3/msys -hls -fno-exceptions -D__llvm__ -E vhls/convolution.cpp -fno-math-errno -c -emit-llvm -O0 -mllvm -disable-llvm-optzns -fno-threadsafe-statics -fno-use-cxa-atexit -fno-threadsafe-statics -fno-use-cxa-atexit -D__CLANG_3_1__ -D__cdecl= -DAESL_SYN -D__SYNTHESIS__ -D__HLS_SYN__ -I C:/Xilinx/Vivado/2018.3/common/technology/autopilot -I C:/Xilinx/Vivado/2018.3/common/technology/autopilot/ap_sysc -include etc/autopilot_ssdm_op.h -D__DSP48E1__ -o C:/Users/pacel/Documents/Spring_2023/ECE_1195/lab_6/lab_6/solution1/.autopilot/db/convolution.pp.0.cpp
Command       clang done; 0.829 sec.
Execute       tidy_31 xilinx-xfmat-array-geometry C:/Users/pacel/Documents/Spring_2023/ECE_1195/lab_6/lab_6/solution1/.autopilot/db/convolution.pp.0.cpp std=gnu++98 
INFO-FLOW: exec C:/Xilinx/Vivado/2018.3/win64/tools/clang-3.9-csynth/bin/tidy-3.1 -header-filter=.* -checks=-*,xilinx-xfmat-array-geometry -quiet -fix C:/Users/pacel/Documents/Spring_2023/ECE_1195/lab_6/lab_6/solution1/.autopilot/db/convolution.pp.0.cpp -- -std=gnu++98 -fhls -ferror-limit=0
Command       tidy_31 done; 0.38 sec.
INFO-FLOW: Syntax Checking before pre-processing...
Execute       clang -syntaxcheck -src C:/Users/pacel/Documents/Spring_2023/ECE_1195/lab_6/lab_6/solution1/.autopilot/db/convolution.pp.0.cpp  -fno-limit-debug-info -gcc-toolchain "C:/Xilinx/Vivado/2018.3/msys" -hls    -fno-math-errno -c -emit-llvm -O0  -mllvm -disable-llvm-optzns -fno-threadsafe-statics  -fno-use-cxa-atexit  -fno-threadsafe-statics -fno-use-cxa-atexit -D__CLANG_3_1__ -D__cdecl= -DAESL_SYN -D__SYNTHESIS__ -D__HLS_SYN__ -I "C:/Xilinx/Vivado/2018.3/common/technology/autopilot" -I "C:/Xilinx/Vivado/2018.3/common/technology/autopilot/ap_sysc" -include etc/autopilot_ssdm_op.h -D__DSP48E1__  "C:/Users/pacel/Documents/Spring_2023/ECE_1195/lab_6/lab_6/solution1/.autopilot/db/convolution.pp.0.cpp"  -o "C:/Users/pacel/Documents/Spring_2023/ECE_1195/lab_6/lab_6/solution1/.autopilot/db/useless.bc"  
INFO-FLOW: exec C:/Xilinx/Vivado/2018.3/win64/tools/clang/bin/clang -fno-limit-debug-info -gcc-toolchain C:/Xilinx/Vivado/2018.3/msys -hls -fno-math-errno -c -emit-llvm -O0 -mllvm -disable-llvm-optzns -fno-threadsafe-statics -fno-use-cxa-atexit -fno-threadsafe-statics -fno-use-cxa-atexit -D__CLANG_3_1__ -D__cdecl= -DAESL_SYN -D__SYNTHESIS__ -D__HLS_SYN__ -I C:/Xilinx/Vivado/2018.3/common/technology/autopilot -I C:/Xilinx/Vivado/2018.3/common/technology/autopilot/ap_sysc -include etc/autopilot_ssdm_op.h -D__DSP48E1__ C:/Users/pacel/Documents/Spring_2023/ECE_1195/lab_6/lab_6/solution1/.autopilot/db/convolution.pp.0.cpp -o C:/Users/pacel/Documents/Spring_2023/ECE_1195/lab_6/lab_6/solution1/.autopilot/db/useless.bc
WARNING: [HLS 200-40] In file included from vhls/convolution.cpp:1:
vhls/convolution.cpp:164:6: warning: 'auto' type specifier is a C++11 extension [-Wc++11-extensions]
     auto tmp = lbuf[rk][i%(512 -3)];
     ^
1 warning generated.
Command       clang done; 1.047 sec.
INFO-FLOW: Done: GCC PP time: 2.3 seconds per iteration
Execute       list_core -type functional_unit 
Execute       tidy_31 xilinx-systemc-detector C:/Users/pacel/Documents/Spring_2023/ECE_1195/lab_6/lab_6/solution1/.autopilot/db/convolution.pp.0.cpp std=gnu++98 -directive=C:/Users/pacel/Documents/Spring_2023/ECE_1195/lab_6/lab_6/solution1/.autopilot/db/.systemc_flag 
INFO-FLOW: exec C:/Xilinx/Vivado/2018.3/win64/tools/clang-3.9-csynth/bin/tidy-3.1 -header-filter=.* -checks=-*,xilinx-systemc-detector -import-directive=C:/Users/pacel/Documents/Spring_2023/ECE_1195/lab_6/lab_6/solution1/.autopilot/db/.systemc_flag -quiet -fix-errors C:/Users/pacel/Documents/Spring_2023/ECE_1195/lab_6/lab_6/solution1/.autopilot/db/convolution.pp.0.cpp -- -std=gnu++98 -fhls -ferror-limit=0
Command       tidy_31 done; 0.411 sec.
INFO-FLOW: Running: tidy-3.1 CDT preprocess
Execute       tidy_31 xilinx-directive2pragma C:/Users/pacel/Documents/Spring_2023/ECE_1195/lab_6/lab_6/solution1/.autopilot/db/convolution.pp.0.cpp std=gnu++98 -directive=C:/Users/pacel/Documents/Spring_2023/ECE_1195/lab_6/lab_6/solution1/.autopilot/db/all.directive.json 
INFO-FLOW: exec C:/Xilinx/Vivado/2018.3/win64/tools/clang-3.9-csynth/bin/tidy-3.1 -header-filter=.* -checks=-*,xilinx-directive2pragma -import-directive=C:/Users/pacel/Documents/Spring_2023/ECE_1195/lab_6/lab_6/solution1/.autopilot/db/all.directive.json -quiet -fix-errors C:/Users/pacel/Documents/Spring_2023/ECE_1195/lab_6/lab_6/solution1/.autopilot/db/convolution.pp.0.cpp -- -std=gnu++98 -fhls -ferror-limit=0
Command       tidy_31 done; 0.352 sec.
Execute       get_config_dataflow -strict_mode 
Execute       ap_eval exec -ignorestderr C:/Xilinx/Vivado/2018.3/win64/tools/clang-3.9-csynth/bin/xilinx-dataflow-lawyer -export-fixes=C:/Users/pacel/Documents/Spring_2023/ECE_1195/lab_6/lab_6/solution1/.autopilot/db/xilinx-dataflow-lawyer.convolution.pp.0.cpp.diag.yml C:/Users/pacel/Documents/Spring_2023/ECE_1195/lab_6/lab_6/solution1/.autopilot/db/convolution.pp.0.cpp -- -std=gnu++98 -fhls -ferror-limit=0 -fstrict-dataflow > C:/Users/pacel/Documents/Spring_2023/ECE_1195/lab_6/lab_6/solution1/.autopilot/db/xilinx-dataflow-lawyer.convolution.pp.0.cpp.out.log 2> C:/Users/pacel/Documents/Spring_2023/ECE_1195/lab_6/lab_6/solution1/.autopilot/db/xilinx-dataflow-lawyer.convolution.pp.0.cpp.err.log 
Command       ap_eval done; 0.33 sec.
Execute       tidy_31 -errorcheck xilinx-constantarray-param,xilinx-resource-pragma-transformer,xilinx-xfmat-array-geometry C:/Users/pacel/Documents/Spring_2023/ECE_1195/lab_6/lab_6/solution1/.autopilot/db/convolution.pp.0.cpp std=gnu++98 
Execute         ap_eval exec -ignorestderr C:/Xilinx/Vivado/2018.3/win64/tools/clang-3.9-csynth/bin/tidy-3.1 -export-fixes=C:/Users/pacel/Documents/Spring_2023/ECE_1195/lab_6/lab_6/solution1/.autopilot/db/tidy-3.1.convolution.pp.0.cpp.diag.yml -header-filter=.* -checks=-*,xilinx-constantarray-param,xilinx-resource-pragma-transformer,xilinx-xfmat-array-geometry -quiet -fix-errors C:/Users/pacel/Documents/Spring_2023/ECE_1195/lab_6/lab_6/solution1/.autopilot/db/convolution.pp.0.cpp -- -std=gnu++98 -fhls -ferror-limit=0 > C:/Users/pacel/Documents/Spring_2023/ECE_1195/lab_6/lab_6/solution1/.autopilot/db/tidy-3.1.convolution.pp.0.cpp.out.log 2> C:/Users/pacel/Documents/Spring_2023/ECE_1195/lab_6/lab_6/solution1/.autopilot/db/tidy-3.1.convolution.pp.0.cpp.err.log 
Command         ap_eval done; 0.403 sec.
Execute         ap_eval exec -ignorestderr C:/Xilinx/Vivado/2018.3/win64/tools/clang-3.9-csynth/bin/xilinx-legacy-rewriter C:/Users/pacel/Documents/Spring_2023/ECE_1195/lab_6/lab_6/solution1/.autopilot/db/convolution.pp.0.cpp -- -std=gnu++98 -fhls -ferror-limit=0 > C:/Users/pacel/Documents/Spring_2023/ECE_1195/lab_6/lab_6/solution1/.autopilot/db/xilinx-legacy-rewriter.convolution.pp.0.cpp.out.log 2> C:/Users/pacel/Documents/Spring_2023/ECE_1195/lab_6/lab_6/solution1/.autopilot/db/xilinx-legacy-rewriter.convolution.pp.0.cpp.err.log 
Command         ap_eval done; 0.354 sec.
Command       tidy_31 done; 0.765 sec.
INFO-FLOW: Done: tidy-3.1 CDT preprocess time: 1.5 seconds per iteration
INFO-FLOW: Pragma Handling...
Execute       tidy_31 xilinx-ssdm-intrinsics-arguments C:/Users/pacel/Documents/Spring_2023/ECE_1195/lab_6/lab_6/solution1/.autopilot/db/convolution.pragma.1.cpp std=gnu++98 
INFO-FLOW: exec C:/Xilinx/Vivado/2018.3/win64/tools/clang-3.9-csynth/bin/tidy-3.1 -header-filter=.* -checks=-*,xilinx-ssdm-intrinsics-arguments -quiet -fix-errors C:/Users/pacel/Documents/Spring_2023/ECE_1195/lab_6/lab_6/solution1/.autopilot/db/convolution.pragma.1.cpp -- -std=gnu++98 -fhls -ferror-limit=0
Command       tidy_31 done; 0.885 sec.
Execute       get_default_platform 
INFO-FLOW: Processing labels
Execute       clang -src C:/Users/pacel/Documents/Spring_2023/ECE_1195/lab_6/lab_6/solution1/.autopilot/db/convolution.pragma.2.cpp  -fno-limit-debug-info -gcc-toolchain C:/Xilinx/Vivado/2018.3/msys -hls -hls-analyze-label -hls-analyze-pragma -fno-exceptions  -D__llvm__  -w  "C:/Users/pacel/Documents/Spring_2023/ECE_1195/lab_6/lab_6/solution1/.autopilot/db/convolution.pragma.2.cpp"    -fno-math-errno -c -emit-llvm -O0  -mllvm -disable-llvm-optzns -fno-threadsafe-statics  -fno-use-cxa-atexit -DAESL_SYN -D__SYNTHESIS__ -D__HLS_SYN__ -I "C:/Xilinx/Vivado/2018.3/common/technology/autopilot" -I "C:/Xilinx/Vivado/2018.3/common/technology/autopilot/ap_sysc" -include etc/autopilot_ssdm_op.h -D__DSP48E1__ -g -o "C:/Users/pacel/Documents/Spring_2023/ECE_1195/lab_6/lab_6/solution1/.autopilot/db/convolution.bc" 
INFO-FLOW: exec C:/Xilinx/Vivado/2018.3/win64/tools/clang/bin/clang -fno-limit-debug-info -gcc-toolchain C:/Xilinx/Vivado/2018.3/msys -hls -hls-analyze-label -hls-analyze-pragma -fno-exceptions -D__llvm__ -w C:/Users/pacel/Documents/Spring_2023/ECE_1195/lab_6/lab_6/solution1/.autopilot/db/convolution.pragma.2.cpp -fno-math-errno -c -emit-llvm -O0 -mllvm -disable-llvm-optzns -fno-threadsafe-statics -fno-use-cxa-atexit -DAESL_SYN -D__SYNTHESIS__ -D__HLS_SYN__ -I C:/Xilinx/Vivado/2018.3/common/technology/autopilot -I C:/Xilinx/Vivado/2018.3/common/technology/autopilot/ap_sysc -include etc/autopilot_ssdm_op.h -D__DSP48E1__ -g -o C:/Users/pacel/Documents/Spring_2023/ECE_1195/lab_6/lab_6/solution1/.autopilot/db/convolution.bc
Command       clang done; 0.93 sec.
INFO: [HLS 200-10] Analyzing design file 'vhls/image.cpp' ... 
INFO-FLOW: Compiling one TU...
Execute       is_m_axi_addr64 
INFO-FLOW: Handling vhls/image.cpp as C++
Execute       get_default_platform 
Execute       is_encrypted vhls/image.cpp 
Execute       get_default_platform 
INFO-FLOW: Running: GCC PP
INFO-FLOW: Source preprocessing
Execute       clang  -fno-limit-debug-info -gcc-toolchain "C:/Xilinx/Vivado/2018.3/msys" -hls  -fno-exceptions  -D__llvm__  -E "vhls/image.cpp"     -fno-math-errno -c -emit-llvm -O0  -mllvm -disable-llvm-optzns -fno-threadsafe-statics  -fno-use-cxa-atexit  -fno-threadsafe-statics -fno-use-cxa-atexit -D__CLANG_3_1__ -D__cdecl= -DAESL_SYN -D__SYNTHESIS__ -D__HLS_SYN__ -I "C:/Xilinx/Vivado/2018.3/common/technology/autopilot" -I "C:/Xilinx/Vivado/2018.3/common/technology/autopilot/ap_sysc" -include etc/autopilot_ssdm_op.h -D__DSP48E1__  -o "C:/Users/pacel/Documents/Spring_2023/ECE_1195/lab_6/lab_6/solution1/.autopilot/db/image.pp.0.cpp" 
INFO-FLOW: exec C:/Xilinx/Vivado/2018.3/win64/tools/clang/bin/clang -fno-limit-debug-info -gcc-toolchain C:/Xilinx/Vivado/2018.3/msys -hls -fno-exceptions -D__llvm__ -E vhls/image.cpp -fno-math-errno -c -emit-llvm -O0 -mllvm -disable-llvm-optzns -fno-threadsafe-statics -fno-use-cxa-atexit -fno-threadsafe-statics -fno-use-cxa-atexit -D__CLANG_3_1__ -D__cdecl= -DAESL_SYN -D__SYNTHESIS__ -D__HLS_SYN__ -I C:/Xilinx/Vivado/2018.3/common/technology/autopilot -I C:/Xilinx/Vivado/2018.3/common/technology/autopilot/ap_sysc -include etc/autopilot_ssdm_op.h -D__DSP48E1__ -o C:/Users/pacel/Documents/Spring_2023/ECE_1195/lab_6/lab_6/solution1/.autopilot/db/image.pp.0.cpp
Command       clang done; 0.699 sec.
Execute       tidy_31 xilinx-xfmat-array-geometry C:/Users/pacel/Documents/Spring_2023/ECE_1195/lab_6/lab_6/solution1/.autopilot/db/image.pp.0.cpp std=gnu++98 
INFO-FLOW: exec C:/Xilinx/Vivado/2018.3/win64/tools/clang-3.9-csynth/bin/tidy-3.1 -header-filter=.* -checks=-*,xilinx-xfmat-array-geometry -quiet -fix C:/Users/pacel/Documents/Spring_2023/ECE_1195/lab_6/lab_6/solution1/.autopilot/db/image.pp.0.cpp -- -std=gnu++98 -fhls -ferror-limit=0
INFO-FLOW: Syntax Checking before pre-processing...
Execute       clang -syntaxcheck -src C:/Users/pacel/Documents/Spring_2023/ECE_1195/lab_6/lab_6/solution1/.autopilot/db/image.pp.0.cpp  -fno-limit-debug-info -gcc-toolchain "C:/Xilinx/Vivado/2018.3/msys" -hls    -fno-math-errno -c -emit-llvm -O0  -mllvm -disable-llvm-optzns -fno-threadsafe-statics  -fno-use-cxa-atexit  -fno-threadsafe-statics -fno-use-cxa-atexit -D__CLANG_3_1__ -D__cdecl= -DAESL_SYN -D__SYNTHESIS__ -D__HLS_SYN__ -I "C:/Xilinx/Vivado/2018.3/common/technology/autopilot" -I "C:/Xilinx/Vivado/2018.3/common/technology/autopilot/ap_sysc" -include etc/autopilot_ssdm_op.h -D__DSP48E1__  "C:/Users/pacel/Documents/Spring_2023/ECE_1195/lab_6/lab_6/solution1/.autopilot/db/image.pp.0.cpp"  -o "C:/Users/pacel/Documents/Spring_2023/ECE_1195/lab_6/lab_6/solution1/.autopilot/db/useless.bc"  
INFO-FLOW: exec C:/Xilinx/Vivado/2018.3/win64/tools/clang/bin/clang -fno-limit-debug-info -gcc-toolchain C:/Xilinx/Vivado/2018.3/msys -hls -fno-math-errno -c -emit-llvm -O0 -mllvm -disable-llvm-optzns -fno-threadsafe-statics -fno-use-cxa-atexit -fno-threadsafe-statics -fno-use-cxa-atexit -D__CLANG_3_1__ -D__cdecl= -DAESL_SYN -D__SYNTHESIS__ -D__HLS_SYN__ -I C:/Xilinx/Vivado/2018.3/common/technology/autopilot -I C:/Xilinx/Vivado/2018.3/common/technology/autopilot/ap_sysc -include etc/autopilot_ssdm_op.h -D__DSP48E1__ C:/Users/pacel/Documents/Spring_2023/ECE_1195/lab_6/lab_6/solution1/.autopilot/db/image.pp.0.cpp -o C:/Users/pacel/Documents/Spring_2023/ECE_1195/lab_6/lab_6/solution1/.autopilot/db/useless.bc
Command       clang done; 0.706 sec.
INFO-FLOW: Done: GCC PP time: 1.5 seconds per iteration
Execute       list_core -type functional_unit 
Execute       tidy_31 xilinx-systemc-detector C:/Users/pacel/Documents/Spring_2023/ECE_1195/lab_6/lab_6/solution1/.autopilot/db/image.pp.0.cpp std=gnu++98 -directive=C:/Users/pacel/Documents/Spring_2023/ECE_1195/lab_6/lab_6/solution1/.autopilot/db/.systemc_flag 
INFO-FLOW: exec C:/Xilinx/Vivado/2018.3/win64/tools/clang-3.9-csynth/bin/tidy-3.1 -header-filter=.* -checks=-*,xilinx-systemc-detector -import-directive=C:/Users/pacel/Documents/Spring_2023/ECE_1195/lab_6/lab_6/solution1/.autopilot/db/.systemc_flag -quiet -fix-errors C:/Users/pacel/Documents/Spring_2023/ECE_1195/lab_6/lab_6/solution1/.autopilot/db/image.pp.0.cpp -- -std=gnu++98 -fhls -ferror-limit=0
INFO-FLOW: Running: tidy-3.1 CDT preprocess
Execute       tidy_31 xilinx-directive2pragma C:/Users/pacel/Documents/Spring_2023/ECE_1195/lab_6/lab_6/solution1/.autopilot/db/image.pp.0.cpp std=gnu++98 -directive=C:/Users/pacel/Documents/Spring_2023/ECE_1195/lab_6/lab_6/solution1/.autopilot/db/all.directive.json 
INFO-FLOW: exec C:/Xilinx/Vivado/2018.3/win64/tools/clang-3.9-csynth/bin/tidy-3.1 -header-filter=.* -checks=-*,xilinx-directive2pragma -import-directive=C:/Users/pacel/Documents/Spring_2023/ECE_1195/lab_6/lab_6/solution1/.autopilot/db/all.directive.json -quiet -fix-errors C:/Users/pacel/Documents/Spring_2023/ECE_1195/lab_6/lab_6/solution1/.autopilot/db/image.pp.0.cpp -- -std=gnu++98 -fhls -ferror-limit=0
Execute       get_config_dataflow -strict_mode 
Execute       ap_eval exec -ignorestderr C:/Xilinx/Vivado/2018.3/win64/tools/clang-3.9-csynth/bin/xilinx-dataflow-lawyer -export-fixes=C:/Users/pacel/Documents/Spring_2023/ECE_1195/lab_6/lab_6/solution1/.autopilot/db/xilinx-dataflow-lawyer.image.pp.0.cpp.diag.yml C:/Users/pacel/Documents/Spring_2023/ECE_1195/lab_6/lab_6/solution1/.autopilot/db/image.pp.0.cpp -- -std=gnu++98 -fhls -ferror-limit=0 -fstrict-dataflow > C:/Users/pacel/Documents/Spring_2023/ECE_1195/lab_6/lab_6/solution1/.autopilot/db/xilinx-dataflow-lawyer.image.pp.0.cpp.out.log 2> C:/Users/pacel/Documents/Spring_2023/ECE_1195/lab_6/lab_6/solution1/.autopilot/db/xilinx-dataflow-lawyer.image.pp.0.cpp.err.log 
Execute       tidy_31 -errorcheck xilinx-constantarray-param,xilinx-resource-pragma-transformer,xilinx-xfmat-array-geometry C:/Users/pacel/Documents/Spring_2023/ECE_1195/lab_6/lab_6/solution1/.autopilot/db/image.pp.0.cpp std=gnu++98 
Execute         ap_eval exec -ignorestderr C:/Xilinx/Vivado/2018.3/win64/tools/clang-3.9-csynth/bin/tidy-3.1 -export-fixes=C:/Users/pacel/Documents/Spring_2023/ECE_1195/lab_6/lab_6/solution1/.autopilot/db/tidy-3.1.image.pp.0.cpp.diag.yml -header-filter=.* -checks=-*,xilinx-constantarray-param,xilinx-resource-pragma-transformer,xilinx-xfmat-array-geometry -quiet -fix-errors C:/Users/pacel/Documents/Spring_2023/ECE_1195/lab_6/lab_6/solution1/.autopilot/db/image.pp.0.cpp -- -std=gnu++98 -fhls -ferror-limit=0 > C:/Users/pacel/Documents/Spring_2023/ECE_1195/lab_6/lab_6/solution1/.autopilot/db/tidy-3.1.image.pp.0.cpp.out.log 2> C:/Users/pacel/Documents/Spring_2023/ECE_1195/lab_6/lab_6/solution1/.autopilot/db/tidy-3.1.image.pp.0.cpp.err.log 
Execute         ap_eval exec -ignorestderr C:/Xilinx/Vivado/2018.3/win64/tools/clang-3.9-csynth/bin/xilinx-legacy-rewriter C:/Users/pacel/Documents/Spring_2023/ECE_1195/lab_6/lab_6/solution1/.autopilot/db/image.pp.0.cpp -- -std=gnu++98 -fhls -ferror-limit=0 > C:/Users/pacel/Documents/Spring_2023/ECE_1195/lab_6/lab_6/solution1/.autopilot/db/xilinx-legacy-rewriter.image.pp.0.cpp.out.log 2> C:/Users/pacel/Documents/Spring_2023/ECE_1195/lab_6/lab_6/solution1/.autopilot/db/xilinx-legacy-rewriter.image.pp.0.cpp.err.log 
Command       tidy_31 done; 0.162 sec.
INFO-FLOW: Done: tidy-3.1 CDT preprocess time: 0.3 seconds per iteration
INFO-FLOW: Pragma Handling...
Execute       tidy_31 xilinx-ssdm-intrinsics-arguments C:/Users/pacel/Documents/Spring_2023/ECE_1195/lab_6/lab_6/solution1/.autopilot/db/image.pragma.1.cpp std=gnu++98 
INFO-FLOW: exec C:/Xilinx/Vivado/2018.3/win64/tools/clang-3.9-csynth/bin/tidy-3.1 -header-filter=.* -checks=-*,xilinx-ssdm-intrinsics-arguments -quiet -fix-errors C:/Users/pacel/Documents/Spring_2023/ECE_1195/lab_6/lab_6/solution1/.autopilot/db/image.pragma.1.cpp -- -std=gnu++98 -fhls -ferror-limit=0
Execute       get_default_platform 
INFO-FLOW: Processing labels
Execute       clang -src C:/Users/pacel/Documents/Spring_2023/ECE_1195/lab_6/lab_6/solution1/.autopilot/db/image.pragma.2.cpp  -fno-limit-debug-info -gcc-toolchain C:/Xilinx/Vivado/2018.3/msys -hls -hls-analyze-label -hls-analyze-pragma -fno-exceptions  -D__llvm__  -w  "C:/Users/pacel/Documents/Spring_2023/ECE_1195/lab_6/lab_6/solution1/.autopilot/db/image.pragma.2.cpp"    -fno-math-errno -c -emit-llvm -O0  -mllvm -disable-llvm-optzns -fno-threadsafe-statics  -fno-use-cxa-atexit -DAESL_SYN -D__SYNTHESIS__ -D__HLS_SYN__ -I "C:/Xilinx/Vivado/2018.3/common/technology/autopilot" -I "C:/Xilinx/Vivado/2018.3/common/technology/autopilot/ap_sysc" -include etc/autopilot_ssdm_op.h -D__DSP48E1__ -g -o "C:/Users/pacel/Documents/Spring_2023/ECE_1195/lab_6/lab_6/solution1/.autopilot/db/image.bc" 
INFO-FLOW: exec C:/Xilinx/Vivado/2018.3/win64/tools/clang/bin/clang -fno-limit-debug-info -gcc-toolchain C:/Xilinx/Vivado/2018.3/msys -hls -hls-analyze-label -hls-analyze-pragma -fno-exceptions -D__llvm__ -w C:/Users/pacel/Documents/Spring_2023/ECE_1195/lab_6/lab_6/solution1/.autopilot/db/image.pragma.2.cpp -fno-math-errno -c -emit-llvm -O0 -mllvm -disable-llvm-optzns -fno-threadsafe-statics -fno-use-cxa-atexit -DAESL_SYN -D__SYNTHESIS__ -D__HLS_SYN__ -I C:/Xilinx/Vivado/2018.3/common/technology/autopilot -I C:/Xilinx/Vivado/2018.3/common/technology/autopilot/ap_sysc -include etc/autopilot_ssdm_op.h -D__DSP48E1__ -g -o C:/Users/pacel/Documents/Spring_2023/ECE_1195/lab_6/lab_6/solution1/.autopilot/db/image.bc
Command       clang done; 0.685 sec.
INFO-FLOW: Linking Debug ...
Execute       llvm-ld C:/Users/pacel/Documents/Spring_2023/ECE_1195/lab_6/lab_6/solution1/.autopilot/db/convolution.g.bc C:/Users/pacel/Documents/Spring_2023/ECE_1195/lab_6/lab_6/solution1/.autopilot/db/image.g.bc -hls-opt -except-internalize hw_conv -LC:/Xilinx/Vivado/2018.3/win64/lib -lhlsm -lhlsmc++ -o C:/Users/pacel/Documents/Spring_2023/ECE_1195/lab_6/lab_6/solution1/.autopilot/db/a.g 
Command       llvm-ld done; 0.732 sec.
INFO: [HLS 200-111] Finished Linking Time (s): cpu = 00:00:00 ; elapsed = 00:00:11 . Memory (MB): peak = 102.531 ; gain = 17.086
INFO: [HLS 200-111] Finished Checking Pragmas Time (s): cpu = 00:00:00 ; elapsed = 00:00:11 . Memory (MB): peak = 102.531 ; gain = 17.086
Execute       get_config_sdx -target 
Execute       opt_and_import_c a -opt_level=2 -skip_syncheck=0 -ng=0 -keep_printf=0 
Execute         cleanup_all_models 
INFO: [HLS 200-10] Starting code transformations ...
Execute         transform -promote-dbg-pointer C:/Users/pacel/Documents/Spring_2023/ECE_1195/lab_6/lab_6/solution1/.autopilot/db/a.pp.bc -o C:/Users/pacel/Documents/Spring_2023/ECE_1195/lab_6/lab_6/solution1/.autopilot/db/a.pp.0.bc -f 
Execute         llvm-ld C:/Users/pacel/Documents/Spring_2023/ECE_1195/lab_6/lab_6/solution1/.autopilot/db/a.pp.0.bc -disable-opt -LC:/Xilinx/Vivado/2018.3/win64/lib -lfloatconversion -o C:/Users/pacel/Documents/Spring_2023/ECE_1195/lab_6/lab_6/solution1/.autopilot/db/a.g.0 
Command         llvm-ld done; 0.359 sec.
INFO-FLOW: Running Standard Transforms...
Execute         transform -hls -share-std-xform -demangle-name -inline-byval-memcpy -always-inline -promote-dbg-pointer -interface-preproc -mem2reg -lower-blackbox -scalarrepl -mem2reg -keep-read-access -instcombine -dce -promote-dbg-pointer -bitop-raise -loop-simplify -indvarspre -indvars -loop-simplify -xunroll -constprop -instcombine -simplifycfg -indvars -simplifycfg -dce -globaldce -basicaa -simplifycfg -mem2reg -globalopt -global-constprop -deadargelim -instcombine -simplifycfg -prune-eh -simplifycfg -scalarrepl -instcombine -reassociate -licm -simplifycfg -loop-simplify -indvars -instcombine -simplifycfg -mem2reg -loop-simplify -indvars -instcombine -gvn -gvn -instcombine -adce -break-crit-edges -simplifycfg -loop-delete -global-array-opt -dce -dse -adce -find-syn-modules -top hw_conv -deadargelim -mem2reg -instcombine -dce -presyn-prepare -auto-rom-infer -interface-preproc -syn-check -check-rec-only -find-region -simplifycfg -func-extr -function-inline -globaldce -mem2reg -instcombine -dce -gvn -globaldce -adce -adse -constprop -instcombine -bit-constprop -instcombine -dce -simplifycfg -bitop-raise -simplifycfg -dce -loop-delete -reassociate -globalopt -global-privatize -mem2reg -dce -global-constprop -pointer-simplify -constprop -dce -func-inst -deadargelim -auto-shift-reg-idiom -promote-dbg-pointer -norm-name C:/Users/pacel/Documents/Spring_2023/ECE_1195/lab_6/lab_6/solution1/.autopilot/db/a.g.0.bc -o C:/Users/pacel/Documents/Spring_2023/ECE_1195/lab_6/lab_6/solution1/.autopilot/db/a.g.1.bc -f -phase std-opt 
Command         transform done; 0.112 sec.
INFO: [HLS 200-111] Finished Standard Transforms Time (s): cpu = 00:00:01 ; elapsed = 00:00:11 . Memory (MB): peak = 107.168 ; gain = 21.723
INFO: [HLS 200-10] Checking synthesizability ...
INFO-FLOW: Checking Synthesizability 1/2..
Execute         transform -hls -syn-check -check-rec-only -disaggr -scalarrepl -norm-name -dce -mem2reg -instcombine -function-uniquify -directive-preproc -mem2reg -dse -dce -auto-rom-infer -dce -pag -array-normalize -instcombine -dce -warn-fifo-pointer -array-seg-normalize -instcombine -dce -array-flatten -instcombine -dce -array-burst -dce -deadargelim -promote-global-argument -simplifycfg -mem2reg -globaldce -resolve-double-ptr -dce -deadargelim -dce -instcombine -function-inline -globaldce -dce -doublePtrSimplify -doublePtrElim -dce -doublePtrSimplify -promote-dbg-pointer -dce -scalarrepl -dse -adse -instcombine -ptrLegalization -simplifycfg -dce -instcombine -pointer-simplify -ptrArgReplace -dce -instcombine -disaggr -scalarrepl -norm-name -dce -mem2reg -instcombine -ptrLegalization -simplifycfg -deadargelim -instcombine -dce -inst-simplify -function-uniquify -directive-preproc -mem2reg -dse -dce -globaldce -check-dspbuiltin C:/Users/pacel/Documents/Spring_2023/ECE_1195/lab_6/lab_6/solution1/.autopilot/db/a.g.1.bc -o C:/Users/pacel/Documents/Spring_2023/ECE_1195/lab_6/lab_6/solution1/.autopilot/db/a.g.2.prechk.bc -f 
Command         transform done; 0.157 sec.
INFO-FLOW: Checking Synthesizability 2/2..
Execute         transform -syn-check C:/Users/pacel/Documents/Spring_2023/ECE_1195/lab_6/lab_6/solution1/.autopilot/db/a.g.2.prechk.bc -o C:/Users/pacel/Documents/Spring_2023/ECE_1195/lab_6/lab_6/solution1/.autopilot/db/a.g.2.bc -f -phase syn-check 
INFO: [HLS 200-111] Finished Checking Synthesizability Time (s): cpu = 00:00:01 ; elapsed = 00:00:12 . Memory (MB): peak = 108.949 ; gain = 23.504
INFO-FLOW: Compiler optimizing ...
INFO-FLOW: Share syncheck's 1.bc for syn flow: copy C:/Users/pacel/Documents/Spring_2023/ECE_1195/lab_6/lab_6/solution1/.autopilot/db/a.g.1.bc to C:/Users/pacel/Documents/Spring_2023/ECE_1195/lab_6/lab_6/solution1/.autopilot/db/a.o.1.bc
INFO-FLOW: Presyn 1...
Execute         transform -hls -tmp C:/Users/pacel/Documents/Spring_2023/ECE_1195/lab_6/lab_6/solution1/.autopilot/db -interface-port-rename -type-info -function-uniquify -directive-preproc -mem2reg -dse -dce -disaggr -scalarrepl -norm-name -deadargelim -mem2reg -instcombine -dce -simplifycfg -auto-rom-infer -dce -function-uniquify -resource-proc -simplifycfg -mem2reg -globaldce -resolve-double-ptr -dce -deadargelim -dce -instcombine -clib-intrinsic-prepare -dce -func-buffer -dce -pag -array-normalize -func-legal -instcombine -gvn -constprop -dce -ptrArgReplace -mem2reg -instcombine -dce -array-seg-normalize -deadargelim -instcombine -dce -pointer-simplify -dce -port-alignment -dce -interface-preproc -data-pack -instcombine -dce -basicaa -aggr-aa -aggrmodref-aa -aggr-aa -gvn -gvn -basicaa -aggr-aa -aggrmodref-aa -aggr-aa -dse -adse -adce -loop-simplify -indvars -instcombine -gvn -loop-simplify -mem2reg -dce -find-region -instcombine -auto-loop-pipeline -inst-simplify -interface-preproc -cfgopt -instcombine -indvars -auto-loop-unroll -loop-simplify -loop-bound -xunroll -constprop -instcombine -simplifycfg -indvars -simplifycfg -dce -globaldce -clean-region -attach-range -gvn -inst-simplify -constprop -simplifycfg -dce -pointer-simplify -dce -globalopt -constprop -dce -array-promote -constprop -instcombine -dce -ptrArgReplace -mem2reg -instcombine -simplifycfg -dce -auto-par -instcombine -dce -array-transform-check -array-reshape -instcombine -simplifycfg -dce -ptrArgReplace -deadargelim -mem2reg -instcombine -simplifycfg -dce -indvars -loop-simplify -loop-bound -xunroll -constprop -instcombine -simplifycfg -indvars -simplifycfg -dce -globaldce -basicaa -aggr-aa -aggrmodref-aa -aggr-aa -dse -duplicate-dataflow-processes -globaldce -instcombine -array-partition -instcombine -simplifycfg -dce -ptrArgReplace -global-constprop -deadargelim -mem2reg -func-legal -instcombine -dce -global-constprop -deadargelim -mem2reg -instcombine -simplifycfg -dce -merge-param -deadargelim -globalopt -constprop -dce -array-promote -constprop -instcombine -dce -ptrArgReplace -mem2reg -instcombine -simplifycfg -dce -mem-intrinsic-preproc -dce -global-internalize -global-privatize -mem2reg -globaldce -promote-global-argument -ptrArgReplace -mem2reg -instcombine -dce -globalopt -mergereturn -simplify-global-access -mem2reg -dce -pointer-simplify -dce -functionattrs -basicaa -aggr-aa -aggrmodref-aa -aggr-aa -gvn -gvn -basicaa -aggr-aa -aggrmodref-aa -aggr-aa -dse -adse -adce -inst-simplify -dce -norm-name -function-inline -globaldce -func-inst -constprop -instcombine -simplifycfg -dce -func-legal -dce -loop-bound -arraycheck -bitwidthmin -on-by-dataflow -loop-delete -instcombine -simplifycfg -globaldce -dce -gvn -deadargelim -dce -loop-simplify -clean-region -simplifycfg -propagate-stable-arguments -loop-stream -instcombine -simplifycfg -dce -globaldce -duplicate-dataflow-processes -stream-intrinsic-preproc -dce -check-ap-stream -loop-simplify -eliminate-keepreads -extract-dataflow-in-loop -loop-simplify -dce -gvn -deadargelim -dse -check-dataflow-syntax -legalize-stream-variable -legalize-global -extract-subproc -dce -dead-channel-elimination -canonicalize-gep -globaldce -dce -gvn -deadargelim -annotate-dataflow-channels -scalar-propagation -deadargelim -globaldce -mem2reg -check-dataflow-channels -function-stream -dce -globaldce -prop-fifo-spec -internal-stream-gen -canonicalize-gep -globaldce -dce -gvn -deadargelim -mergereturn -indvars -loop-simplify -instcombine -array-stream -array-seg-normalize -array-partition -func-legal -instcombine -simplifycfg -dce -bundle-memfifo-ops -deadargelim -function-uniquify -directive-preproc -mem2reg -dse -dce -group-axi-access -licm -simplifycfg -dce -loop-delete -norm-name C:/Users/pacel/Documents/Spring_2023/ECE_1195/lab_6/lab_6/solution1/.autopilot/db/a.o.1.bc -o C:/Users/pacel/Documents/Spring_2023/ECE_1195/lab_6/lab_6/solution1/.autopilot/db/a.o.1.tmp.bc -f 
INFO: [XFORM 203-502] Unrolling all sub-loops inside loop 'Loop-1' (vhls/convolution.cpp:117) in function 'hw_conv' for pipelining.
INFO: [HLS 200-489] Unrolling loop 'Loop-1.1' (vhls/convolution.cpp:145) in function 'hw_conv' completely with a factor of 3.
INFO: [HLS 200-489] Unrolling loop 'Loop-1.1.1' (vhls/convolution.cpp:148) in function 'hw_conv' completely with a factor of 2.
INFO: [HLS 200-489] Unrolling loop 'Loop-1.2' (vhls/convolution.cpp:194) in function 'hw_conv' completely with a factor of 9.
INFO: [XFORM 203-101] Partitioning array 'kbuf' (vhls/convolution.cpp:106) in dimension 1 completely.
INFO: [XFORM 203-101] Partitioning array 'lbuf' (vhls/convolution.cpp:107) in dimension 1 completely.
INFO: [XFORM 203-101] Partitioning array 'kbuf' (vhls/convolution.cpp:106) in dimension 2 completely.
WARNING: [XFORM 203-104] Completely partitioning array 'lbuf' (vhls/convolution.cpp:107) accessed through non-constant indices on dimension 1 (vhls/convolution.cpp:164:37), which may result in long runtime and suboptimal QoR due to large multiplexers. Please consider wrapping the array access into a function or using a register file core instead.
INFO: [XFORM 203-101] Partitioning array 'lbuf' (vhls/convolution.cpp:107) in dimension 2 completely.
Command         transform done; 3.932 sec.
INFO-FLOW: Presyn 2...
Execute         transform -hls -keep-callgraph -scalarrepl -mem2reg -port-alignment -attach-range -dce -pipe-mux-gen -indvars -loop-bound -inst-simplify -instcombine -dce -merge-array-access -mem2reg -dce -clean-region -mergereturn -if-conv -instcombine -dce -constprop -basicaa -aggr-aa -aggrmodref-aa -aggr-aa -gvn -gvn -basicaa -aggr-aa -aggrmodref-aa -aggr-aa -dse -adse -adce -scalarrepl -mem2reg -global-constprop -deadargelim -deadargelim -instcombine -dce -simplifycfg -ptrArgReplace -mem2reg -function-inline -globaldce -mem2reg -instcombine -dce -expr-balance -instcombine -dce -bitwidthmin -interface-preproc -directive-preproc -inst-rectify -instcombine -dce -functionattrs -constprop -instcombine -bit-constprop -simplify-global-access -globalopt -globaldce -inst-simplify -instcombine -elimdeaddata -dce -loop-delete -simplifycfg -loop-simplify -auto-burst -norm-name C:/Users/pacel/Documents/Spring_2023/ECE_1195/lab_6/lab_6/solution1/.autopilot/db/a.o.1.tmp.bc -o C:/Users/pacel/Documents/Spring_2023/ECE_1195/lab_6/lab_6/solution1/.autopilot/db/a.o.2.bc -f -phase presyn 
INFO: [XFORM 203-401] Performing if-conversion on hyperblock from (vhls/convolution.cpp:196:2) to (vhls/convolution.cpp:208:4) in function 'hw_conv'... converting 3 basic blocks.
INFO: [XFORM 203-11] Balancing expressions in function 'hw_conv' (vhls/convolution.cpp:98)...14 expression(s) balanced.
Command         transform done; 111.462 sec.
INFO: [HLS 200-111] Finished Pre-synthesis Time (s): cpu = 00:01:05 ; elapsed = 00:02:07 . Memory (MB): peak = 214.602 ; gain = 129.156
INFO-FLOW: Building ssdm...
Execute         transform -hls -function-uniquify -auto-function-inline -globaldce -ptrArgReplace -mem2reg -instcombine -dce -reset-lda -loop-simplify -indvars -licm -loop-dep -loop-bound -licm -loop-simplify -flattenloopnest -array-flatten -gvn -instcombine -dce -array-map -dce -func-legal -gvn -adce -instcombine -cfgopt -simplifycfg -loop-simplify -array-burst -promote-global-argument -dce -axi4-lower -array-seg-normalize -basicaa -aggrmodref-aa -globalsmodref-aa -aggr-aa -gvn -gvn -basicaa -aggrmodref-aa -globalsmodref-aa -aggr-aa -dse -adse -adce -licm -inst-simplify -dce -globaldce -instcombine -array-stream -eliminate-keepreads -instcombine -dce -deadargelim -doublePtrSimplify -doublePtrElim -dce -doublePtrSimplify -promote-dbg-pointer -dce -scalarrepl -mem2reg -disaggr -norm-name -mem2reg -instcombine -dse -adse -adce -ptrLegalization -dce -auto-rom-infer -array-flatten -dce -instcombine -check-doubleptr -loop-rot -constprop -cfgopt -simplifycfg -loop-simplify -indvars -pointer-simplify -dce -loop-bound -loop-simplify -loop-preproc -constprop -global-constprop -gvn -mem2reg -instcombine -dce -loop-bound -loop-merge -dce -bitwidthmin -deadargelim -dce -canonicalize-dataflow -dce -scalar-propagation -deadargelim -globaldce -mem2reg -read-loop-dep -interface-preproc -directive-preproc -interface-gen -bram-byte-enable -deadargelim -inst-simplify -dce -gvn -mem2reg -instcombine -dce -adse -loop-bound -instcombine -cfgopt -simplifycfg -loop-simplify -clean-region -io-protocol -find-region -mem2reg -bitop-raise -inst-simplify -inst-rectify -instcombine -adce -deadargelim -loop-simplify -phi-opt -bitop-raise -cfgopt -simplifycfg -strip-dead-prototypes -interface-lower -bitop-lower -intrinsic-lower -auto-function-inline -basicaa -aggrmodref-aa -globalsmodref-aa -aggr-aa -inst-simplify -simplifycfg -loop-simplify -mergereturn -inst-simplify -inst-rectify -dce -load-elim -bitop-lower -loop-rewind -pointer-simplify -dce -cfgopt -dce -bitwidth -loop-bound -loop-dep -read-loop-dep -dce -check-stream -norm-name -legalize -validate-dataflow -inst-clarity -cdfg-build C:/Users/pacel/Documents/Spring_2023/ECE_1195/lab_6/lab_6/solution1/.autopilot/db/a.o.2.bc -o C:/Users/pacel/Documents/Spring_2023/ECE_1195/lab_6/lab_6/solution1/.autopilot/db/a.o.3.bc -f -phase build-ssdm 
Command         transform done; 126.446 sec.
INFO: [HLS 200-111] Finished Architecture Synthesis Time (s): cpu = 00:02:20 ; elapsed = 00:04:13 . Memory (MB): peak = 214.602 ; gain = 129.156
INFO-FLOW: Finish building internal data model.
Command       opt_and_import_c done; 242.584 sec.
Command     elaborate done; 252.344 sec.
Execute     autosyn -from_csynth_design=1 
INFO: [HLS 200-10] Starting hardware synthesis ...
INFO-FLOW: Synthesizing C/C++ design ...
INFO: [HLS 200-10] Synthesizing 'hw_conv' ...
Execute       ap_set_top_model hw_conv 
Execute       get_model_list hw_conv -filter all-wo-channel -topdown 
Execute       preproc_iomode -model hw_conv 
Execute       get_model_list hw_conv -filter all-wo-channel 
INFO-FLOW: Model list for configure: hw_conv
INFO-FLOW: Configuring Module : hw_conv ...
Execute       set_default_model hw_conv 
Execute       apply_spec_resource_limit hw_conv 
INFO-FLOW: Model list for preprocess: hw_conv
INFO-FLOW: Preprocessing Module: hw_conv ...
Execute       set_default_model hw_conv 
Execute       cdfg_preprocess -model hw_conv 
Command       cdfg_preprocess done; 2.29 sec.
Execute       rtl_gen_preprocess hw_conv 
INFO-FLOW: Model list for synthesis: hw_conv
INFO: [HLS 200-10] ----------------------------------------------------------------
INFO: [HLS 200-42] -- Implementing module 'hw_conv' 
INFO: [HLS 200-10] ----------------------------------------------------------------
Execute       set_default_model hw_conv 
Execute       schedule -model hw_conv 
INFO: [SCHED 204-11] Starting scheduling ...
INFO: [SCHED 204-61] Pipelining loop 'Loop 1'.
INFO: [SCHED 204-61] Pipelining result : Target II = 1, Final II = 1, Depth = 4.
INFO: [SCHED 204-11] Finished scheduling.
Command       schedule done; 13.554 sec.
INFO: [HLS 200-111]  Elapsed time: 269.317 seconds; current allocated memory: 163.109 MB.
Execute       report -o C:/Users/pacel/Documents/Spring_2023/ECE_1195/lab_6/lab_6/solution1/.autopilot/db/hw_conv.verbose.sched.rpt -verbose -f 
Command       report done; 1.381 sec.
Execute       db_write -o C:/Users/pacel/Documents/Spring_2023/ECE_1195/lab_6/lab_6/solution1/.autopilot/db/hw_conv.sched.adb -f 
Command       db_write done; 1.718 sec.
INFO-FLOW: Finish scheduling hw_conv.
Execute       set_default_model hw_conv 
Execute       bind -model hw_conv 
BIND OPTION: fu_weight=[ 0.0 -- 1.0 ]
BIND OPTION: model=hw_conv
BIND OPTION: reg_weight=[ 0.0 -- 1.0 ]
INFO: [BIND 205-100] Starting micro-architecture generation ...
INFO: [BIND 205-101] Performing variable lifetime analysis.
INFO: [BIND 205-101] Exploring resource sharing.
INFO: [BIND 205-101] Binding ...
INFO: [BIND 205-100] Finished micro-architecture generation.
Command       bind done; 0.54 sec.
INFO: [HLS 200-111]  Elapsed time: 3.678 seconds; current allocated memory: 182.672 MB.
Execute       report -o C:/Users/pacel/Documents/Spring_2023/ECE_1195/lab_6/lab_6/solution1/.autopilot/db/hw_conv.verbose.bind.rpt -verbose -f 
Command       report done; 1.304 sec.
Execute       db_write -o C:/Users/pacel/Documents/Spring_2023/ECE_1195/lab_6/lab_6/solution1/.autopilot/db/hw_conv.bind.adb -f 
Command       db_write done; 1.878 sec.
INFO-FLOW: Finish binding hw_conv.
Execute       get_model_list hw_conv -filter all-wo-channel 
INFO-FLOW: Preprocessing for RTLGen ...
Execute       rtl_gen_preprocess hw_conv 
INFO-FLOW: Model list for RTL generation: hw_conv
INFO: [HLS 200-10] ----------------------------------------------------------------
INFO: [HLS 200-10] -- Generating RTL for module 'hw_conv' 
INFO: [HLS 200-10] ----------------------------------------------------------------
Execute       get_config_rtl -prefix 
Execute       get_config_rtl -auto_prefix 
Execute       create_rtl_model hw_conv -vendor xilinx -mg_file C:/Users/pacel/Documents/Spring_2023/ECE_1195/lab_6/lab_6/solution1/.autopilot/db/hw_conv.compgen.tcl 
INFO: [RTGEN 206-500] Setting interface mode on port 'hw_conv/sin_V_data_V' to 'axis' (register, both mode).
INFO: [RTGEN 206-500] Setting interface mode on port 'hw_conv/sin_V_keep_V' to 'axis' (register, both mode).
INFO: [RTGEN 206-500] Setting interface mode on port 'hw_conv/sin_V_strb_V' to 'axis' (register, both mode).
INFO: [RTGEN 206-500] Setting interface mode on port 'hw_conv/sin_V_user_V' to 'axis' (register, both mode).
INFO: [RTGEN 206-500] Setting interface mode on port 'hw_conv/sin_V_last_V' to 'axis' (register, both mode).
INFO: [RTGEN 206-500] Setting interface mode on port 'hw_conv/sin_V_id_V' to 'axis' (register, both mode).
INFO: [RTGEN 206-500] Setting interface mode on port 'hw_conv/sin_V_dest_V' to 'axis' (register, both mode).
INFO: [RTGEN 206-500] Setting interface mode on port 'hw_conv/sout_V_data_V' to 'axis' (register, both mode).
INFO: [RTGEN 206-500] Setting interface mode on port 'hw_conv/sout_V_keep_V' to 'axis' (register, both mode).
INFO: [RTGEN 206-500] Setting interface mode on port 'hw_conv/sout_V_strb_V' to 'axis' (register, both mode).
INFO: [RTGEN 206-500] Setting interface mode on port 'hw_conv/sout_V_user_V' to 'axis' (register, both mode).
INFO: [RTGEN 206-500] Setting interface mode on port 'hw_conv/sout_V_last_V' to 'axis' (register, both mode).
INFO: [RTGEN 206-500] Setting interface mode on port 'hw_conv/sout_V_id_V' to 'axis' (register, both mode).
INFO: [RTGEN 206-500] Setting interface mode on port 'hw_conv/sout_V_dest_V' to 'axis' (register, both mode).
INFO: [RTGEN 206-500] Setting interface mode on function 'hw_conv' to 'ap_ctrl_none'.
INFO: [SYN 201-210] Renamed object name 'hw_conv_mux_5099_8_1_1' to 'hw_conv_mux_5099_bkb' due to the length limit 20
INFO: [RTGEN 206-100] Generating core module 'hw_conv_mux_5099_bkb': 2 instance(s).
INFO: [RTGEN 206-100] Finished creating RTL model for 'hw_conv'.
Command       create_rtl_model done; 1.325 sec.
INFO: [HLS 200-111]  Elapsed time: 4.563 seconds; current allocated memory: 202.502 MB.
Execute       source C:/Users/pacel/Documents/Spring_2023/ECE_1195/lab_6/lab_6/solution1/.autopilot/db/hw_conv.rtl_wrap.cfg.tcl 
Execute       gen_rtl hw_conv -istop -style xilinx -tracefl mytrace -tracefmt vcd -traceopt all -f -lang sc -o C:/Users/pacel/Documents/Spring_2023/ECE_1195/lab_6/lab_6/solution1/syn/systemc/hw_conv -synmodules hw_conv 
Execute       gen_rtl hw_conv -istop -style xilinx -f -lang vhdl -o C:/Users/pacel/Documents/Spring_2023/ECE_1195/lab_6/lab_6/solution1/syn/vhdl/hw_conv 
Command       gen_rtl done; 0.11 sec.
Execute       gen_rtl hw_conv -istop -style xilinx -f -lang vlog -o C:/Users/pacel/Documents/Spring_2023/ECE_1195/lab_6/lab_6/solution1/syn/verilog/hw_conv 
Execute       export_constraint_db -o C:/Users/pacel/Documents/Spring_2023/ECE_1195/lab_6/lab_6/solution1/.autopilot/db/hw_conv.constraint.tcl -f -tool general 
Execute       report -model hw_conv -o C:/Users/pacel/Documents/Spring_2023/ECE_1195/lab_6/lab_6/solution1/.autopilot/db/hw_conv.design.xml -verbose -f -dv 
Execute       report -model hw_conv -o C:/Users/pacel/Documents/Spring_2023/ECE_1195/lab_6/lab_6/solution1/.autopilot/db/hw_conv.sdaccel.xml -verbose -f -sdaccel 
Command       report done; 0.148 sec.
Execute       gen_tb_info hw_conv -o C:/Users/pacel/Documents/Spring_2023/ECE_1195/lab_6/lab_6/solution1/.autopilot/db/hw_conv -p C:/Users/pacel/Documents/Spring_2023/ECE_1195/lab_6/lab_6/solution1/.autopilot/db 
Execute       report -model hw_conv -o C:/Users/pacel/Documents/Spring_2023/ECE_1195/lab_6/lab_6/solution1/syn/report/hw_conv_csynth.rpt -f 
Execute       report -model hw_conv -o C:/Users/pacel/Documents/Spring_2023/ECE_1195/lab_6/lab_6/solution1/syn/report/hw_conv_csynth.xml -f -x 
Execute       report -model hw_conv -o C:/Users/pacel/Documents/Spring_2023/ECE_1195/lab_6/lab_6/solution1/.autopilot/db/hw_conv.verbose.rpt -verbose -f 
Command       report done; 1.253 sec.
Execute       db_write -model hw_conv -o C:/Users/pacel/Documents/Spring_2023/ECE_1195/lab_6/lab_6/solution1/.autopilot/db/hw_conv.adb -f 
Command       db_write done; 1.815 sec.
Execute       sc_get_clocks hw_conv 
Execute       get_config_export -vivado_clock 
Execute       sc_get_portdomain hw_conv 
INFO-FLOW: Model list for RTL component generation: hw_conv
INFO-FLOW: Handling components in module [hw_conv] ... 
Execute       source C:/Users/pacel/Documents/Spring_2023/ECE_1195/lab_6/lab_6/solution1/.autopilot/db/hw_conv.compgen.tcl 
INFO-FLOW: Found component hw_conv_mux_5099_bkb.
INFO-FLOW: Append model hw_conv_mux_5099_bkb
INFO-FLOW: Append model hw_conv
INFO-FLOW: Generating RTL model list ...
INFO-FLOW: All models in this session: hw_conv_mux_5099_bkb hw_conv
INFO-FLOW: To file: write model hw_conv_mux_5099_bkb
INFO-FLOW: To file: write model hw_conv
INFO-FLOW: Finished generating RTL model list.


INFO-FLOW: RTL Generation done.
INFO-FLOW: CAS Generation done.
INFO-FLOW: CBC Generation done.
INFO-FLOW: DBG:CMD: auto_generate_csynth_design
INFO-FLOW: DBG:CMD:     auto_generate --sim-model -phase csynth_design -d C:/Users/pacel/Documents/Spring_2023/ECE_1195/lab_6/lab_6/solution1
Execute       source C:/Users/pacel/Documents/Spring_2023/ECE_1195/lab_6/lab_6/solution1/.autopilot/db/global.setting.tcl 
INFO-FLOW: DBG:CMD: read_platform_lib C:/Users/pacel/Documents/Spring_2023/ECE_1195/lab_6/lab_6/solution1/.autopilot/db/global.setting.tcl
Execute       source C:/Xilinx/Vivado/2018.3/common/technology/generic/autopilot/common.gen 
Execute         source C:/Xilinx/Vivado/2018.3/common/technology/generic/autopilot/APCoreGen.gen 
Execute       source C:/Xilinx/Vivado/2018.3/common/technology/generic/autopilot/op.gen 
Execute       source C:/Xilinx/Vivado/2018.3/common/technology/generic/autopilot/op_simcore.gen 
Execute       source C:/Xilinx/Vivado/2018.3/common/technology/generic/autopilot/interface.gen 
Execute       source C:/Users/pacel/Documents/Spring_2023/ECE_1195/lab_6/lab_6/solution1/.autopilot/db/global.setting.tcl 
Execute       source C:/Xilinx/Vivado/2018.3/common/technology/xilinx/zynq/zynq.gen 
Execute         source C:/Xilinx/Vivado/2018.3/common/technology/xilinx/common/virtex.gen 
Execute           source C:/Xilinx/Vivado/2018.3/common/technology/xilinx/common/xilinx.gen 
Execute             source C:/Xilinx/Vivado/2018.3/common/technology/xilinx/interface/plb46.gen 
Execute             source C:/Xilinx/Vivado/2018.3/common/technology/xilinx/interface/fsl.gen 
Execute             source C:/Xilinx/Vivado/2018.3/common/technology/xilinx/interface/axi4.gen 
Execute             source C:/Xilinx/Vivado/2018.3/common/technology/xilinx/interface/nativeAXI4.gen 
Execute               source C:/Xilinx/Vivado/2018.3/common/technology/xilinx/interface/saxilite.gen 
Execute               source C:/Xilinx/Vivado/2018.3/common/technology/xilinx/interface/maxi.gen 
Execute             source C:/Xilinx/Vivado/2018.3/common/technology/xilinx/scripts/xilinxcoregen.gen 
Execute             source C:/Xilinx/Vivado/2018.3/common/technology/xilinx/interface/XilEDKCoreGen.gen 
Execute             source C:/Xilinx/Vivado/2018.3/common/technology/xilinx/ip/dds_compiler.gen 
Execute             source C:/Xilinx/Vivado/2018.3/common/technology/xilinx/ip/util.gen 
Execute             source C:/Xilinx/Vivado/2018.3/common/technology/xilinx/ip/xfft.gen 
Execute             source C:/Xilinx/Vivado/2018.3/common/technology/xilinx/ip/xfir.gen 
Command           ap_source done; 0.109 sec.
Execute           source C:/Xilinx/Vivado/2018.3/common/technology/xilinx/common/dsp48.gen 
Command         ap_source done; 0.112 sec.
Command       ap_source done; 0.112 sec.
Execute       source C:/Xilinx/Vivado/2018.3/common/technology/xilinx/zynq/zynq_fpv6.gen 
Execute         source C:/Xilinx/Vivado/2018.3/common/technology/xilinx/common/xilinx_fpv6.gen 
INFO-FLOW: DBG:CMD:   using AESL_AUTOCG::g_clock_period=10.000 (was NA)
INFO-FLOW: DBG:CMD:       generate_ip_cores sim=1 export=0 expOnly=0 dstVlogDir=syn/verilog
Execute       source C:/Users/pacel/Documents/Spring_2023/ECE_1195/lab_6/lab_6/solution1/.autopilot/db/global.setting.tcl 
Execute       source C:/Users/pacel/Documents/Spring_2023/ECE_1195/lab_6/lab_6/solution1/.autopilot/db/global.setting.tcl 
Execute       source C:/Users/pacel/Documents/Spring_2023/ECE_1195/lab_6/lab_6/solution1/.autopilot/db/global.setting.tcl 
Execute       source C:/Users/pacel/Documents/Spring_2023/ECE_1195/lab_6/lab_6/solution1/.autopilot/db/hw_conv.compgen.tcl 
INFO-FLOW: DBG:CMD:     auto_generate -export -impltomg_flag -rtl both -tool Vivado -pcore_version 1.00.a -phase csynth_design -d C:/Users/pacel/Documents/Spring_2023/ECE_1195/lab_6/lab_6/solution1
Execute       source C:/Users/pacel/Documents/Spring_2023/ECE_1195/lab_6/lab_6/solution1/.autopilot/db/global.setting.tcl 
INFO-FLOW: DBG:CMD: read_platform_lib C:/Users/pacel/Documents/Spring_2023/ECE_1195/lab_6/lab_6/solution1/.autopilot/db/global.setting.tcl
Execute       source C:/Xilinx/Vivado/2018.3/common/technology/generic/autopilot/common.gen 
Execute         source C:/Xilinx/Vivado/2018.3/common/technology/generic/autopilot/APCoreGen.gen 
Execute       source C:/Xilinx/Vivado/2018.3/common/technology/generic/autopilot/op.gen 
Execute       source C:/Xilinx/Vivado/2018.3/common/technology/generic/autopilot/op_simcore.gen 
Execute       source C:/Xilinx/Vivado/2018.3/common/technology/generic/autopilot/interface.gen 
Execute       source C:/Users/pacel/Documents/Spring_2023/ECE_1195/lab_6/lab_6/solution1/.autopilot/db/global.setting.tcl 
Execute       source C:/Xilinx/Vivado/2018.3/common/technology/xilinx/zynq/zynq.gen 
Execute         source C:/Xilinx/Vivado/2018.3/common/technology/xilinx/common/virtex.gen 
Execute           source C:/Xilinx/Vivado/2018.3/common/technology/xilinx/common/xilinx.gen 
Execute             source C:/Xilinx/Vivado/2018.3/common/technology/xilinx/interface/plb46.gen 
Execute             source C:/Xilinx/Vivado/2018.3/common/technology/xilinx/interface/fsl.gen 
Execute             source C:/Xilinx/Vivado/2018.3/common/technology/xilinx/interface/axi4.gen 
Execute             source C:/Xilinx/Vivado/2018.3/common/technology/xilinx/interface/nativeAXI4.gen 
Execute               source C:/Xilinx/Vivado/2018.3/common/technology/xilinx/interface/saxilite.gen 
Execute               source C:/Xilinx/Vivado/2018.3/common/technology/xilinx/interface/maxi.gen 
Execute             source C:/Xilinx/Vivado/2018.3/common/technology/xilinx/scripts/xilinxcoregen.gen 
Execute             source C:/Xilinx/Vivado/2018.3/common/technology/xilinx/interface/XilEDKCoreGen.gen 
Execute             source C:/Xilinx/Vivado/2018.3/common/technology/xilinx/ip/dds_compiler.gen 
Execute             source C:/Xilinx/Vivado/2018.3/common/technology/xilinx/ip/util.gen 
Execute             source C:/Xilinx/Vivado/2018.3/common/technology/xilinx/ip/xfft.gen 
Execute             source C:/Xilinx/Vivado/2018.3/common/technology/xilinx/ip/xfir.gen 
Command           ap_source done; 0.107 sec.
Execute           source C:/Xilinx/Vivado/2018.3/common/technology/xilinx/common/dsp48.gen 
Command         ap_source done; 0.11 sec.
Command       ap_source done; 0.11 sec.
Execute       source C:/Xilinx/Vivado/2018.3/common/technology/xilinx/zynq/zynq_fpv6.gen 
Execute         source C:/Xilinx/Vivado/2018.3/common/technology/xilinx/common/xilinx_fpv6.gen 
INFO-FLOW: DBG:CMD:       initCTypeInfo top_module=hw_conv xml_exists=0
Execute       source C:/Users/pacel/Documents/Spring_2023/ECE_1195/lab_6/lab_6/solution1/.autopilot/db/hw_conv.rtl_wrap.cfg.tcl 
Execute       source C:/Users/pacel/Documents/Spring_2023/ECE_1195/lab_6/lab_6/solution1/.autopilot/db/hw_conv.rtl_wrap.cfg.tcl 
Execute       source C:/Users/pacel/Documents/Spring_2023/ECE_1195/lab_6/lab_6/solution1/.autopilot/db/hw_conv.rtl_wrap.cfg.tcl 
Execute       source C:/Users/pacel/Documents/Spring_2023/ECE_1195/lab_6/lab_6/solution1/.autopilot/db/hw_conv.tbgen.tcl 
Execute       source C:/Users/pacel/Documents/Spring_2023/ECE_1195/lab_6/lab_6/solution1/.autopilot/db/hw_conv.tbgen.tcl 
INFO-FLOW: DBG:CMD:       export_impl_rtl
INFO-FLOW: DBG:CMD:       generate_ip_cores sim=0 export=0 expOnly=0 dstVlogDir=impl/.verilog
Execute       source C:/Users/pacel/Documents/Spring_2023/ECE_1195/lab_6/lab_6/solution1/.autopilot/db/global.setting.tcl 
Execute       source C:/Users/pacel/Documents/Spring_2023/ECE_1195/lab_6/lab_6/solution1/.autopilot/db/hw_conv.compgen.tcl 
INFO-FLOW: DBG:CMD:       generate_ip_cores sim=0 export=1 expOnly=1 dstVlogDir=impl/.pcores/verilog
Execute       source C:/Users/pacel/Documents/Spring_2023/ECE_1195/lab_6/lab_6/solution1/.autopilot/db/global.setting.tcl 
Execute       source C:/Users/pacel/Documents/Spring_2023/ECE_1195/lab_6/lab_6/solution1/.autopilot/db/hw_conv.compgen.tcl 
INFO-FLOW: DBG:CMD:       generate_ip_cores sim=0 export=0 expOnly=0 dstVlogDir=impl/.pcores/verilog_sim
Execute       source C:/Users/pacel/Documents/Spring_2023/ECE_1195/lab_6/lab_6/solution1/.autopilot/db/global.setting.tcl 
Execute       source C:/Users/pacel/Documents/Spring_2023/ECE_1195/lab_6/lab_6/solution1/.autopilot/db/hw_conv.compgen.tcl 
Execute       source C:/Users/pacel/Documents/Spring_2023/ECE_1195/lab_6/lab_6/solution1/.autopilot/db/global.setting.tcl 
Execute       source C:/Users/pacel/Documents/Spring_2023/ECE_1195/lab_6/lab_6/solution1/.autopilot/db/hw_conv.constraint.tcl 
Execute       source C:/Users/pacel/Documents/Spring_2023/ECE_1195/lab_6/lab_6/solution1/.autopilot/db/hw_conv.tbgen.tcl 
INFO-FLOW: DBG:CMD:       hasPcoreIpAdapter=false #gSsdmPorts=28
INFO-FLOW: DBG:CMD: Skipping loadAnalyze_DB, #g_database=14
INFO-FLOW: DBG:CMD:       generate_json is_phase_csynth=1 g_has_adaptors=false generate_bd_files=1 #modelList=2 #gSsdmPorts=28
Execute       source C:/Users/pacel/Documents/Spring_2023/ECE_1195/lab_6/lab_6/solution1/.autopilot/db/global.setting.tcl 
Execute       source C:/Users/pacel/Documents/Spring_2023/ECE_1195/lab_6/lab_6/solution1/.autopilot/db/global.setting.tcl 
Execute       source C:/Users/pacel/Documents/Spring_2023/ECE_1195/lab_6/lab_6/solution1/.autopilot/db/hw_conv.tbgen.tcl 
Execute       source C:/Users/pacel/Documents/Spring_2023/ECE_1195/lab_6/lab_6/solution1/.autopilot/db/hw_conv.tbgen.tcl 
Execute       source C:/Users/pacel/Documents/Spring_2023/ECE_1195/lab_6/lab_6/solution1/.autopilot/db/hw_conv.tbgen.tcl 
Execute       source C:/Users/pacel/Documents/Spring_2023/ECE_1195/lab_6/lab_6/solution1/.autopilot/db/hw_conv.tbgen.tcl 
Execute       source C:/Users/pacel/Documents/Spring_2023/ECE_1195/lab_6/lab_6/solution1/.autopilot/db/hw_conv.tbgen.tcl 
Execute       source C:/Users/pacel/Documents/Spring_2023/ECE_1195/lab_6/lab_6/solution1/.autopilot/db/hw_conv.tbgen.tcl 
Execute       source C:/Users/pacel/Documents/Spring_2023/ECE_1195/lab_6/lab_6/solution1/.autopilot/db/hw_conv.tbgen.tcl 
Execute       source C:/Users/pacel/Documents/Spring_2023/ECE_1195/lab_6/lab_6/solution1/.autopilot/db/global.setting.tcl 
Execute       get_config_sdx -target 
Execute       get_config_export -xo 
Execute       source C:/Users/pacel/Documents/Spring_2023/ECE_1195/lab_6/lab_6/solution1/.autopilot/db/global.setting.tcl 
Execute       source C:/Users/pacel/Documents/Spring_2023/ECE_1195/lab_6/lab_6/solution1/.autopilot/db/hw_conv.constraint.tcl 
Execute       sc_get_clocks hw_conv 
Execute       source C:/Users/pacel/Documents/Spring_2023/ECE_1195/lab_6/lab_6/solution1/.autopilot/db/global.setting.tcl 
Execute       get_config_sdx -target 
Execute       get_config_sdx -profile 
Execute       ::config_rtl 
INFO-FLOW: DBG:CMD: add_json_sdx_info kernel file does not exist: C:/Users/pacel/Documents/Spring_2023/ECE_1195/lab_6/lab_6/solution1/.autopilot/db/kernel.internal.xml
INFO-FLOW: DBG:CMD:       delete-temp-dirs (skipped for debug)
INFO: [HLS 200-111] Finished generating all RTL models Time (s): cpu = 00:02:37 ; elapsed = 00:04:47 . Memory (MB): peak = 332.426 ; gain = 246.980
INFO: [SYSC 207-301] Generating SystemC RTL for hw_conv.
INFO: [VHDL 208-304] Generating VHDL RTL for hw_conv.
INFO: [VLOG 209-307] Generating Verilog RTL for hw_conv.
Command     autosyn done; 33.1 sec.
Execute     get_part 
Execute     get_config_export -sdx_tcl 
Command   csynth_design done; 285.469 sec.
Command ap_source done; 285.843 sec.
Execute cleanup_all 
INFO-FLOW: Workspace C:/Users/pacel/Documents/Spring_2023/ECE_1195/lab_6/lab_6/solution1 opened at Sat Apr 15 12:33:50 -0400 2023
Execute     config_clock -quiet -name default -period 10 -default=false 
INFO: [SYN 201-201] Setting up clock 'default' with a period of 10ns.
Execute     open_platform DefaultPlatform 
Execute     import_lib C:/Xilinx/Vivado/2018.3/common/technology/xilinx/zynq/zynq 
Execute       source C:/Xilinx/Vivado/2018.3/common/technology/xilinx/common/xilinx.lib 
Execute         source C:/Xilinx/Vivado/2018.3/common/technology/xilinx/interface/xilinx_interface.lib 
Execute           source C:/Xilinx/Vivado/2018.3/common/technology/xilinx/interface/plb46.lib 
Execute           source C:/Xilinx/Vivado/2018.3/common/technology/xilinx/interface/fsl.lib 
Execute           source C:/Xilinx/Vivado/2018.3/common/technology/xilinx/interface/axi4.lib 
Execute           source C:/Xilinx/Vivado/2018.3/common/technology/xilinx/interface/maxi.lib 
Execute           source C:/Xilinx/Vivado/2018.3/common/technology/xilinx/interface/saxilite.lib 
Execute         source C:/Xilinx/Vivado/2018.3/common/technology/xilinx/common/dsp48.lib 
Execute         source C:/Xilinx/Vivado/2018.3/common/technology/xilinx/ip/dds_compiler.lib 
Execute         source C:/Xilinx/Vivado/2018.3/common/technology/xilinx/ip/xfft.lib 
Execute         source C:/Xilinx/Vivado/2018.3/common/technology/xilinx/ip/xfir.lib 
Execute       source C:/Xilinx/Vivado/2018.3/common/technology/xilinx/common/xilinx_old.lib 
Execute       source C:/Xilinx/Vivado/2018.3/common/technology/xilinx/common/xilinx_vivado.lib 
Execute       source C:/Xilinx/Vivado/2018.3/common/technology/xilinx/common/xilinx.hlp 
Execute         source C:/Xilinx/Vivado/2018.3/common/technology/xilinx/common/target_info.tcl 
Execute         source C:/Xilinx/Vivado/2018.3/common/technology/xilinx/interface/xilinx_interface.hlp 
Execute           source C:/Xilinx/Vivado/2018.3/common/technology/xilinx/interface/maxi.hlp 
Execute           source C:/Xilinx/Vivado/2018.3/common/technology/xilinx/interface/saxilite.hlp 
Execute         source C:/Xilinx/Vivado/2018.3/common/technology/xilinx/common/dsp48.hlp 
Execute       source C:/Xilinx/Vivado/2018.3/common/technology/xilinx/zynq/dsp48e1.hlp 
Execute       get_default_platform 
Execute       config_chip_info -quiet -resource  {SLICE 13300}  {LUT 53200}     {FF 106400} {DSP48E 220}   {BRAM 280}  
Execute       config_chip_info -quiet -speed medium 
Execute       source C:/Xilinx/Vivado/2018.3/common/technology/xilinx/common/xilinx.hlp 
Execute         source C:/Xilinx/Vivado/2018.3/common/technology/xilinx/common/target_info.tcl 
Execute         source C:/Xilinx/Vivado/2018.3/common/technology/xilinx/interface/xilinx_interface.hlp 
Execute           source C:/Xilinx/Vivado/2018.3/common/technology/xilinx/interface/maxi.hlp 
Execute           source C:/Xilinx/Vivado/2018.3/common/technology/xilinx/interface/saxilite.hlp 
Execute         source C:/Xilinx/Vivado/2018.3/common/technology/xilinx/common/dsp48.hlp 
Execute     source C:/Xilinx/Vivado/2018.3/common/technology/xilinx/zynq/zynq.gen 
Execute       source C:/Xilinx/Vivado/2018.3/common/technology/xilinx/common/virtex.gen 
Execute         source C:/Xilinx/Vivado/2018.3/common/technology/xilinx/common/xilinx.gen 
Execute           source C:/Xilinx/Vivado/2018.3/common/technology/xilinx/interface/plb46.gen 
Execute           source C:/Xilinx/Vivado/2018.3/common/technology/xilinx/interface/fsl.gen 
Execute           source C:/Xilinx/Vivado/2018.3/common/technology/xilinx/interface/axi4.gen 
Execute           source C:/Xilinx/Vivado/2018.3/common/technology/xilinx/interface/nativeAXI4.gen 
Execute             source C:/Xilinx/Vivado/2018.3/common/technology/xilinx/interface/saxilite.gen 
Execute             source C:/Xilinx/Vivado/2018.3/common/technology/xilinx/interface/maxi.gen 
Execute           source C:/Xilinx/Vivado/2018.3/common/technology/xilinx/scripts/xilinxcoregen.gen 
Execute           source C:/Xilinx/Vivado/2018.3/common/technology/xilinx/interface/XilEDKCoreGen.gen 
Execute           source C:/Xilinx/Vivado/2018.3/common/technology/xilinx/ip/dds_compiler.gen 
Execute           source C:/Xilinx/Vivado/2018.3/common/technology/xilinx/ip/util.gen 
Execute           source C:/Xilinx/Vivado/2018.3/common/technology/xilinx/ip/xfft.gen 
Execute           source C:/Xilinx/Vivado/2018.3/common/technology/xilinx/ip/xfir.gen 
Command         ap_source done; 0.136 sec.
Execute         source C:/Xilinx/Vivado/2018.3/common/technology/xilinx/common/dsp48.gen 
Command       ap_source done; 0.139 sec.
Command     ap_source done; 0.139 sec.
Execute     open_platform DefaultPlatform 
Execute     import_lib C:/Xilinx/Vivado/2018.3/common/technology/xilinx/zynq/zynq_fpv6 
Execute       source C:/Xilinx/Vivado/2018.3/common/technology/xilinx/common/xilinx_fpv7.lib 
Execute         source C:/Xilinx/Vivado/2018.3/common/technology/xilinx/common/xilinx_hp.lib 
Execute       source C:/Xilinx/Vivado/2018.3/common/technology/xilinx/common/xilinx_fpv.hlp 
Execute         source C:/Xilinx/Vivado/2018.3/common/technology/xilinx/common/xilinx.hlp 
Execute           source C:/Xilinx/Vivado/2018.3/common/technology/xilinx/common/target_info.tcl 
Execute           source C:/Xilinx/Vivado/2018.3/common/technology/xilinx/interface/xilinx_interface.hlp 
Execute             source C:/Xilinx/Vivado/2018.3/common/technology/xilinx/interface/maxi.hlp 
Execute             source C:/Xilinx/Vivado/2018.3/common/technology/xilinx/interface/saxilite.hlp 
Execute           source C:/Xilinx/Vivado/2018.3/common/technology/xilinx/common/dsp48.hlp 
Execute       source C:/Xilinx/Vivado/2018.3/common/technology/xilinx/zynq/zynq_hp.hlp 
Execute     source C:/Xilinx/Vivado/2018.3/common/technology/xilinx/zynq/zynq_fpv6.gen 
Execute       source C:/Xilinx/Vivado/2018.3/common/technology/xilinx/common/xilinx_fpv6.gen 
Execute     set_part xc7z020clg400-1 
Execute       add_library xilinx/zynq/zynq:xc7z020:clg400:-1 
Execute         get_default_platform 
Execute         license_isbetapart xc7z020 
Command         license_isbetapart done; error code: 1; 
Execute         get_default_platform 
Execute         config_chip_info -quiet -resource  {SLICE 13300}  {LUT 53200}     {FF 106400} {DSP48E 220}   {BRAM 280}  
Execute         config_chip_info -quiet -speed slow 
Execute       add_library xilinx/zynq/zynq_fpv6 
Execute         get_default_platform 
INFO: [HLS 200-10] Setting target device to 'xc7z020clg400-1'
Execute       get_default_platform 
Execute     get_default_platform 
Execute     config_chip_info -quiet -resource  {SLICE 13300}  {LUT 53200}     {FF 106400} {DSP48E 220}   {BRAM 280}  
Execute     config_chip_info -quiet -speed slow 
Execute     config_export -format=ip_catalog 
Execute     config_export -rtl=vhdl 
Command   open_solution done; 0.241 sec.
Execute   csim_design -setup -clean -use_gcc -quiet 
Execute     source C:/Users/pacel/Documents/Spring_2023/ECE_1195/lab_6/lab_6/solution1/.autopilot/db/global.setting.tcl 
INFO: [SIM 211-2] *************** CSIM start ***************
INFO: [SIM 211-4] CSIM will launch GCC as the compiler.
Execute     source csim/.lst_opt.tcl 
Execute     is_encrypted C:/Users/pacel/Documents/Spring_2023/ECE_1195/lab_6/vhls/testbench.cpp 
Execute     is_xip C:/Users/pacel/Documents/Spring_2023/ECE_1195/lab_6/vhls/testbench.cpp 
Execute     is_encrypted C:/Users/pacel/Documents/Spring_2023/ECE_1195/lab_6/vhls/convolution.cpp 
Execute     is_xip C:/Users/pacel/Documents/Spring_2023/ECE_1195/lab_6/vhls/convolution.cpp 
Execute     is_encrypted C:/Users/pacel/Documents/Spring_2023/ECE_1195/lab_6/vhls/convolution.hpp 
Execute     is_xip C:/Users/pacel/Documents/Spring_2023/ECE_1195/lab_6/vhls/convolution.hpp 
Execute     is_encrypted C:/Users/pacel/Documents/Spring_2023/ECE_1195/lab_6/vhls/image.cpp 
Execute     is_xip C:/Users/pacel/Documents/Spring_2023/ECE_1195/lab_6/vhls/image.cpp 
Execute     is_encrypted C:/Users/pacel/Documents/Spring_2023/ECE_1195/lab_6/vhls/image.hpp 
Execute     is_xip C:/Users/pacel/Documents/Spring_2023/ECE_1195/lab_6/vhls/image.hpp 
Execute     is_encrypted C:/Users/pacel/Documents/Spring_2023/ECE_1195/lab_6/vhls/rock512.pgm 
Execute     is_xip C:/Users/pacel/Documents/Spring_2023/ECE_1195/lab_6/vhls/rock512.pgm 
Execute     get_default_platform 
INFO: [SIM 211-1] CSim file generation done with 0 errors.
INFO: [SIM 211-3] *************** CSIM finish ***************
Command   csim_design done; 4.122 sec.
Command ap_source done; 4.368 sec.
Execute cleanup_all 
