Copyright 1986-2018 Xilinx, Inc. All Rights Reserved.
------------------------------------------------------------------------------------
| Tool Version : Vivado v.2018.3 (win64) Build 2405991 Thu Dec  6 23:38:27 MST 2018
| Date         : Sun Jan 29 18:01:10 2023
| Host         : JUSTIN-LAPTOP running 64-bit major release  (build 9200)
| Command      : upgrade_ip
| Device       : xc7z020clg400-1
------------------------------------------------------------------------------------

Upgrade Log for IP 'Lab_1_adder_0_1'

1. Summary
----------

SUCCESS in the upgrade of Lab_1_adder_0_1 (xilinx.com:user:adder:1.0) from (Rev. 9) to (Rev. 10)






Copyright 1986-2018 Xilinx, Inc. All Rights Reserved.
------------------------------------------------------------------------------------
| Tool Version : Vivado v.2018.3 (win64) Build 2405991 Thu Dec  6 23:38:27 MST 2018
| Date         : Sun Jan 29 18:00:35 2023
| Host         : JUSTIN-LAPTOP running 64-bit major release  (build 9200)
| Command      : upgrade_ip
| Device       : xc7z020clg400-1
------------------------------------------------------------------------------------

Upgrade Log for IP 'Lab_1_adder_0_1'

1. Summary
----------

SUCCESS in the conversion of Lab_1_adder_0_1 (xilinx.com:user:adder:1.0 (Rev. 9)) to Vivado generation flows.






Copyright 1986-2018 Xilinx, Inc. All Rights Reserved.
------------------------------------------------------------------------------------
| Tool Version : Vivado v.2018.3 (win64) Build 2405991 Thu Dec  6 23:38:27 MST 2018
| Date         : Sun Jan 29 16:17:25 2023
| Host         : JUSTIN-LAPTOP running 64-bit major release  (build 9200)
| Command      : upgrade_ip
| Device       : xc7z020clg400-1
------------------------------------------------------------------------------------

Upgrade Log for IP 'Lab_1_adder_0_1'

1. Summary
----------

SUCCESS in the upgrade of Lab_1_adder_0_1 (xilinx.com:user:adder:1.0) from (Rev. 8) to (Rev. 9)






Copyright 1986-2018 Xilinx, Inc. All Rights Reserved.
------------------------------------------------------------------------------------
| Tool Version : Vivado v.2018.3 (win64) Build 2405991 Thu Dec  6 23:38:27 MST 2018
| Date         : Sun Jan 29 16:06:51 2023
| Host         : JUSTIN-LAPTOP running 64-bit major release  (build 9200)
| Command      : upgrade_ip
| Device       : xc7z020clg400-1
------------------------------------------------------------------------------------

Upgrade Log for IP 'Lab_1_adder_0_1'

1. Summary
----------

SUCCESS in the conversion of Lab_1_adder_0_1 (xilinx.com:user:adder:1.0 (Rev. 8)) to Vivado generation flows.






Copyright 1986-2018 Xilinx, Inc. All Rights Reserved.
------------------------------------------------------------------------------------
| Tool Version : Vivado v.2018.3 (win64) Build 2405991 Thu Dec  6 23:38:27 MST 2018
| Date         : Sun Jan 29 16:00:35 2023
| Host         : JUSTIN-LAPTOP running 64-bit major release  (build 9200)
| Command      : upgrade_ip
| Device       : xc7z020clg400-1
------------------------------------------------------------------------------------

Upgrade Log for IP 'Lab_1_adder_0_1'

1. Summary
----------

SUCCESS in the upgrade of Lab_1_adder_0_1 (xilinx.com:user:adder:1.0) from (Rev. 7) to (Rev. 8)






Copyright 1986-2018 Xilinx, Inc. All Rights Reserved.
------------------------------------------------------------------------------------
| Tool Version : Vivado v.2018.3 (win64) Build 2405991 Thu Dec  6 23:38:27 MST 2018
| Date         : Sun Jan 29 15:40:17 2023
| Host         : JUSTIN-LAPTOP running 64-bit major release  (build 9200)
| Command      : upgrade_ip
| Device       : xc7z020clg400-1
------------------------------------------------------------------------------------

Upgrade Log for IP 'Lab_1_adder_0_1'

1. Summary
----------

SUCCESS in the upgrade of Lab_1_adder_0_1 (xilinx.com:user:adder:1.0) from (Rev. 6) to (Rev. 7)






Copyright 1986-2018 Xilinx, Inc. All Rights Reserved.
------------------------------------------------------------------------------------
| Tool Version : Vivado v.2018.3 (win64) Build 2405991 Thu Dec  6 23:38:27 MST 2018
| Date         : Wed Jan 25 19:13:30 2023
| Host         : JUSTIN-LAPTOP running 64-bit major release  (build 9200)
| Command      : upgrade_ip
| Device       : xc7z020clg400-1
------------------------------------------------------------------------------------

Upgrade Log for IP 'Lab_1_adder_0_1'

1. Summary
----------

CAUTION (success, with warnings) in the upgrade of Lab_1_adder_0_1 (xilinx.com:user:adder:1.0) from (Rev. 5) to (Rev. 6)

After upgrade, an IP may have parameter and port differences compared to the original customization. Please review the parameters within the IP customization GUI to ensure proper functionality. Also, please review the updated IP instantiation template to ensure proper connectivity, and update your design if required.

2. Connection Warnings
----------------------

Detected external port differences while upgrading 'Lab_1_adder_0_1'. These changes may impact your design.


-Upgrade has added port 'C_out'

-Upgrade has added port 'k'







Copyright 1986-2018 Xilinx, Inc. All Rights Reserved.
------------------------------------------------------------------------------------
| Tool Version : Vivado v.2018.3 (win64) Build 2405991 Thu Dec  6 23:38:27 MST 2018
| Date         : Tue Jan 24 17:04:18 2023
| Host         : JUSTIN-LAPTOP running 64-bit major release  (build 9200)
| Command      : upgrade_ip
| Device       : xc7z020clg400-1
------------------------------------------------------------------------------------

Upgrade Log for IP 'Lab_1_adder_0_1'

1. Summary
----------

SUCCESS in the upgrade of Lab_1_adder_0_1 (xilinx.com:user:adder:1.0) from (Rev. 4) to (Rev. 5)






Copyright 1986-2018 Xilinx, Inc. All Rights Reserved.
------------------------------------------------------------------------------------
| Tool Version : Vivado v.2018.3 (win64) Build 2405991 Thu Dec  6 23:38:27 MST 2018
| Date         : Tue Jan 24 14:47:02 2023
| Host         : JUSTIN-LAPTOP running 64-bit major release  (build 9200)
| Command      : upgrade_ip
| Device       : xc7z020clg400-1
------------------------------------------------------------------------------------

Upgrade Log for IP 'Lab_1_adder_0_1'

1. Summary
----------

SUCCESS in the conversion of Lab_1_adder_0_1 (xilinx.com:user:adder:1.0 (Rev. 4)) to Vivado generation flows.

