#-----------------------------------------------------------
# Vivado v2018.3 (64-bit)
# SW Build 2405991 on Thu Dec  6 23:38:27 MST 2018
# IP Build 2404404 on Fri Dec  7 01:43:56 MST 2018
# Start of session at: Tue Jan 24 17:03:37 2023
# Process ID: 2936
# Current directory: C:/Users/pacel/Desktop/Work/Pitt/semesters/Spring_2023/ECE_1195/Lab_1
# Command line: vivado.exe -gui_launcher_event rodinguilauncherevent16832 C:\Users\pacel\Desktop\Work\Pitt\semesters\Spring_2023\ECE_1195\Lab_1\Lab_1.xpr
# Log file: C:/Users/pacel/Desktop/Work/Pitt/semesters/Spring_2023/ECE_1195/Lab_1/vivado.log
# Journal file: C:/Users/pacel/Desktop/Work/Pitt/semesters/Spring_2023/ECE_1195/Lab_1\vivado.jou
#-----------------------------------------------------------
start_gui
open_project C:/Users/pacel/Desktop/Work/Pitt/semesters/Spring_2023/ECE_1195/Lab_1/Lab_1.xpr
Scanning sources...
Finished scanning sources
INFO: [IP_Flow 19-234] Refreshing IP repositories
INFO: [IP_Flow 19-1700] Loaded user IP repository 'c:/Users/pacel/Desktop/Work/Pitt/semesters/Spring_2023/ECE_1195/Lab_1/Lab_1_repo'.
INFO: [IP_Flow 19-2313] Loaded Vivado IP repository 'C:/Xilinx/Vivado/2018.3/data/ip'.
WARNING: [BD 41-1661] One or more IPs have been locked in the design 'Lab_1.bd'. Please run report_ip_status for more details and recommendations on how to fix this issue.
List of locked IPs:
Lab_1_adder_0_1

open_project: Time (s): cpu = 00:00:12 ; elapsed = 00:00:05 . Memory (MB): peak = 736.898 ; gain = 122.328
update_compile_order -fileset sources_1
open_bd_design {C:/Users/pacel/Desktop/Work/Pitt/semesters/Spring_2023/ECE_1195/Lab_1/Lab_1.srcs/sources_1/bd/Lab_1/Lab_1.bd}
Adding cell -- xilinx.com:ip:processing_system7:5.5 - processing_system7_0
Adding cell -- SHREC:SHREC:axi_regmap:1.0 - axi_regmap_0
Adding cell -- xilinx.com:ip:axi_interconnect:2.1 - ps7_0_axi_periph
Adding cell -- xilinx.com:ip:axi_protocol_converter:2.1 - auto_pc
Adding cell -- xilinx.com:ip:proc_sys_reset:5.0 - rst_ps7_0_100M
Adding cell -- xilinx.com:ip:ila:6.2 - ila_0
INFO: [xilinx.com:ip:ila:6.2-6] /ila_0: Xilinx recommends using the System ILA IP in IP Integrator. The System ILA IP is functionally equivalent to an ILA and offers additional benefits in debugging interfaces both within IP Integrator and the Hardware Manager. Consult the Programming and Debug User Guide UG908 for further details.
Adding cell -- xilinx.com:user:adder:1.0 - adder_0
Successfully read diagram <Lab_1> from BD file <C:/Users/pacel/Desktop/Work/Pitt/semesters/Spring_2023/ECE_1195/Lab_1/Lab_1.srcs/sources_1/bd/Lab_1/Lab_1.bd>
open_bd_design: Time (s): cpu = 00:00:07 ; elapsed = 00:00:06 . Memory (MB): peak = 913.680 ; gain = 81.195
report_ip_status -name ip_status 
upgrade_ip -vlnv xilinx.com:user:adder:1.0 [get_ips  Lab_1_adder_0_1] -log ip_upgrade.log
Upgrading 'C:/Users/pacel/Desktop/Work/Pitt/semesters/Spring_2023/ECE_1195/Lab_1/Lab_1.srcs/sources_1/bd/Lab_1/Lab_1.bd'
INFO: [IP_Flow 19-3422] Upgraded Lab_1_adder_0_1 (adder_v1_0 1.0) from revision 4 to revision 5
Wrote  : <C:\Users\pacel\Desktop\Work\Pitt\semesters\Spring_2023\ECE_1195\Lab_1\Lab_1.srcs\sources_1\bd\Lab_1\Lab_1.bd> 
INFO: [Coretcl 2-1525] Wrote upgrade log to 'C:/Users/pacel/Desktop/Work/Pitt/semesters/Spring_2023/ECE_1195/Lab_1/ip_upgrade.log'.
export_ip_user_files -of_objects [get_ips Lab_1_adder_0_1] -no_script -sync -force -quiet
report_ip_status -name ip_status 
reset_run synth_1
launch_runs impl_1 -to_step write_bitstream -jobs 4
WARNING: [BD 41-702] Propagation TCL tries to overwrite USER strength parameter PCW_M_AXI_GP0_FREQMHZ(10) on '/processing_system7_0' with propagated value(100). Command ignored
WARNING: [BD 41-927] Following properties on pin /axi_regmap_0/S_AXI_ACLK have been updated from connected ip. They may not be synchronized with cell properties. You can set property on pin directly to confirm the value and resolve the warning.
	CLK_DOMAIN=Lab_1_processing_system7_0_0_FCLK_CLK0 
Wrote  : <C:\Users\pacel\Desktop\Work\Pitt\semesters\Spring_2023\ECE_1195\Lab_1\Lab_1.srcs\sources_1\bd\Lab_1\Lab_1.bd> 
VHDL Output written to : C:/Users/pacel/Desktop/Work/Pitt/semesters/Spring_2023/ECE_1195/Lab_1/Lab_1.srcs/sources_1/bd/Lab_1/synth/Lab_1.vhd
VHDL Output written to : C:/Users/pacel/Desktop/Work/Pitt/semesters/Spring_2023/ECE_1195/Lab_1/Lab_1.srcs/sources_1/bd/Lab_1/sim/Lab_1.vhd
VHDL Output written to : C:/Users/pacel/Desktop/Work/Pitt/semesters/Spring_2023/ECE_1195/Lab_1/Lab_1.srcs/sources_1/bd/Lab_1/hdl/Lab_1_wrapper.vhd
INFO: [BD 41-1029] Generation completed for the IP Integrator block processing_system7_0 .
INFO: [BD 41-1029] Generation completed for the IP Integrator block axi_regmap_0 .
INFO: [BD 41-1029] Generation completed for the IP Integrator block rst_ps7_0_100M .
INFO: [BD 41-1029] Generation completed for the IP Integrator block adder_0 .
INFO: [BD 41-1029] Generation completed for the IP Integrator block ila_0 .
WARNING: [IP_Flow 19-4994] Overwriting existing constraint file 'c:/Users/pacel/Desktop/Work/Pitt/semesters/Spring_2023/ECE_1195/Lab_1/Lab_1.srcs/sources_1/bd/Lab_1/ip/Lab_1_auto_pc_0/Lab_1_auto_pc_0_ooc.xdc'
INFO: [BD 41-1029] Generation completed for the IP Integrator block ps7_0_axi_periph/s00_couplers/auto_pc .
Exporting to file C:/Users/pacel/Desktop/Work/Pitt/semesters/Spring_2023/ECE_1195/Lab_1/Lab_1.srcs/sources_1/bd/Lab_1/hw_handoff/Lab_1.hwh
Generated Block Design Tcl file C:/Users/pacel/Desktop/Work/Pitt/semesters/Spring_2023/ECE_1195/Lab_1/Lab_1.srcs/sources_1/bd/Lab_1/hw_handoff/Lab_1_bd.tcl
Generated Hardware Definition File C:/Users/pacel/Desktop/Work/Pitt/semesters/Spring_2023/ECE_1195/Lab_1/Lab_1.srcs/sources_1/bd/Lab_1/synth/Lab_1.hwdef
INFO: [IP_Flow 19-4993] Using cached IP synthesis design for IP Lab_1_auto_pc_0, cache-ID = b06d29d4be7f4ec1; cache size = 7.844 MB.
[Tue Jan 24 17:05:07 2023] Launched Lab_1_adder_0_1_synth_1, synth_1...
Run output will be captured here:
Lab_1_adder_0_1_synth_1: C:/Users/pacel/Desktop/Work/Pitt/semesters/Spring_2023/ECE_1195/Lab_1/Lab_1.runs/Lab_1_adder_0_1_synth_1/runme.log
synth_1: C:/Users/pacel/Desktop/Work/Pitt/semesters/Spring_2023/ECE_1195/Lab_1/Lab_1.runs/synth_1/runme.log
[Tue Jan 24 17:05:07 2023] Launched impl_1...
Run output will be captured here: C:/Users/pacel/Desktop/Work/Pitt/semesters/Spring_2023/ECE_1195/Lab_1/Lab_1.runs/impl_1/runme.log
launch_runs: Time (s): cpu = 00:00:04 ; elapsed = 00:00:23 . Memory (MB): peak = 1006.059 ; gain = 85.297
report_ip_status -name ip_status 
open_run impl_1
INFO: [Netlist 29-17] Analyzing 109 Unisim elements for replacement
INFO: [Netlist 29-28] Unisim Transformation completed in 0 CPU seconds
INFO: [Project 1-479] Netlist was created with Vivado 2018.3
INFO: [Device 21-403] Loading part xc7z020clg400-1
INFO: [Project 1-570] Preparing netlist for logic optimization
INFO: [Timing 38-478] Restoring timing data from binary archive.
INFO: [Timing 38-479] Binary timing data restore complete.
INFO: [Project 1-856] Restoring constraints from binary archive.
INFO: [Project 1-853] Binary constraint restore complete.
Reading XDEF placement.
Reading placer database...
Reading XDEF routing.
Read XDEF File: Time (s): cpu = 00:00:01 ; elapsed = 00:00:00.396 . Memory (MB): peak = 1891.648 ; gain = 0.000
Restored from archive | CPU: 1.000000 secs | Memory: 0.000000 MB |
Finished XDEF File Restore: Time (s): cpu = 00:00:01 ; elapsed = 00:00:00.396 . Memory (MB): peak = 1891.648 ; gain = 0.000
Netlist sorting complete. Time (s): cpu = 00:00:00 ; elapsed = 00:00:00.002 . Memory (MB): peak = 1891.648 ; gain = 0.000
INFO: [Project 1-111] Unisim Transformation Summary:
  A total of 54 instances were transformed.
  CFGLUT5 => CFGLUT5 (SRLC32E, SRL16E): 48 instances
  RAM32M => RAM32M (RAMD32, RAMD32, RAMD32, RAMD32, RAMD32, RAMD32, RAMS32, RAMS32): 6 instances

WARNING: [Designutils 20-3303] unexpected site type 'IOPAD' in HDPYFinalizeIO
WARNING: [Designutils 20-3303] unexpected site type 'IOPAD' in HDPYFinalizeIO
WARNING: [Designutils 20-3303] unexpected site type 'IOPAD' in HDPYFinalizeIO
WARNING: [Designutils 20-3303] unexpected site type 'IOPAD' in HDPYFinalizeIO
WARNING: [Designutils 20-3303] unexpected site type 'IOPAD' in HDPYFinalizeIO
WARNING: [Designutils 20-3303] unexpected site type 'IOPAD' in HDPYFinalizeIO
WARNING: [Designutils 20-3303] unexpected site type 'IOPAD' in HDPYFinalizeIO
WARNING: [Designutils 20-3303] unexpected site type 'IOPAD' in HDPYFinalizeIO
WARNING: [Designutils 20-3303] unexpected site type 'IOPAD' in HDPYFinalizeIO
WARNING: [Designutils 20-3303] unexpected site type 'IOPAD' in HDPYFinalizeIO
WARNING: [Designutils 20-3303] unexpected site type 'IOPAD' in HDPYFinalizeIO
WARNING: [Designutils 20-3303] unexpected site type 'IOPAD' in HDPYFinalizeIO
WARNING: [Designutils 20-3303] unexpected site type 'IOPAD' in HDPYFinalizeIO
WARNING: [Designutils 20-3303] unexpected site type 'IOPAD' in HDPYFinalizeIO
WARNING: [Designutils 20-3303] unexpected site type 'IOPAD' in HDPYFinalizeIO
WARNING: [Designutils 20-3303] unexpected site type 'IOPAD' in HDPYFinalizeIO
WARNING: [Designutils 20-3303] unexpected site type 'IOPAD' in HDPYFinalizeIO
WARNING: [Designutils 20-3303] unexpected site type 'IOPAD' in HDPYFinalizeIO
WARNING: [Designutils 20-3303] unexpected site type 'IOPAD' in HDPYFinalizeIO
WARNING: [Designutils 20-3303] unexpected site type 'IOPAD' in HDPYFinalizeIO
WARNING: [Designutils 20-3303] unexpected site type 'IOPAD' in HDPYFinalizeIO
WARNING: [Designutils 20-3303] unexpected site type 'IOPAD' in HDPYFinalizeIO
WARNING: [Designutils 20-3303] unexpected site type 'IOPAD' in HDPYFinalizeIO
WARNING: [Designutils 20-3303] unexpected site type 'IOPAD' in HDPYFinalizeIO
WARNING: [Designutils 20-3303] unexpected site type 'IOPAD' in HDPYFinalizeIO
WARNING: [Designutils 20-3303] unexpected site type 'IOPAD' in HDPYFinalizeIO
WARNING: [Designutils 20-3303] unexpected site type 'IOPAD' in HDPYFinalizeIO
WARNING: [Designutils 20-3303] unexpected site type 'IOPAD' in HDPYFinalizeIO
WARNING: [Designutils 20-3303] unexpected site type 'IOPAD' in HDPYFinalizeIO
WARNING: [Designutils 20-3303] unexpected site type 'IOPAD' in HDPYFinalizeIO
WARNING: [Designutils 20-3303] unexpected site type 'IOPAD' in HDPYFinalizeIO
WARNING: [Designutils 20-3303] unexpected site type 'IOPAD' in HDPYFinalizeIO
WARNING: [Designutils 20-3303] unexpected site type 'IOPAD' in HDPYFinalizeIO
WARNING: [Designutils 20-3303] unexpected site type 'IOPAD' in HDPYFinalizeIO
WARNING: [Designutils 20-3303] unexpected site type 'IOPAD' in HDPYFinalizeIO
WARNING: [Designutils 20-3303] unexpected site type 'IOPAD' in HDPYFinalizeIO
WARNING: [Designutils 20-3303] unexpected site type 'IOPAD' in HDPYFinalizeIO
WARNING: [Designutils 20-3303] unexpected site type 'IOPAD' in HDPYFinalizeIO
WARNING: [Designutils 20-3303] unexpected site type 'IOPAD' in HDPYFinalizeIO
WARNING: [Designutils 20-3303] unexpected site type 'IOPAD' in HDPYFinalizeIO
WARNING: [Designutils 20-3303] unexpected site type 'IOPAD' in HDPYFinalizeIO
WARNING: [Designutils 20-3303] unexpected site type 'IOPAD' in HDPYFinalizeIO
WARNING: [Designutils 20-3303] unexpected site type 'IOPAD' in HDPYFinalizeIO
WARNING: [Designutils 20-3303] unexpected site type 'IOPAD' in HDPYFinalizeIO
WARNING: [Designutils 20-3303] unexpected site type 'IOPAD' in HDPYFinalizeIO
WARNING: [Designutils 20-3303] unexpected site type 'IOPAD' in HDPYFinalizeIO
WARNING: [Designutils 20-3303] unexpected site type 'IOPAD' in HDPYFinalizeIO
WARNING: [Designutils 20-3303] unexpected site type 'IOPAD' in HDPYFinalizeIO
WARNING: [Designutils 20-3303] unexpected site type 'IOPAD' in HDPYFinalizeIO
WARNING: [Designutils 20-3303] unexpected site type 'IOPAD' in HDPYFinalizeIO
WARNING: [Designutils 20-3303] unexpected site type 'IOPAD' in HDPYFinalizeIO
WARNING: [Designutils 20-3303] unexpected site type 'IOPAD' in HDPYFinalizeIO
WARNING: [Designutils 20-3303] unexpected site type 'IOPAD' in HDPYFinalizeIO
WARNING: [Designutils 20-3303] unexpected site type 'IOPAD' in HDPYFinalizeIO
WARNING: [Designutils 20-3303] unexpected site type 'IOPAD' in HDPYFinalizeIO
WARNING: [Designutils 20-3303] unexpected site type 'IOPAD' in HDPYFinalizeIO
WARNING: [Designutils 20-3303] unexpected site type 'IOPAD' in HDPYFinalizeIO
WARNING: [Designutils 20-3303] unexpected site type 'IOPAD' in HDPYFinalizeIO
WARNING: [Designutils 20-3303] unexpected site type 'IOPAD' in HDPYFinalizeIO
WARNING: [Designutils 20-3303] unexpected site type 'IOPAD' in HDPYFinalizeIO
WARNING: [Designutils 20-3303] unexpected site type 'IOPAD' in HDPYFinalizeIO
WARNING: [Designutils 20-3303] unexpected site type 'IOPAD' in HDPYFinalizeIO
WARNING: [Designutils 20-3303] unexpected site type 'IOPAD' in HDPYFinalizeIO
WARNING: [Designutils 20-3303] unexpected site type 'IOPAD' in HDPYFinalizeIO
WARNING: [Designutils 20-3303] unexpected site type 'IOPAD' in HDPYFinalizeIO
WARNING: [Designutils 20-3303] unexpected site type 'IOPAD' in HDPYFinalizeIO
WARNING: [Designutils 20-3303] unexpected site type 'IOPAD' in HDPYFinalizeIO
WARNING: [Designutils 20-3303] unexpected site type 'IOPAD' in HDPYFinalizeIO
WARNING: [Designutils 20-3303] unexpected site type 'IOPAD' in HDPYFinalizeIO
WARNING: [Designutils 20-3303] unexpected site type 'IOPAD' in HDPYFinalizeIO
WARNING: [Designutils 20-3303] unexpected site type 'IOPAD' in HDPYFinalizeIO
WARNING: [Designutils 20-3303] unexpected site type 'IOPAD' in HDPYFinalizeIO
WARNING: [Designutils 20-3303] unexpected site type 'IOPAD' in HDPYFinalizeIO
WARNING: [Designutils 20-3303] unexpected site type 'IOPAD' in HDPYFinalizeIO
WARNING: [Designutils 20-3303] unexpected site type 'IOPAD' in HDPYFinalizeIO
WARNING: [Designutils 20-3303] unexpected site type 'IOPAD' in HDPYFinalizeIO
WARNING: [Designutils 20-3303] unexpected site type 'IOPAD' in HDPYFinalizeIO
WARNING: [Designutils 20-3303] unexpected site type 'IOPAD' in HDPYFinalizeIO
WARNING: [Designutils 20-3303] unexpected site type 'IOPAD' in HDPYFinalizeIO
WARNING: [Designutils 20-3303] unexpected site type 'IOPAD' in HDPYFinalizeIO
WARNING: [Designutils 20-3303] unexpected site type 'IOPAD' in HDPYFinalizeIO
WARNING: [Designutils 20-3303] unexpected site type 'IOPAD' in HDPYFinalizeIO
WARNING: [Designutils 20-3303] unexpected site type 'IOPAD' in HDPYFinalizeIO
WARNING: [Designutils 20-3303] unexpected site type 'IOPAD' in HDPYFinalizeIO
WARNING: [Designutils 20-3303] unexpected site type 'IOPAD' in HDPYFinalizeIO
WARNING: [Designutils 20-3303] unexpected site type 'IOPAD' in HDPYFinalizeIO
WARNING: [Designutils 20-3303] unexpected site type 'IOPAD' in HDPYFinalizeIO
WARNING: [Designutils 20-3303] unexpected site type 'IOPAD' in HDPYFinalizeIO
WARNING: [Designutils 20-3303] unexpected site type 'IOPAD' in HDPYFinalizeIO
WARNING: [Designutils 20-3303] unexpected site type 'IOPAD' in HDPYFinalizeIO
WARNING: [Designutils 20-3303] unexpected site type 'IOPAD' in HDPYFinalizeIO
WARNING: [Designutils 20-3303] unexpected site type 'IOPAD' in HDPYFinalizeIO
WARNING: [Designutils 20-3303] unexpected site type 'IOPAD' in HDPYFinalizeIO
WARNING: [Designutils 20-3303] unexpected site type 'IOPAD' in HDPYFinalizeIO
WARNING: [Designutils 20-3303] unexpected site type 'IOPAD' in HDPYFinalizeIO
WARNING: [Designutils 20-3303] unexpected site type 'IOPAD' in HDPYFinalizeIO
WARNING: [Designutils 20-3303] unexpected site type 'IOPAD' in HDPYFinalizeIO
WARNING: [Designutils 20-3303] unexpected site type 'IOPAD' in HDPYFinalizeIO
WARNING: [Designutils 20-3303] unexpected site type 'IOPAD' in HDPYFinalizeIO
WARNING: [Designutils 20-3303] unexpected site type 'IOPAD' in HDPYFinalizeIO
INFO: [Common 17-14] Message 'Designutils 20-3303' appears 100 times and further instances of the messages will be disabled. Use the Tcl command set_msg_config to change the current settings.
open_run: Time (s): cpu = 00:00:20 ; elapsed = 00:00:27 . Memory (MB): peak = 2040.797 ; gain = 1007.758
WARNING: [Timing 38-436] There are set_bus_skew constraint(s) in this design. Please run report_bus_skew to ensure that bus skew requirements are met.
close_design
startgroup
set_property -dict [list CONFIG.WIDTH {32}] [get_bd_cells adder_0]
endgroup
startgroup
set_property -dict [list CONFIG.WIDTH0 {32} CONFIG.WIDTH1 {32}] [get_bd_cells axi_regmap_0]
endgroup
WARNING: [IP_Flow 19-4067] Ignoring invalid widget type specified checkbox.Providing a default widget
startgroup
set_property -dict [list CONFIG.C_PROBE2_WIDTH {32} CONFIG.C_PROBE1_WIDTH {32} CONFIG.C_PROBE0_WIDTH {32}] [get_bd_cells ila_0]
endgroup
validate_bd_design
WARNING: [BD 41-702] Propagation TCL tries to overwrite USER strength parameter PCW_M_AXI_GP0_FREQMHZ(10) on '/processing_system7_0' with propagated value(100). Command ignored
WARNING: [BD 41-927] Following properties on pin /axi_regmap_0/S_AXI_ACLK have been updated from connected ip. They may not be synchronized with cell properties. You can set property on pin directly to confirm the value and resolve the warning.
	CLK_DOMAIN=Lab_1_processing_system7_0_0_FCLK_CLK0 
save_bd_design
Wrote  : <C:\Users\pacel\Desktop\Work\Pitt\semesters\Spring_2023\ECE_1195\Lab_1\Lab_1.srcs\sources_1\bd\Lab_1\Lab_1.bd> 
reset_run synth_1
reset_run Lab_1_axi_regmap_0_1_synth_1
reset_run Lab_1_adder_0_1_synth_1
launch_runs impl_1 -to_step write_bitstream -jobs 4
INFO: [BD 41-1662] The design 'Lab_1.bd' is already validated. Therefore parameter propagation will not be re-run.
VHDL Output written to : C:/Users/pacel/Desktop/Work/Pitt/semesters/Spring_2023/ECE_1195/Lab_1/Lab_1.srcs/sources_1/bd/Lab_1/synth/Lab_1.vhd
VHDL Output written to : C:/Users/pacel/Desktop/Work/Pitt/semesters/Spring_2023/ECE_1195/Lab_1/Lab_1.srcs/sources_1/bd/Lab_1/sim/Lab_1.vhd
VHDL Output written to : C:/Users/pacel/Desktop/Work/Pitt/semesters/Spring_2023/ECE_1195/Lab_1/Lab_1.srcs/sources_1/bd/Lab_1/hdl/Lab_1_wrapper.vhd
INFO: [BD 41-1029] Generation completed for the IP Integrator block processing_system7_0 .
INFO: [BD 41-1029] Generation completed for the IP Integrator block axi_regmap_0 .
INFO: [BD 41-1029] Generation completed for the IP Integrator block rst_ps7_0_100M .
INFO: [BD 41-1029] Generation completed for the IP Integrator block adder_0 .
WARNING: [IP_Flow 19-4994] Overwriting existing constraint file 'c:/Users/pacel/Desktop/Work/Pitt/semesters/Spring_2023/ECE_1195/Lab_1/Lab_1.srcs/sources_1/bd/Lab_1/ip/Lab_1_ila_0_1/Lab_1_ila_0_1_ooc.xdc'
INFO: [BD 41-1029] Generation completed for the IP Integrator block ila_0 .
WARNING: [IP_Flow 19-4994] Overwriting existing constraint file 'c:/Users/pacel/Desktop/Work/Pitt/semesters/Spring_2023/ECE_1195/Lab_1/Lab_1.srcs/sources_1/bd/Lab_1/ip/Lab_1_auto_pc_0/Lab_1_auto_pc_0_ooc.xdc'
INFO: [BD 41-1029] Generation completed for the IP Integrator block ps7_0_axi_periph/s00_couplers/auto_pc .
Exporting to file C:/Users/pacel/Desktop/Work/Pitt/semesters/Spring_2023/ECE_1195/Lab_1/Lab_1.srcs/sources_1/bd/Lab_1/hw_handoff/Lab_1.hwh
Generated Block Design Tcl file C:/Users/pacel/Desktop/Work/Pitt/semesters/Spring_2023/ECE_1195/Lab_1/Lab_1.srcs/sources_1/bd/Lab_1/hw_handoff/Lab_1_bd.tcl
Generated Hardware Definition File C:/Users/pacel/Desktop/Work/Pitt/semesters/Spring_2023/ECE_1195/Lab_1/Lab_1.srcs/sources_1/bd/Lab_1/synth/Lab_1.hwdef
INFO: [IP_Flow 19-4993] Using cached IP synthesis design for IP Lab_1_auto_pc_0, cache-ID = b06d29d4be7f4ec1; cache size = 9.848 MB.
[Tue Jan 24 17:16:24 2023] Launched Lab_1_axi_regmap_0_1_synth_1, Lab_1_adder_0_1_synth_1, Lab_1_ila_0_1_synth_1, synth_1...
Run output will be captured here:
Lab_1_axi_regmap_0_1_synth_1: C:/Users/pacel/Desktop/Work/Pitt/semesters/Spring_2023/ECE_1195/Lab_1/Lab_1.runs/Lab_1_axi_regmap_0_1_synth_1/runme.log
Lab_1_adder_0_1_synth_1: C:/Users/pacel/Desktop/Work/Pitt/semesters/Spring_2023/ECE_1195/Lab_1/Lab_1.runs/Lab_1_adder_0_1_synth_1/runme.log
Lab_1_ila_0_1_synth_1: C:/Users/pacel/Desktop/Work/Pitt/semesters/Spring_2023/ECE_1195/Lab_1/Lab_1.runs/Lab_1_ila_0_1_synth_1/runme.log
synth_1: C:/Users/pacel/Desktop/Work/Pitt/semesters/Spring_2023/ECE_1195/Lab_1/Lab_1.runs/synth_1/runme.log
[Tue Jan 24 17:16:25 2023] Launched impl_1...
Run output will be captured here: C:/Users/pacel/Desktop/Work/Pitt/semesters/Spring_2023/ECE_1195/Lab_1/Lab_1.runs/impl_1/runme.log
launch_runs: Time (s): cpu = 00:00:05 ; elapsed = 00:00:25 . Memory (MB): peak = 2558.191 ; gain = 0.000
open_run impl_1
INFO: [Netlist 29-17] Analyzing 156 Unisim elements for replacement
INFO: [Netlist 29-28] Unisim Transformation completed in 0 CPU seconds
INFO: [Project 1-479] Netlist was created with Vivado 2018.3
INFO: [Project 1-570] Preparing netlist for logic optimization
INFO: [Timing 38-478] Restoring timing data from binary archive.
INFO: [Timing 38-479] Binary timing data restore complete.
INFO: [Project 1-856] Restoring constraints from binary archive.
INFO: [Project 1-853] Binary constraint restore complete.
Reading XDEF placement.
Reading placer database...
Reading XDEF routing.
Read XDEF File: Time (s): cpu = 00:00:00 ; elapsed = 00:00:00.421 . Memory (MB): peak = 2558.191 ; gain = 0.000
Restored from archive | CPU: 0.000000 secs | Memory: 0.000000 MB |
Finished XDEF File Restore: Time (s): cpu = 00:00:00 ; elapsed = 00:00:00.421 . Memory (MB): peak = 2558.191 ; gain = 0.000
Netlist sorting complete. Time (s): cpu = 00:00:00 ; elapsed = 00:00:00.002 . Memory (MB): peak = 2558.191 ; gain = 0.000
INFO: [Project 1-111] Unisim Transformation Summary:
  A total of 90 instances were transformed.
  CFGLUT5 => CFGLUT5 (SRLC32E, SRL16E): 84 instances
  RAM32M => RAM32M (RAMD32, RAMD32, RAMD32, RAMD32, RAMD32, RAMD32, RAMS32, RAMS32): 6 instances

WARNING: [Designutils 20-3303] unexpected site type 'IOPAD' in HDPYFinalizeIO
WARNING: [Designutils 20-3303] unexpected site type 'IOPAD' in HDPYFinalizeIO
WARNING: [Designutils 20-3303] unexpected site type 'IOPAD' in HDPYFinalizeIO
WARNING: [Designutils 20-3303] unexpected site type 'IOPAD' in HDPYFinalizeIO
WARNING: [Designutils 20-3303] unexpected site type 'IOPAD' in HDPYFinalizeIO
WARNING: [Designutils 20-3303] unexpected site type 'IOPAD' in HDPYFinalizeIO
WARNING: [Designutils 20-3303] unexpected site type 'IOPAD' in HDPYFinalizeIO
WARNING: [Designutils 20-3303] unexpected site type 'IOPAD' in HDPYFinalizeIO
WARNING: [Designutils 20-3303] unexpected site type 'IOPAD' in HDPYFinalizeIO
WARNING: [Designutils 20-3303] unexpected site type 'IOPAD' in HDPYFinalizeIO
WARNING: [Designutils 20-3303] unexpected site type 'IOPAD' in HDPYFinalizeIO
WARNING: [Designutils 20-3303] unexpected site type 'IOPAD' in HDPYFinalizeIO
WARNING: [Designutils 20-3303] unexpected site type 'IOPAD' in HDPYFinalizeIO
WARNING: [Designutils 20-3303] unexpected site type 'IOPAD' in HDPYFinalizeIO
WARNING: [Designutils 20-3303] unexpected site type 'IOPAD' in HDPYFinalizeIO
WARNING: [Designutils 20-3303] unexpected site type 'IOPAD' in HDPYFinalizeIO
WARNING: [Designutils 20-3303] unexpected site type 'IOPAD' in HDPYFinalizeIO
WARNING: [Designutils 20-3303] unexpected site type 'IOPAD' in HDPYFinalizeIO
WARNING: [Designutils 20-3303] unexpected site type 'IOPAD' in HDPYFinalizeIO
WARNING: [Designutils 20-3303] unexpected site type 'IOPAD' in HDPYFinalizeIO
WARNING: [Designutils 20-3303] unexpected site type 'IOPAD' in HDPYFinalizeIO
WARNING: [Designutils 20-3303] unexpected site type 'IOPAD' in HDPYFinalizeIO
WARNING: [Designutils 20-3303] unexpected site type 'IOPAD' in HDPYFinalizeIO
WARNING: [Designutils 20-3303] unexpected site type 'IOPAD' in HDPYFinalizeIO
WARNING: [Designutils 20-3303] unexpected site type 'IOPAD' in HDPYFinalizeIO
WARNING: [Designutils 20-3303] unexpected site type 'IOPAD' in HDPYFinalizeIO
WARNING: [Designutils 20-3303] unexpected site type 'IOPAD' in HDPYFinalizeIO
WARNING: [Designutils 20-3303] unexpected site type 'IOPAD' in HDPYFinalizeIO
WARNING: [Designutils 20-3303] unexpected site type 'IOPAD' in HDPYFinalizeIO
WARNING: [Designutils 20-3303] unexpected site type 'IOPAD' in HDPYFinalizeIO
WARNING: [Designutils 20-3303] unexpected site type 'IOPAD' in HDPYFinalizeIO
WARNING: [Designutils 20-3303] unexpected site type 'IOPAD' in HDPYFinalizeIO
WARNING: [Designutils 20-3303] unexpected site type 'IOPAD' in HDPYFinalizeIO
WARNING: [Designutils 20-3303] unexpected site type 'IOPAD' in HDPYFinalizeIO
WARNING: [Designutils 20-3303] unexpected site type 'IOPAD' in HDPYFinalizeIO
WARNING: [Designutils 20-3303] unexpected site type 'IOPAD' in HDPYFinalizeIO
WARNING: [Designutils 20-3303] unexpected site type 'IOPAD' in HDPYFinalizeIO
WARNING: [Designutils 20-3303] unexpected site type 'IOPAD' in HDPYFinalizeIO
WARNING: [Designutils 20-3303] unexpected site type 'IOPAD' in HDPYFinalizeIO
WARNING: [Designutils 20-3303] unexpected site type 'IOPAD' in HDPYFinalizeIO
WARNING: [Designutils 20-3303] unexpected site type 'IOPAD' in HDPYFinalizeIO
WARNING: [Designutils 20-3303] unexpected site type 'IOPAD' in HDPYFinalizeIO
WARNING: [Designutils 20-3303] unexpected site type 'IOPAD' in HDPYFinalizeIO
WARNING: [Designutils 20-3303] unexpected site type 'IOPAD' in HDPYFinalizeIO
WARNING: [Designutils 20-3303] unexpected site type 'IOPAD' in HDPYFinalizeIO
WARNING: [Designutils 20-3303] unexpected site type 'IOPAD' in HDPYFinalizeIO
WARNING: [Designutils 20-3303] unexpected site type 'IOPAD' in HDPYFinalizeIO
WARNING: [Designutils 20-3303] unexpected site type 'IOPAD' in HDPYFinalizeIO
WARNING: [Designutils 20-3303] unexpected site type 'IOPAD' in HDPYFinalizeIO
WARNING: [Designutils 20-3303] unexpected site type 'IOPAD' in HDPYFinalizeIO
WARNING: [Designutils 20-3303] unexpected site type 'IOPAD' in HDPYFinalizeIO
WARNING: [Designutils 20-3303] unexpected site type 'IOPAD' in HDPYFinalizeIO
WARNING: [Designutils 20-3303] unexpected site type 'IOPAD' in HDPYFinalizeIO
WARNING: [Designutils 20-3303] unexpected site type 'IOPAD' in HDPYFinalizeIO
WARNING: [Designutils 20-3303] unexpected site type 'IOPAD' in HDPYFinalizeIO
WARNING: [Designutils 20-3303] unexpected site type 'IOPAD' in HDPYFinalizeIO
WARNING: [Designutils 20-3303] unexpected site type 'IOPAD' in HDPYFinalizeIO
WARNING: [Designutils 20-3303] unexpected site type 'IOPAD' in HDPYFinalizeIO
WARNING: [Designutils 20-3303] unexpected site type 'IOPAD' in HDPYFinalizeIO
WARNING: [Designutils 20-3303] unexpected site type 'IOPAD' in HDPYFinalizeIO
WARNING: [Designutils 20-3303] unexpected site type 'IOPAD' in HDPYFinalizeIO
WARNING: [Designutils 20-3303] unexpected site type 'IOPAD' in HDPYFinalizeIO
WARNING: [Designutils 20-3303] unexpected site type 'IOPAD' in HDPYFinalizeIO
WARNING: [Designutils 20-3303] unexpected site type 'IOPAD' in HDPYFinalizeIO
WARNING: [Designutils 20-3303] unexpected site type 'IOPAD' in HDPYFinalizeIO
WARNING: [Designutils 20-3303] unexpected site type 'IOPAD' in HDPYFinalizeIO
WARNING: [Designutils 20-3303] unexpected site type 'IOPAD' in HDPYFinalizeIO
WARNING: [Designutils 20-3303] unexpected site type 'IOPAD' in HDPYFinalizeIO
WARNING: [Designutils 20-3303] unexpected site type 'IOPAD' in HDPYFinalizeIO
WARNING: [Designutils 20-3303] unexpected site type 'IOPAD' in HDPYFinalizeIO
WARNING: [Designutils 20-3303] unexpected site type 'IOPAD' in HDPYFinalizeIO
WARNING: [Designutils 20-3303] unexpected site type 'IOPAD' in HDPYFinalizeIO
WARNING: [Designutils 20-3303] unexpected site type 'IOPAD' in HDPYFinalizeIO
WARNING: [Designutils 20-3303] unexpected site type 'IOPAD' in HDPYFinalizeIO
WARNING: [Designutils 20-3303] unexpected site type 'IOPAD' in HDPYFinalizeIO
WARNING: [Designutils 20-3303] unexpected site type 'IOPAD' in HDPYFinalizeIO
WARNING: [Designutils 20-3303] unexpected site type 'IOPAD' in HDPYFinalizeIO
WARNING: [Designutils 20-3303] unexpected site type 'IOPAD' in HDPYFinalizeIO
WARNING: [Designutils 20-3303] unexpected site type 'IOPAD' in HDPYFinalizeIO
WARNING: [Designutils 20-3303] unexpected site type 'IOPAD' in HDPYFinalizeIO
WARNING: [Designutils 20-3303] unexpected site type 'IOPAD' in HDPYFinalizeIO
WARNING: [Designutils 20-3303] unexpected site type 'IOPAD' in HDPYFinalizeIO
WARNING: [Designutils 20-3303] unexpected site type 'IOPAD' in HDPYFinalizeIO
WARNING: [Designutils 20-3303] unexpected site type 'IOPAD' in HDPYFinalizeIO
WARNING: [Designutils 20-3303] unexpected site type 'IOPAD' in HDPYFinalizeIO
WARNING: [Designutils 20-3303] unexpected site type 'IOPAD' in HDPYFinalizeIO
WARNING: [Designutils 20-3303] unexpected site type 'IOPAD' in HDPYFinalizeIO
WARNING: [Designutils 20-3303] unexpected site type 'IOPAD' in HDPYFinalizeIO
WARNING: [Designutils 20-3303] unexpected site type 'IOPAD' in HDPYFinalizeIO
WARNING: [Designutils 20-3303] unexpected site type 'IOPAD' in HDPYFinalizeIO
WARNING: [Designutils 20-3303] unexpected site type 'IOPAD' in HDPYFinalizeIO
WARNING: [Designutils 20-3303] unexpected site type 'IOPAD' in HDPYFinalizeIO
WARNING: [Designutils 20-3303] unexpected site type 'IOPAD' in HDPYFinalizeIO
WARNING: [Designutils 20-3303] unexpected site type 'IOPAD' in HDPYFinalizeIO
WARNING: [Designutils 20-3303] unexpected site type 'IOPAD' in HDPYFinalizeIO
WARNING: [Designutils 20-3303] unexpected site type 'IOPAD' in HDPYFinalizeIO
WARNING: [Designutils 20-3303] unexpected site type 'IOPAD' in HDPYFinalizeIO
WARNING: [Designutils 20-3303] unexpected site type 'IOPAD' in HDPYFinalizeIO
WARNING: [Designutils 20-3303] unexpected site type 'IOPAD' in HDPYFinalizeIO
WARNING: [Designutils 20-3303] unexpected site type 'IOPAD' in HDPYFinalizeIO
INFO: [Common 17-14] Message 'Designutils 20-3303' appears 100 times and further instances of the messages will be disabled. Use the Tcl command set_msg_config to change the current settings.
WARNING: [Timing 38-436] There are set_bus_skew constraint(s) in this design. Please run report_bus_skew to ensure that bus skew requirements are met.
launch_sdk -workspace C:/Users/pacel/Desktop/Work/Pitt/semesters/Spring_2023/ECE_1195/Lab_1/Lab_1.sdk -hwspec C:/Users/pacel/Desktop/Work/Pitt/semesters/Spring_2023/ECE_1195/Lab_1/Lab_1.sdk/Lab_1_wrapper.hdf
INFO: [Vivado 12-393] Launching SDK...
INFO: [Vivado 12-417] Running xsdk -workspace C:/Users/pacel/Desktop/Work/Pitt/semesters/Spring_2023/ECE_1195/Lab_1/Lab_1.sdk -hwspec C:/Users/pacel/Desktop/Work/Pitt/semesters/Spring_2023/ECE_1195/Lab_1/Lab_1.sdk/Lab_1_wrapper.hdf
INFO: [Vivado 12-3157] SDK launch initiated. Please check console for any further messages.
launch_sdk -workspace C:/Users/pacel/Desktop/Work/Pitt/semesters/Spring_2023/ECE_1195/Lab_1/Lab_1.sdk -hwspec C:/Users/pacel/Desktop/Work/Pitt/semesters/Spring_2023/ECE_1195/Lab_1/Lab_1.sdk/Lab_1_wrapper.hdf
INFO: [Vivado 12-393] Launching SDK...
INFO: [Vivado 12-417] Running xsdk -workspace C:/Users/pacel/Desktop/Work/Pitt/semesters/Spring_2023/ECE_1195/Lab_1/Lab_1.sdk -hwspec C:/Users/pacel/Desktop/Work/Pitt/semesters/Spring_2023/ECE_1195/Lab_1/Lab_1.sdk/Lab_1_wrapper.hdf
INFO: [Vivado 12-3157] SDK launch initiated. Please check console for any further messages.
open_hw
connect_hw_server
INFO: [Labtools 27-2285] Connecting to hw_server url TCP:localhost:3121
open_hw_target
INFO: [Labtoolstcl 44-466] Opening hw_target localhost:3121/xilinx_tcf/Digilent/003017AEE2DCA
open_hw_target: Time (s): cpu = 00:00:03 ; elapsed = 00:00:06 . Memory (MB): peak = 3361.156 ; gain = 748.238
set_property PROGRAM.FILE {C:/Users/pacel/Desktop/Work/Pitt/semesters/Spring_2023/ECE_1195/Lab_1/Lab_1.runs/impl_1/Lab_1_wrapper.bit} [get_hw_devices xc7z020_1]
set_property PROBES.FILE {C:/Users/pacel/Desktop/Work/Pitt/semesters/Spring_2023/ECE_1195/Lab_1/Lab_1.runs/impl_1/Lab_1_wrapper.ltx} [get_hw_devices xc7z020_1]
set_property FULL_PROBES.FILE {C:/Users/pacel/Desktop/Work/Pitt/semesters/Spring_2023/ECE_1195/Lab_1/Lab_1.runs/impl_1/Lab_1_wrapper.ltx} [get_hw_devices xc7z020_1]
current_hw_device [get_hw_devices xc7z020_1]
refresh_hw_device [lindex [get_hw_devices xc7z020_1] 0]
INFO: [Labtools 27-2302] Device xc7z020 (JTAG device index = 1) is programmed with a design that has 1 ILA core(s).
WARNING: [Labtools 27-1972] Mismatch between the design programmed into the device xc7z020 (JTAG device index = 1) and the probes file(s) C:/Users/pacel/Desktop/Work/Pitt/semesters/Spring_2023/ECE_1195/Lab_1/Lab_1.runs/impl_1/Lab_1_wrapper.ltx.
 The core at location uuid_E59519B2B6D75F5186271E1CE9BAAC47 has different widths for ILA input port 0. Port width in the device core is 8, but port width in the probes file is 32.
Resolution: 
1. Reprogram device with the correct programming file and associated probes file(s) OR
2. Goto device properties and associate the correct probes file(s) with the programming file already programmed in the device.
open_bd_design {C:/Users/pacel/Desktop/Work/Pitt/semesters/Spring_2023/ECE_1195/Lab_1/Lab_1.srcs/sources_1/bd/Lab_1/Lab_1.bd}
ERROR: [Labtoolstcl 44-513] HW Target shutdown. Closing target: localhost:3121/xilinx_tcf/Digilent/003017AEE2DCA
exit
INFO: [Common 17-206] Exiting Vivado at Tue Jan 24 22:51:47 2023...
