INFO-FLOW: Workspace C:/Users/pacel/Documents/Spring_2023/ECE_1195/lab_5/lab_5/sln1 opened at Sun Apr 02 15:44:52 -0400 2023
Execute     config_clock -quiet -name default -period 10 -default=false 
INFO: [SYN 201-201] Setting up clock 'default' with a period of 10ns.
Execute     open_platform DefaultPlatform 
Execute     import_lib C:/Xilinx/Vivado/2018.3/common/technology/xilinx/zynq/zynq 
Execute       source C:/Xilinx/Vivado/2018.3/common/technology/xilinx/common/xilinx.lib 
Execute         source C:/Xilinx/Vivado/2018.3/common/technology/xilinx/interface/xilinx_interface.lib 
Execute           source C:/Xilinx/Vivado/2018.3/common/technology/xilinx/interface/plb46.lib 
Execute           source C:/Xilinx/Vivado/2018.3/common/technology/xilinx/interface/fsl.lib 
Execute           source C:/Xilinx/Vivado/2018.3/common/technology/xilinx/interface/axi4.lib 
Execute           source C:/Xilinx/Vivado/2018.3/common/technology/xilinx/interface/maxi.lib 
Execute           source C:/Xilinx/Vivado/2018.3/common/technology/xilinx/interface/saxilite.lib 
Execute         source C:/Xilinx/Vivado/2018.3/common/technology/xilinx/common/dsp48.lib 
Execute         source C:/Xilinx/Vivado/2018.3/common/technology/xilinx/ip/dds_compiler.lib 
Execute         source C:/Xilinx/Vivado/2018.3/common/technology/xilinx/ip/xfft.lib 
Execute         source C:/Xilinx/Vivado/2018.3/common/technology/xilinx/ip/xfir.lib 
Execute       source C:/Xilinx/Vivado/2018.3/common/technology/xilinx/common/xilinx_old.lib 
Execute       source C:/Xilinx/Vivado/2018.3/common/technology/xilinx/common/xilinx_vivado.lib 
Execute       source C:/Xilinx/Vivado/2018.3/common/technology/xilinx/common/xilinx.hlp 
Execute         source C:/Xilinx/Vivado/2018.3/common/technology/xilinx/common/target_info.tcl 
Execute         source C:/Xilinx/Vivado/2018.3/common/technology/xilinx/interface/xilinx_interface.hlp 
Execute           source C:/Xilinx/Vivado/2018.3/common/technology/xilinx/interface/maxi.hlp 
Execute           source C:/Xilinx/Vivado/2018.3/common/technology/xilinx/interface/saxilite.hlp 
Execute         source C:/Xilinx/Vivado/2018.3/common/technology/xilinx/common/dsp48.hlp 
Execute       source C:/Xilinx/Vivado/2018.3/common/technology/xilinx/zynq/dsp48e1.hlp 
Execute       get_default_platform 
Execute       config_chip_info -quiet -resource  {SLICE 13300}  {LUT 53200}     {FF 106400} {DSP48E 220}   {BRAM 280}  
Execute       config_chip_info -quiet -speed medium 
Execute       source C:/Xilinx/Vivado/2018.3/common/technology/xilinx/common/xilinx.hlp 
Execute         source C:/Xilinx/Vivado/2018.3/common/technology/xilinx/common/target_info.tcl 
Execute         source C:/Xilinx/Vivado/2018.3/common/technology/xilinx/interface/xilinx_interface.hlp 
Execute           source C:/Xilinx/Vivado/2018.3/common/technology/xilinx/interface/maxi.hlp 
Execute           source C:/Xilinx/Vivado/2018.3/common/technology/xilinx/interface/saxilite.hlp 
Execute         source C:/Xilinx/Vivado/2018.3/common/technology/xilinx/common/dsp48.hlp 
Execute     source C:/Xilinx/Vivado/2018.3/common/technology/xilinx/zynq/zynq.gen 
Execute       source C:/Xilinx/Vivado/2018.3/common/technology/xilinx/common/virtex.gen 
Execute         source C:/Xilinx/Vivado/2018.3/common/technology/xilinx/common/xilinx.gen 
Execute           source C:/Xilinx/Vivado/2018.3/common/technology/xilinx/interface/plb46.gen 
Execute           source C:/Xilinx/Vivado/2018.3/common/technology/xilinx/interface/fsl.gen 
Execute           source C:/Xilinx/Vivado/2018.3/common/technology/xilinx/interface/axi4.gen 
Execute           source C:/Xilinx/Vivado/2018.3/common/technology/xilinx/interface/nativeAXI4.gen 
Execute             source C:/Xilinx/Vivado/2018.3/common/technology/xilinx/interface/saxilite.gen 
Execute             source C:/Xilinx/Vivado/2018.3/common/technology/xilinx/interface/maxi.gen 
Execute           source C:/Xilinx/Vivado/2018.3/common/technology/xilinx/scripts/xilinxcoregen.gen 
Execute           source C:/Xilinx/Vivado/2018.3/common/technology/xilinx/interface/XilEDKCoreGen.gen 
Execute           source C:/Xilinx/Vivado/2018.3/common/technology/xilinx/ip/dds_compiler.gen 
Execute           source C:/Xilinx/Vivado/2018.3/common/technology/xilinx/ip/util.gen 
Execute           source C:/Xilinx/Vivado/2018.3/common/technology/xilinx/ip/xfft.gen 
Execute           source C:/Xilinx/Vivado/2018.3/common/technology/xilinx/ip/xfir.gen 
Command         ap_source done; 0.121 sec.
Execute         source C:/Xilinx/Vivado/2018.3/common/technology/xilinx/common/dsp48.gen 
Command       ap_source done; 0.124 sec.
Command     ap_source done; 0.124 sec.
Execute     open_platform DefaultPlatform 
Execute     import_lib C:/Xilinx/Vivado/2018.3/common/technology/xilinx/zynq/zynq_fpv6 
Execute       source C:/Xilinx/Vivado/2018.3/common/technology/xilinx/common/xilinx_fpv7.lib 
Execute         source C:/Xilinx/Vivado/2018.3/common/technology/xilinx/common/xilinx_hp.lib 
Execute       source C:/Xilinx/Vivado/2018.3/common/technology/xilinx/common/xilinx_fpv.hlp 
Execute         source C:/Xilinx/Vivado/2018.3/common/technology/xilinx/common/xilinx.hlp 
Execute           source C:/Xilinx/Vivado/2018.3/common/technology/xilinx/common/target_info.tcl 
Execute           source C:/Xilinx/Vivado/2018.3/common/technology/xilinx/interface/xilinx_interface.hlp 
Execute             source C:/Xilinx/Vivado/2018.3/common/technology/xilinx/interface/maxi.hlp 
Execute             source C:/Xilinx/Vivado/2018.3/common/technology/xilinx/interface/saxilite.hlp 
Execute           source C:/Xilinx/Vivado/2018.3/common/technology/xilinx/common/dsp48.hlp 
Execute       source C:/Xilinx/Vivado/2018.3/common/technology/xilinx/zynq/zynq_hp.hlp 
Execute     source C:/Xilinx/Vivado/2018.3/common/technology/xilinx/zynq/zynq_fpv6.gen 
Execute       source C:/Xilinx/Vivado/2018.3/common/technology/xilinx/common/xilinx_fpv6.gen 
Execute     set_part xc7z020clg400-1 
Execute       add_library xilinx/zynq/zynq:xc7z020:clg400:-1 
Execute         get_default_platform 
Execute         license_isbetapart xc7z020 
Command         license_isbetapart done; error code: 1; 
Execute         get_default_platform 
Execute         config_chip_info -quiet -resource  {SLICE 13300}  {LUT 53200}     {FF 106400} {DSP48E 220}   {BRAM 280}  
Execute         config_chip_info -quiet -speed slow 
Execute       add_library xilinx/zynq/zynq_fpv6 
Execute         get_default_platform 
INFO: [HLS 200-10] Setting target device to 'xc7z020clg400-1'
Execute       get_default_platform 
Execute     get_default_platform 
Execute     config_chip_info -quiet -resource  {SLICE 13300}  {LUT 53200}     {FF 106400} {DSP48E 220}   {BRAM 280}  
Execute     config_chip_info -quiet -speed slow 
Command   open_solution done; 0.245 sec.
Execute   set_part xc7z020clg400-1 -tool vivado 
Execute     add_library xilinx/zynq/zynq:xc7z020:clg400:-1 
Execute       get_default_platform 
Execute       license_isbetapart xc7z020 
Command       license_isbetapart done; error code: 1; 
Execute       get_default_platform 
Execute       config_chip_info -quiet -resource  {SLICE 13300}  {LUT 53200}     {FF 106400} {DSP48E 220}   {BRAM 280}  
Execute       config_chip_info -quiet -speed slow 
Execute     add_library xilinx/zynq/zynq_fpv6 
Execute       get_default_platform 
Execute     get_default_platform 
Execute   create_clock -period 10 -name default 
Execute   csynth_design 
Execute     get_config_compile -effort 
Execute     get_config_compile -enable_clang39 
Execute     get_config_compile -g 
Execute     get_config_compile -lm 
Execute     get_config_compile -ng 
Execute     get_config_compile -opt_fp 
Execute     get_config_compile -skip_cdt 
Execute     get_config_compile -skip_syncheck 
Execute     get_config_compile -skip_transform 
Execute     config_compile -blackbox  
Execute     get_config_compile -keep_printf 
Execute     elaborate -effort=medium -skip_syncheck=0 -keep_printf=0 -lm=0 -skip_cdt=0 -skip_transform=0 -ng=0 -g=0 -opt_fp=0 -from_csynth_design=1 
Execute       get_config_schedule -relax_ii_for_timing 
INFO: [SCHED 204-61] Option 'relax_ii_for_timing' is enabled, will increase II to preserve clock frequency constraints.
Execute       get_config_schedule -suppress_dependence_error_break 
INFO: [HLS 200-10] Analyzing design file 'vhls/mmult_test.cpp' ... 
INFO-FLOW: Compiling one TU...
Execute       is_m_axi_addr64 
INFO-FLOW: Handling vhls/mmult_test.cpp as C++
Execute       get_default_platform 
Execute       is_encrypted vhls/mmult_test.cpp 
Execute       get_default_platform 
INFO-FLOW: Running: GCC PP
INFO-FLOW: Source preprocessing
Execute       clang  -fno-limit-debug-info -gcc-toolchain "C:/Xilinx/Vivado/2018.3/msys" -hls  -fno-exceptions  -D__llvm__  -E "vhls/mmult_test.cpp"     -fno-math-errno -c -emit-llvm -O0  -mllvm -disable-llvm-optzns -fno-threadsafe-statics  -fno-use-cxa-atexit  -fno-threadsafe-statics -fno-use-cxa-atexit -D__CLANG_3_1__ -D__cdecl= -DAESL_SYN -D__SYNTHESIS__ -D__HLS_SYN__ -I "C:/Xilinx/Vivado/2018.3/common/technology/autopilot" -I "C:/Xilinx/Vivado/2018.3/common/technology/autopilot/ap_sysc" -include etc/autopilot_ssdm_op.h -D__DSP48E1__  -o "C:/Users/pacel/Documents/Spring_2023/ECE_1195/lab_5/lab_5/sln1/.autopilot/db/mmult_test.pp.0.cpp" 
INFO-FLOW: exec C:/Xilinx/Vivado/2018.3/win64/tools/clang/bin/clang -fno-limit-debug-info -gcc-toolchain C:/Xilinx/Vivado/2018.3/msys -hls -fno-exceptions -D__llvm__ -E vhls/mmult_test.cpp -fno-math-errno -c -emit-llvm -O0 -mllvm -disable-llvm-optzns -fno-threadsafe-statics -fno-use-cxa-atexit -fno-threadsafe-statics -fno-use-cxa-atexit -D__CLANG_3_1__ -D__cdecl= -DAESL_SYN -D__SYNTHESIS__ -D__HLS_SYN__ -I C:/Xilinx/Vivado/2018.3/common/technology/autopilot -I C:/Xilinx/Vivado/2018.3/common/technology/autopilot/ap_sysc -include etc/autopilot_ssdm_op.h -D__DSP48E1__ -o C:/Users/pacel/Documents/Spring_2023/ECE_1195/lab_5/lab_5/sln1/.autopilot/db/mmult_test.pp.0.cpp
Command       clang done; 0.742 sec.
Execute       tidy_31 xilinx-xfmat-array-geometry C:/Users/pacel/Documents/Spring_2023/ECE_1195/lab_5/lab_5/sln1/.autopilot/db/mmult_test.pp.0.cpp std=gnu++98 
INFO-FLOW: exec C:/Xilinx/Vivado/2018.3/win64/tools/clang-3.9-csynth/bin/tidy-3.1 -header-filter=.* -checks=-*,xilinx-xfmat-array-geometry -quiet -fix C:/Users/pacel/Documents/Spring_2023/ECE_1195/lab_5/lab_5/sln1/.autopilot/db/mmult_test.pp.0.cpp -- -std=gnu++98 -fhls -ferror-limit=0
Command       tidy_31 done; 0.392 sec.
INFO-FLOW: Syntax Checking before pre-processing...
Execute       clang -syntaxcheck -src C:/Users/pacel/Documents/Spring_2023/ECE_1195/lab_5/lab_5/sln1/.autopilot/db/mmult_test.pp.0.cpp  -fno-limit-debug-info -gcc-toolchain "C:/Xilinx/Vivado/2018.3/msys" -hls    -fno-math-errno -c -emit-llvm -O0  -mllvm -disable-llvm-optzns -fno-threadsafe-statics  -fno-use-cxa-atexit  -fno-threadsafe-statics -fno-use-cxa-atexit -D__CLANG_3_1__ -D__cdecl= -DAESL_SYN -D__SYNTHESIS__ -D__HLS_SYN__ -I "C:/Xilinx/Vivado/2018.3/common/technology/autopilot" -I "C:/Xilinx/Vivado/2018.3/common/technology/autopilot/ap_sysc" -include etc/autopilot_ssdm_op.h -D__DSP48E1__  "C:/Users/pacel/Documents/Spring_2023/ECE_1195/lab_5/lab_5/sln1/.autopilot/db/mmult_test.pp.0.cpp"  -o "C:/Users/pacel/Documents/Spring_2023/ECE_1195/lab_5/lab_5/sln1/.autopilot/db/useless.bc"  
INFO-FLOW: exec C:/Xilinx/Vivado/2018.3/win64/tools/clang/bin/clang -fno-limit-debug-info -gcc-toolchain C:/Xilinx/Vivado/2018.3/msys -hls -fno-math-errno -c -emit-llvm -O0 -mllvm -disable-llvm-optzns -fno-threadsafe-statics -fno-use-cxa-atexit -fno-threadsafe-statics -fno-use-cxa-atexit -D__CLANG_3_1__ -D__cdecl= -DAESL_SYN -D__SYNTHESIS__ -D__HLS_SYN__ -I C:/Xilinx/Vivado/2018.3/common/technology/autopilot -I C:/Xilinx/Vivado/2018.3/common/technology/autopilot/ap_sysc -include etc/autopilot_ssdm_op.h -D__DSP48E1__ C:/Users/pacel/Documents/Spring_2023/ECE_1195/lab_5/lab_5/sln1/.autopilot/db/mmult_test.pp.0.cpp -o C:/Users/pacel/Documents/Spring_2023/ECE_1195/lab_5/lab_5/sln1/.autopilot/db/useless.bc
Command       clang done; 0.936 sec.
INFO-FLOW: Done: GCC PP time: 2.1 seconds per iteration
Execute       list_core -type functional_unit 
Execute       tidy_31 xilinx-systemc-detector C:/Users/pacel/Documents/Spring_2023/ECE_1195/lab_5/lab_5/sln1/.autopilot/db/mmult_test.pp.0.cpp std=gnu++98 -directive=C:/Users/pacel/Documents/Spring_2023/ECE_1195/lab_5/lab_5/sln1/.autopilot/db/.systemc_flag 
INFO-FLOW: exec C:/Xilinx/Vivado/2018.3/win64/tools/clang-3.9-csynth/bin/tidy-3.1 -header-filter=.* -checks=-*,xilinx-systemc-detector -import-directive=C:/Users/pacel/Documents/Spring_2023/ECE_1195/lab_5/lab_5/sln1/.autopilot/db/.systemc_flag -quiet -fix-errors C:/Users/pacel/Documents/Spring_2023/ECE_1195/lab_5/lab_5/sln1/.autopilot/db/mmult_test.pp.0.cpp -- -std=gnu++98 -fhls -ferror-limit=0
Command       tidy_31 done; 0.295 sec.
INFO-FLOW: Running: tidy-3.1 CDT preprocess
Execute       tidy_31 xilinx-directive2pragma C:/Users/pacel/Documents/Spring_2023/ECE_1195/lab_5/lab_5/sln1/.autopilot/db/mmult_test.pp.0.cpp std=gnu++98 -directive=C:/Users/pacel/Documents/Spring_2023/ECE_1195/lab_5/lab_5/sln1/.autopilot/db/all.directive.json 
INFO-FLOW: exec C:/Xilinx/Vivado/2018.3/win64/tools/clang-3.9-csynth/bin/tidy-3.1 -header-filter=.* -checks=-*,xilinx-directive2pragma -import-directive=C:/Users/pacel/Documents/Spring_2023/ECE_1195/lab_5/lab_5/sln1/.autopilot/db/all.directive.json -quiet -fix-errors C:/Users/pacel/Documents/Spring_2023/ECE_1195/lab_5/lab_5/sln1/.autopilot/db/mmult_test.pp.0.cpp -- -std=gnu++98 -fhls -ferror-limit=0
Command       tidy_31 done; 0.292 sec.
Execute       get_config_dataflow -strict_mode 
Execute       ap_eval exec -ignorestderr C:/Xilinx/Vivado/2018.3/win64/tools/clang-3.9-csynth/bin/xilinx-dataflow-lawyer -export-fixes=C:/Users/pacel/Documents/Spring_2023/ECE_1195/lab_5/lab_5/sln1/.autopilot/db/xilinx-dataflow-lawyer.mmult_test.pp.0.cpp.diag.yml C:/Users/pacel/Documents/Spring_2023/ECE_1195/lab_5/lab_5/sln1/.autopilot/db/mmult_test.pp.0.cpp -- -std=gnu++98 -fhls -ferror-limit=0 -fstrict-dataflow > C:/Users/pacel/Documents/Spring_2023/ECE_1195/lab_5/lab_5/sln1/.autopilot/db/xilinx-dataflow-lawyer.mmult_test.pp.0.cpp.out.log 2> C:/Users/pacel/Documents/Spring_2023/ECE_1195/lab_5/lab_5/sln1/.autopilot/db/xilinx-dataflow-lawyer.mmult_test.pp.0.cpp.err.log 
Command       ap_eval done; 0.271 sec.
Execute       tidy_31 -errorcheck xilinx-constantarray-param,xilinx-resource-pragma-transformer,xilinx-xfmat-array-geometry C:/Users/pacel/Documents/Spring_2023/ECE_1195/lab_5/lab_5/sln1/.autopilot/db/mmult_test.pp.0.cpp std=gnu++98 
Execute         ap_eval exec -ignorestderr C:/Xilinx/Vivado/2018.3/win64/tools/clang-3.9-csynth/bin/tidy-3.1 -export-fixes=C:/Users/pacel/Documents/Spring_2023/ECE_1195/lab_5/lab_5/sln1/.autopilot/db/tidy-3.1.mmult_test.pp.0.cpp.diag.yml -header-filter=.* -checks=-*,xilinx-constantarray-param,xilinx-resource-pragma-transformer,xilinx-xfmat-array-geometry -quiet -fix-errors C:/Users/pacel/Documents/Spring_2023/ECE_1195/lab_5/lab_5/sln1/.autopilot/db/mmult_test.pp.0.cpp -- -std=gnu++98 -fhls -ferror-limit=0 > C:/Users/pacel/Documents/Spring_2023/ECE_1195/lab_5/lab_5/sln1/.autopilot/db/tidy-3.1.mmult_test.pp.0.cpp.out.log 2> C:/Users/pacel/Documents/Spring_2023/ECE_1195/lab_5/lab_5/sln1/.autopilot/db/tidy-3.1.mmult_test.pp.0.cpp.err.log 
Command         ap_eval done; 0.859 sec.
Execute         ap_eval exec -ignorestderr C:/Xilinx/Vivado/2018.3/win64/tools/clang-3.9-csynth/bin/xilinx-legacy-rewriter C:/Users/pacel/Documents/Spring_2023/ECE_1195/lab_5/lab_5/sln1/.autopilot/db/mmult_test.pp.0.cpp -- -std=gnu++98 -fhls -ferror-limit=0 > C:/Users/pacel/Documents/Spring_2023/ECE_1195/lab_5/lab_5/sln1/.autopilot/db/xilinx-legacy-rewriter.mmult_test.pp.0.cpp.out.log 2> C:/Users/pacel/Documents/Spring_2023/ECE_1195/lab_5/lab_5/sln1/.autopilot/db/xilinx-legacy-rewriter.mmult_test.pp.0.cpp.err.log 
Command         ap_eval done; 0.425 sec.
Command       tidy_31 done; 1.31 sec.
INFO-FLOW: Done: tidy-3.1 CDT preprocess time: 1.9 seconds per iteration
INFO-FLOW: Pragma Handling...
Execute       tidy_31 xilinx-ssdm-intrinsics-arguments C:/Users/pacel/Documents/Spring_2023/ECE_1195/lab_5/lab_5/sln1/.autopilot/db/mmult_test.pragma.1.cpp std=gnu++98 
INFO-FLOW: exec C:/Xilinx/Vivado/2018.3/win64/tools/clang-3.9-csynth/bin/tidy-3.1 -header-filter=.* -checks=-*,xilinx-ssdm-intrinsics-arguments -quiet -fix-errors C:/Users/pacel/Documents/Spring_2023/ECE_1195/lab_5/lab_5/sln1/.autopilot/db/mmult_test.pragma.1.cpp -- -std=gnu++98 -fhls -ferror-limit=0
Command       tidy_31 done; 0.457 sec.
Execute       get_default_platform 
INFO-FLOW: Processing labels
Execute       clang -src C:/Users/pacel/Documents/Spring_2023/ECE_1195/lab_5/lab_5/sln1/.autopilot/db/mmult_test.pragma.2.cpp  -fno-limit-debug-info -gcc-toolchain C:/Xilinx/Vivado/2018.3/msys -hls -hls-analyze-label -hls-analyze-pragma -fno-exceptions  -D__llvm__  -w  "C:/Users/pacel/Documents/Spring_2023/ECE_1195/lab_5/lab_5/sln1/.autopilot/db/mmult_test.pragma.2.cpp"    -fno-math-errno -c -emit-llvm -O0  -mllvm -disable-llvm-optzns -fno-threadsafe-statics  -fno-use-cxa-atexit -DAESL_SYN -D__SYNTHESIS__ -D__HLS_SYN__ -I "C:/Xilinx/Vivado/2018.3/common/technology/autopilot" -I "C:/Xilinx/Vivado/2018.3/common/technology/autopilot/ap_sysc" -include etc/autopilot_ssdm_op.h -D__DSP48E1__ -g -o "C:/Users/pacel/Documents/Spring_2023/ECE_1195/lab_5/lab_5/sln1/.autopilot/db/mmult_test.bc" 
INFO-FLOW: exec C:/Xilinx/Vivado/2018.3/win64/tools/clang/bin/clang -fno-limit-debug-info -gcc-toolchain C:/Xilinx/Vivado/2018.3/msys -hls -hls-analyze-label -hls-analyze-pragma -fno-exceptions -D__llvm__ -w C:/Users/pacel/Documents/Spring_2023/ECE_1195/lab_5/lab_5/sln1/.autopilot/db/mmult_test.pragma.2.cpp -fno-math-errno -c -emit-llvm -O0 -mllvm -disable-llvm-optzns -fno-threadsafe-statics -fno-use-cxa-atexit -DAESL_SYN -D__SYNTHESIS__ -D__HLS_SYN__ -I C:/Xilinx/Vivado/2018.3/common/technology/autopilot -I C:/Xilinx/Vivado/2018.3/common/technology/autopilot/ap_sysc -include etc/autopilot_ssdm_op.h -D__DSP48E1__ -g -o C:/Users/pacel/Documents/Spring_2023/ECE_1195/lab_5/lab_5/sln1/.autopilot/db/mmult_test.bc
Command       clang done; 1.12 sec.
INFO: [HLS 200-10] Analyzing design file 'vhls/mmult_accel.cpp' ... 
INFO-FLOW: Compiling one TU...
Execute       is_m_axi_addr64 
INFO-FLOW: Handling vhls/mmult_accel.cpp as C++
Execute       get_default_platform 
Execute       is_encrypted vhls/mmult_accel.cpp 
Execute       get_default_platform 
INFO-FLOW: Running: GCC PP
INFO-FLOW: Source preprocessing
Execute       clang  -fno-limit-debug-info -gcc-toolchain "C:/Xilinx/Vivado/2018.3/msys" -hls  -fno-exceptions  -D__llvm__  -E "vhls/mmult_accel.cpp"     -fno-math-errno -c -emit-llvm -O0  -mllvm -disable-llvm-optzns -fno-threadsafe-statics  -fno-use-cxa-atexit  -fno-threadsafe-statics -fno-use-cxa-atexit -D__CLANG_3_1__ -D__cdecl= -DAESL_SYN -D__SYNTHESIS__ -D__HLS_SYN__ -I "C:/Xilinx/Vivado/2018.3/common/technology/autopilot" -I "C:/Xilinx/Vivado/2018.3/common/technology/autopilot/ap_sysc" -include etc/autopilot_ssdm_op.h -D__DSP48E1__  -o "C:/Users/pacel/Documents/Spring_2023/ECE_1195/lab_5/lab_5/sln1/.autopilot/db/mmult_accel.pp.0.cpp" 
INFO-FLOW: exec C:/Xilinx/Vivado/2018.3/win64/tools/clang/bin/clang -fno-limit-debug-info -gcc-toolchain C:/Xilinx/Vivado/2018.3/msys -hls -fno-exceptions -D__llvm__ -E vhls/mmult_accel.cpp -fno-math-errno -c -emit-llvm -O0 -mllvm -disable-llvm-optzns -fno-threadsafe-statics -fno-use-cxa-atexit -fno-threadsafe-statics -fno-use-cxa-atexit -D__CLANG_3_1__ -D__cdecl= -DAESL_SYN -D__SYNTHESIS__ -D__HLS_SYN__ -I C:/Xilinx/Vivado/2018.3/common/technology/autopilot -I C:/Xilinx/Vivado/2018.3/common/technology/autopilot/ap_sysc -include etc/autopilot_ssdm_op.h -D__DSP48E1__ -o C:/Users/pacel/Documents/Spring_2023/ECE_1195/lab_5/lab_5/sln1/.autopilot/db/mmult_accel.pp.0.cpp
Command       clang done; 0.815 sec.
Execute       tidy_31 xilinx-xfmat-array-geometry C:/Users/pacel/Documents/Spring_2023/ECE_1195/lab_5/lab_5/sln1/.autopilot/db/mmult_accel.pp.0.cpp std=gnu++98 
INFO-FLOW: exec C:/Xilinx/Vivado/2018.3/win64/tools/clang-3.9-csynth/bin/tidy-3.1 -header-filter=.* -checks=-*,xilinx-xfmat-array-geometry -quiet -fix C:/Users/pacel/Documents/Spring_2023/ECE_1195/lab_5/lab_5/sln1/.autopilot/db/mmult_accel.pp.0.cpp -- -std=gnu++98 -fhls -ferror-limit=0
Command       tidy_31 done; 0.422 sec.
INFO-FLOW: Syntax Checking before pre-processing...
Execute       clang -syntaxcheck -src C:/Users/pacel/Documents/Spring_2023/ECE_1195/lab_5/lab_5/sln1/.autopilot/db/mmult_accel.pp.0.cpp  -fno-limit-debug-info -gcc-toolchain "C:/Xilinx/Vivado/2018.3/msys" -hls    -fno-math-errno -c -emit-llvm -O0  -mllvm -disable-llvm-optzns -fno-threadsafe-statics  -fno-use-cxa-atexit  -fno-threadsafe-statics -fno-use-cxa-atexit -D__CLANG_3_1__ -D__cdecl= -DAESL_SYN -D__SYNTHESIS__ -D__HLS_SYN__ -I "C:/Xilinx/Vivado/2018.3/common/technology/autopilot" -I "C:/Xilinx/Vivado/2018.3/common/technology/autopilot/ap_sysc" -include etc/autopilot_ssdm_op.h -D__DSP48E1__  "C:/Users/pacel/Documents/Spring_2023/ECE_1195/lab_5/lab_5/sln1/.autopilot/db/mmult_accel.pp.0.cpp"  -o "C:/Users/pacel/Documents/Spring_2023/ECE_1195/lab_5/lab_5/sln1/.autopilot/db/useless.bc"  
INFO-FLOW: exec C:/Xilinx/Vivado/2018.3/win64/tools/clang/bin/clang -fno-limit-debug-info -gcc-toolchain C:/Xilinx/Vivado/2018.3/msys -hls -fno-math-errno -c -emit-llvm -O0 -mllvm -disable-llvm-optzns -fno-threadsafe-statics -fno-use-cxa-atexit -fno-threadsafe-statics -fno-use-cxa-atexit -D__CLANG_3_1__ -D__cdecl= -DAESL_SYN -D__SYNTHESIS__ -D__HLS_SYN__ -I C:/Xilinx/Vivado/2018.3/common/technology/autopilot -I C:/Xilinx/Vivado/2018.3/common/technology/autopilot/ap_sysc -include etc/autopilot_ssdm_op.h -D__DSP48E1__ C:/Users/pacel/Documents/Spring_2023/ECE_1195/lab_5/lab_5/sln1/.autopilot/db/mmult_accel.pp.0.cpp -o C:/Users/pacel/Documents/Spring_2023/ECE_1195/lab_5/lab_5/sln1/.autopilot/db/useless.bc
Command       clang done; 0.936 sec.
INFO-FLOW: Done: GCC PP time: 2.2 seconds per iteration
Execute       list_core -type functional_unit 
Execute       tidy_31 xilinx-systemc-detector C:/Users/pacel/Documents/Spring_2023/ECE_1195/lab_5/lab_5/sln1/.autopilot/db/mmult_accel.pp.0.cpp std=gnu++98 -directive=C:/Users/pacel/Documents/Spring_2023/ECE_1195/lab_5/lab_5/sln1/.autopilot/db/.systemc_flag 
INFO-FLOW: exec C:/Xilinx/Vivado/2018.3/win64/tools/clang-3.9-csynth/bin/tidy-3.1 -header-filter=.* -checks=-*,xilinx-systemc-detector -import-directive=C:/Users/pacel/Documents/Spring_2023/ECE_1195/lab_5/lab_5/sln1/.autopilot/db/.systemc_flag -quiet -fix-errors C:/Users/pacel/Documents/Spring_2023/ECE_1195/lab_5/lab_5/sln1/.autopilot/db/mmult_accel.pp.0.cpp -- -std=gnu++98 -fhls -ferror-limit=0
Command       tidy_31 done; 0.307 sec.
INFO-FLOW: Running: tidy-3.1 CDT preprocess
Execute       tidy_31 xilinx-directive2pragma C:/Users/pacel/Documents/Spring_2023/ECE_1195/lab_5/lab_5/sln1/.autopilot/db/mmult_accel.pp.0.cpp std=gnu++98 -directive=C:/Users/pacel/Documents/Spring_2023/ECE_1195/lab_5/lab_5/sln1/.autopilot/db/all.directive.json 
INFO-FLOW: exec C:/Xilinx/Vivado/2018.3/win64/tools/clang-3.9-csynth/bin/tidy-3.1 -header-filter=.* -checks=-*,xilinx-directive2pragma -import-directive=C:/Users/pacel/Documents/Spring_2023/ECE_1195/lab_5/lab_5/sln1/.autopilot/db/all.directive.json -quiet -fix-errors C:/Users/pacel/Documents/Spring_2023/ECE_1195/lab_5/lab_5/sln1/.autopilot/db/mmult_accel.pp.0.cpp -- -std=gnu++98 -fhls -ferror-limit=0
Command       tidy_31 done; 0.302 sec.
Execute       get_config_dataflow -strict_mode 
Execute       ap_eval exec -ignorestderr C:/Xilinx/Vivado/2018.3/win64/tools/clang-3.9-csynth/bin/xilinx-dataflow-lawyer -export-fixes=C:/Users/pacel/Documents/Spring_2023/ECE_1195/lab_5/lab_5/sln1/.autopilot/db/xilinx-dataflow-lawyer.mmult_accel.pp.0.cpp.diag.yml C:/Users/pacel/Documents/Spring_2023/ECE_1195/lab_5/lab_5/sln1/.autopilot/db/mmult_accel.pp.0.cpp -- -std=gnu++98 -fhls -ferror-limit=0 -fstrict-dataflow > C:/Users/pacel/Documents/Spring_2023/ECE_1195/lab_5/lab_5/sln1/.autopilot/db/xilinx-dataflow-lawyer.mmult_accel.pp.0.cpp.out.log 2> C:/Users/pacel/Documents/Spring_2023/ECE_1195/lab_5/lab_5/sln1/.autopilot/db/xilinx-dataflow-lawyer.mmult_accel.pp.0.cpp.err.log 
Command       ap_eval done; 0.289 sec.
Execute       tidy_31 -errorcheck xilinx-constantarray-param,xilinx-resource-pragma-transformer,xilinx-xfmat-array-geometry C:/Users/pacel/Documents/Spring_2023/ECE_1195/lab_5/lab_5/sln1/.autopilot/db/mmult_accel.pp.0.cpp std=gnu++98 
Execute         ap_eval exec -ignorestderr C:/Xilinx/Vivado/2018.3/win64/tools/clang-3.9-csynth/bin/tidy-3.1 -export-fixes=C:/Users/pacel/Documents/Spring_2023/ECE_1195/lab_5/lab_5/sln1/.autopilot/db/tidy-3.1.mmult_accel.pp.0.cpp.diag.yml -header-filter=.* -checks=-*,xilinx-constantarray-param,xilinx-resource-pragma-transformer,xilinx-xfmat-array-geometry -quiet -fix-errors C:/Users/pacel/Documents/Spring_2023/ECE_1195/lab_5/lab_5/sln1/.autopilot/db/mmult_accel.pp.0.cpp -- -std=gnu++98 -fhls -ferror-limit=0 > C:/Users/pacel/Documents/Spring_2023/ECE_1195/lab_5/lab_5/sln1/.autopilot/db/tidy-3.1.mmult_accel.pp.0.cpp.out.log 2> C:/Users/pacel/Documents/Spring_2023/ECE_1195/lab_5/lab_5/sln1/.autopilot/db/tidy-3.1.mmult_accel.pp.0.cpp.err.log 
Command         ap_eval done; 0.875 sec.
Execute         ap_eval exec -ignorestderr C:/Xilinx/Vivado/2018.3/win64/tools/clang-3.9-csynth/bin/xilinx-legacy-rewriter C:/Users/pacel/Documents/Spring_2023/ECE_1195/lab_5/lab_5/sln1/.autopilot/db/mmult_accel.pp.0.cpp -- -std=gnu++98 -fhls -ferror-limit=0 > C:/Users/pacel/Documents/Spring_2023/ECE_1195/lab_5/lab_5/sln1/.autopilot/db/xilinx-legacy-rewriter.mmult_accel.pp.0.cpp.out.log 2> C:/Users/pacel/Documents/Spring_2023/ECE_1195/lab_5/lab_5/sln1/.autopilot/db/xilinx-legacy-rewriter.mmult_accel.pp.0.cpp.err.log 
Command         ap_eval done; 0.469 sec.
Command       tidy_31 done; 1.369 sec.
INFO-FLOW: Done: tidy-3.1 CDT preprocess time: 2 seconds per iteration
INFO-FLOW: Pragma Handling...
Execute       tidy_31 xilinx-ssdm-intrinsics-arguments C:/Users/pacel/Documents/Spring_2023/ECE_1195/lab_5/lab_5/sln1/.autopilot/db/mmult_accel.pragma.1.cpp std=gnu++98 
INFO-FLOW: exec C:/Xilinx/Vivado/2018.3/win64/tools/clang-3.9-csynth/bin/tidy-3.1 -header-filter=.* -checks=-*,xilinx-ssdm-intrinsics-arguments -quiet -fix-errors C:/Users/pacel/Documents/Spring_2023/ECE_1195/lab_5/lab_5/sln1/.autopilot/db/mmult_accel.pragma.1.cpp -- -std=gnu++98 -fhls -ferror-limit=0
Command       tidy_31 done; 1.025 sec.
Execute       get_default_platform 
INFO-FLOW: Processing labels
Execute       clang -src C:/Users/pacel/Documents/Spring_2023/ECE_1195/lab_5/lab_5/sln1/.autopilot/db/mmult_accel.pragma.2.cpp  -fno-limit-debug-info -gcc-toolchain C:/Xilinx/Vivado/2018.3/msys -hls -hls-analyze-label -hls-analyze-pragma -fno-exceptions  -D__llvm__  -w  "C:/Users/pacel/Documents/Spring_2023/ECE_1195/lab_5/lab_5/sln1/.autopilot/db/mmult_accel.pragma.2.cpp"    -fno-math-errno -c -emit-llvm -O0  -mllvm -disable-llvm-optzns -fno-threadsafe-statics  -fno-use-cxa-atexit -DAESL_SYN -D__SYNTHESIS__ -D__HLS_SYN__ -I "C:/Xilinx/Vivado/2018.3/common/technology/autopilot" -I "C:/Xilinx/Vivado/2018.3/common/technology/autopilot/ap_sysc" -include etc/autopilot_ssdm_op.h -D__DSP48E1__ -g -o "C:/Users/pacel/Documents/Spring_2023/ECE_1195/lab_5/lab_5/sln1/.autopilot/db/mmult_accel.bc" 
INFO-FLOW: exec C:/Xilinx/Vivado/2018.3/win64/tools/clang/bin/clang -fno-limit-debug-info -gcc-toolchain C:/Xilinx/Vivado/2018.3/msys -hls -hls-analyze-label -hls-analyze-pragma -fno-exceptions -D__llvm__ -w C:/Users/pacel/Documents/Spring_2023/ECE_1195/lab_5/lab_5/sln1/.autopilot/db/mmult_accel.pragma.2.cpp -fno-math-errno -c -emit-llvm -O0 -mllvm -disable-llvm-optzns -fno-threadsafe-statics -fno-use-cxa-atexit -DAESL_SYN -D__SYNTHESIS__ -D__HLS_SYN__ -I C:/Xilinx/Vivado/2018.3/common/technology/autopilot -I C:/Xilinx/Vivado/2018.3/common/technology/autopilot/ap_sysc -include etc/autopilot_ssdm_op.h -D__DSP48E1__ -g -o C:/Users/pacel/Documents/Spring_2023/ECE_1195/lab_5/lab_5/sln1/.autopilot/db/mmult_accel.bc
Command       clang done; 1.129 sec.
INFO-FLOW: Linking Debug ...
Execute       llvm-ld C:/Users/pacel/Documents/Spring_2023/ECE_1195/lab_5/lab_5/sln1/.autopilot/db/mmult_test.g.bc C:/Users/pacel/Documents/Spring_2023/ECE_1195/lab_5/lab_5/sln1/.autopilot/db/mmult_accel.g.bc -hls-opt -except-internalize HLS_accel -LC:/Xilinx/Vivado/2018.3/win64/lib -lhlsm -lhlsmc++ -o C:/Users/pacel/Documents/Spring_2023/ECE_1195/lab_5/lab_5/sln1/.autopilot/db/a.g 
Command       llvm-ld done; 0.793 sec.
INFO: [HLS 200-111] Finished Linking Time (s): cpu = 00:00:01 ; elapsed = 00:00:15 . Memory (MB): peak = 103.055 ; gain = 17.797
INFO: [HLS 200-111] Finished Checking Pragmas Time (s): cpu = 00:00:01 ; elapsed = 00:00:15 . Memory (MB): peak = 103.055 ; gain = 17.797
Execute       get_config_sdx -target 
Execute       opt_and_import_c a -opt_level=2 -skip_syncheck=0 -ng=0 -keep_printf=0 
Execute         cleanup_all_models 
INFO: [HLS 200-10] Starting code transformations ...
Execute         transform -promote-dbg-pointer C:/Users/pacel/Documents/Spring_2023/ECE_1195/lab_5/lab_5/sln1/.autopilot/db/a.pp.bc -o C:/Users/pacel/Documents/Spring_2023/ECE_1195/lab_5/lab_5/sln1/.autopilot/db/a.pp.0.bc -f 
Execute         llvm-ld C:/Users/pacel/Documents/Spring_2023/ECE_1195/lab_5/lab_5/sln1/.autopilot/db/a.pp.0.bc -disable-opt -LC:/Xilinx/Vivado/2018.3/win64/lib -lfloatconversion -o C:/Users/pacel/Documents/Spring_2023/ECE_1195/lab_5/lab_5/sln1/.autopilot/db/a.g.0 
Command         llvm-ld done; 0.45 sec.
INFO-FLOW: Running Standard Transforms...
Execute         transform -hls -share-std-xform -demangle-name -inline-byval-memcpy -always-inline -promote-dbg-pointer -interface-preproc -mem2reg -lower-blackbox -scalarrepl -mem2reg -keep-read-access -instcombine -dce -promote-dbg-pointer -bitop-raise -loop-simplify -indvarspre -indvars -loop-simplify -xunroll -constprop -instcombine -simplifycfg -indvars -simplifycfg -dce -globaldce -basicaa -simplifycfg -mem2reg -globalopt -global-constprop -deadargelim -instcombine -simplifycfg -prune-eh -simplifycfg -scalarrepl -instcombine -reassociate -licm -simplifycfg -loop-simplify -indvars -instcombine -simplifycfg -mem2reg -loop-simplify -indvars -instcombine -gvn -gvn -instcombine -adce -break-crit-edges -simplifycfg -loop-delete -global-array-opt -dce -dse -adce -find-syn-modules -top HLS_accel -deadargelim -mem2reg -instcombine -dce -presyn-prepare -auto-rom-infer -interface-preproc -syn-check -check-rec-only -find-region -simplifycfg -func-extr -function-inline -globaldce -mem2reg -instcombine -dce -gvn -globaldce -adce -adse -constprop -instcombine -bit-constprop -instcombine -dce -simplifycfg -bitop-raise -simplifycfg -dce -loop-delete -reassociate -globalopt -global-privatize -mem2reg -dce -global-constprop -pointer-simplify -constprop -dce -func-inst -deadargelim -auto-shift-reg-idiom -promote-dbg-pointer -norm-name C:/Users/pacel/Documents/Spring_2023/ECE_1195/lab_5/lab_5/sln1/.autopilot/db/a.g.0.bc -o C:/Users/pacel/Documents/Spring_2023/ECE_1195/lab_5/lab_5/sln1/.autopilot/db/a.g.1.bc -f -phase std-opt 
INFO: [XFORM 203-501] Unrolling loop 'Loop-1.1.1' (vhls/mmult.h:82) in function 'void mmult_hw<float, 32>(FORWARD_REFERENCE (*) [FORWARD_REFERENCE], FORWARD_REFERENCE (*) [FORWARD_REFERENCE], FORWARD_REFERENCE (*) [FORWARD_REFERENCE])': changing partial unrolling into complete unrolling since the unrolling factor (=32) is no less than the loop trip count (=32).
INFO: [XFORM 203-603] Inlining function 'pop_stream<float, 4, 5, 5>' into 'wrapped_mmult_hw<float, 32, 1024, 4, 5, 5>' (vhls/mmult.h:181).
INFO: [XFORM 203-603] Inlining function 'pop_stream<float, 4, 5, 5>' into 'wrapped_mmult_hw<float, 32, 1024, 4, 5, 5>' (vhls/mmult.h:171).
INFO: [XFORM 203-603] Inlining function 'mmult_hw<float, 32>' into 'wrapped_mmult_hw<float, 32, 1024, 4, 5, 5>' (vhls/mmult.h:185).
INFO: [XFORM 203-603] Inlining function 'push_stream<float, 4, 5, 5>' into 'wrapped_mmult_hw<float, 32, 1024, 4, 5, 5>' (vhls/mmult.h:193).
INFO: [XFORM 203-603] Inlining function 'wrapped_mmult_hw<float, 32, 1024, 4, 5, 5>' into 'HLS_accel' (vhls/mmult_accel.cpp:36).
Command         transform done; 0.653 sec.
INFO: [HLS 200-111] Finished Standard Transforms Time (s): cpu = 00:00:01 ; elapsed = 00:00:16 . Memory (MB): peak = 108.914 ; gain = 23.656
INFO: [HLS 200-10] Checking synthesizability ...
INFO-FLOW: Checking Synthesizability 1/2..
Execute         transform -hls -syn-check -check-rec-only -disaggr -scalarrepl -norm-name -dce -mem2reg -instcombine -function-uniquify -directive-preproc -mem2reg -dse -dce -auto-rom-infer -dce -pag -array-normalize -instcombine -dce -warn-fifo-pointer -array-seg-normalize -instcombine -dce -array-flatten -instcombine -dce -array-burst -dce -deadargelim -promote-global-argument -simplifycfg -mem2reg -globaldce -resolve-double-ptr -dce -deadargelim -dce -instcombine -function-inline -globaldce -dce -doublePtrSimplify -doublePtrElim -dce -doublePtrSimplify -promote-dbg-pointer -dce -scalarrepl -dse -adse -instcombine -ptrLegalization -simplifycfg -dce -instcombine -pointer-simplify -ptrArgReplace -dce -instcombine -disaggr -scalarrepl -norm-name -dce -mem2reg -instcombine -ptrLegalization -simplifycfg -deadargelim -instcombine -dce -inst-simplify -function-uniquify -directive-preproc -mem2reg -dse -dce -globaldce -check-dspbuiltin C:/Users/pacel/Documents/Spring_2023/ECE_1195/lab_5/lab_5/sln1/.autopilot/db/a.g.1.bc -o C:/Users/pacel/Documents/Spring_2023/ECE_1195/lab_5/lab_5/sln1/.autopilot/db/a.g.2.prechk.bc -f 
Command         transform done; 0.2 sec.
INFO-FLOW: Checking Synthesizability 2/2..
Execute         transform -syn-check C:/Users/pacel/Documents/Spring_2023/ECE_1195/lab_5/lab_5/sln1/.autopilot/db/a.g.2.prechk.bc -o C:/Users/pacel/Documents/Spring_2023/ECE_1195/lab_5/lab_5/sln1/.autopilot/db/a.g.2.bc -f -phase syn-check 
INFO: [HLS 200-111] Finished Checking Synthesizability Time (s): cpu = 00:00:01 ; elapsed = 00:00:16 . Memory (MB): peak = 110.984 ; gain = 25.727
INFO-FLOW: Compiler optimizing ...
INFO-FLOW: Share syncheck's 1.bc for syn flow: copy C:/Users/pacel/Documents/Spring_2023/ECE_1195/lab_5/lab_5/sln1/.autopilot/db/a.g.1.bc to C:/Users/pacel/Documents/Spring_2023/ECE_1195/lab_5/lab_5/sln1/.autopilot/db/a.o.1.bc
INFO-FLOW: Presyn 1...
Execute         transform -hls -tmp C:/Users/pacel/Documents/Spring_2023/ECE_1195/lab_5/lab_5/sln1/.autopilot/db -interface-port-rename -type-info -function-uniquify -directive-preproc -mem2reg -dse -dce -disaggr -scalarrepl -norm-name -deadargelim -mem2reg -instcombine -dce -simplifycfg -auto-rom-infer -dce -function-uniquify -resource-proc -simplifycfg -mem2reg -globaldce -resolve-double-ptr -dce -deadargelim -dce -instcombine -clib-intrinsic-prepare -dce -func-buffer -dce -pag -array-normalize -func-legal -instcombine -gvn -constprop -dce -ptrArgReplace -mem2reg -instcombine -dce -array-seg-normalize -deadargelim -instcombine -dce -pointer-simplify -dce -port-alignment -dce -interface-preproc -data-pack -instcombine -dce -basicaa -aggr-aa -aggrmodref-aa -aggr-aa -gvn -gvn -basicaa -aggr-aa -aggrmodref-aa -aggr-aa -dse -adse -adce -loop-simplify -indvars -instcombine -gvn -loop-simplify -mem2reg -dce -find-region -instcombine -auto-loop-pipeline -inst-simplify -interface-preproc -cfgopt -instcombine -indvars -auto-loop-unroll -loop-simplify -loop-bound -xunroll -constprop -instcombine -simplifycfg -indvars -simplifycfg -dce -globaldce -clean-region -attach-range -gvn -inst-simplify -constprop -simplifycfg -dce -pointer-simplify -dce -globalopt -constprop -dce -array-promote -constprop -instcombine -dce -ptrArgReplace -mem2reg -instcombine -simplifycfg -dce -auto-par -instcombine -dce -array-transform-check -array-reshape -instcombine -simplifycfg -dce -ptrArgReplace -deadargelim -mem2reg -instcombine -simplifycfg -dce -indvars -loop-simplify -loop-bound -xunroll -constprop -instcombine -simplifycfg -indvars -simplifycfg -dce -globaldce -basicaa -aggr-aa -aggrmodref-aa -aggr-aa -dse -duplicate-dataflow-processes -globaldce -instcombine -array-partition -instcombine -simplifycfg -dce -ptrArgReplace -global-constprop -deadargelim -mem2reg -func-legal -instcombine -dce -global-constprop -deadargelim -mem2reg -instcombine -simplifycfg -dce -merge-param -deadargelim -globalopt -constprop -dce -array-promote -constprop -instcombine -dce -ptrArgReplace -mem2reg -instcombine -simplifycfg -dce -mem-intrinsic-preproc -dce -global-internalize -global-privatize -mem2reg -globaldce -promote-global-argument -ptrArgReplace -mem2reg -instcombine -dce -globalopt -mergereturn -simplify-global-access -mem2reg -dce -pointer-simplify -dce -functionattrs -basicaa -aggr-aa -aggrmodref-aa -aggr-aa -gvn -gvn -basicaa -aggr-aa -aggrmodref-aa -aggr-aa -dse -adse -adce -inst-simplify -dce -norm-name -function-inline -globaldce -func-inst -constprop -instcombine -simplifycfg -dce -func-legal -dce -loop-bound -arraycheck -bitwidthmin -on-by-dataflow -loop-delete -instcombine -simplifycfg -globaldce -dce -gvn -deadargelim -dce -loop-simplify -clean-region -simplifycfg -propagate-stable-arguments -loop-stream -instcombine -simplifycfg -dce -globaldce -duplicate-dataflow-processes -stream-intrinsic-preproc -dce -check-ap-stream -loop-simplify -eliminate-keepreads -extract-dataflow-in-loop -loop-simplify -dce -gvn -deadargelim -dse -check-dataflow-syntax -legalize-stream-variable -legalize-global -extract-subproc -dce -dead-channel-elimination -canonicalize-gep -globaldce -dce -gvn -deadargelim -annotate-dataflow-channels -scalar-propagation -deadargelim -globaldce -mem2reg -check-dataflow-channels -function-stream -dce -globaldce -prop-fifo-spec -internal-stream-gen -canonicalize-gep -globaldce -dce -gvn -deadargelim -mergereturn -indvars -loop-simplify -instcombine -array-stream -array-seg-normalize -array-partition -func-legal -instcombine -simplifycfg -dce -bundle-memfifo-ops -deadargelim -function-uniquify -directive-preproc -mem2reg -dse -dce -group-axi-access -licm -simplifycfg -dce -loop-delete -norm-name C:/Users/pacel/Documents/Spring_2023/ECE_1195/lab_5/lab_5/sln1/.autopilot/db/a.o.1.bc -o C:/Users/pacel/Documents/Spring_2023/ECE_1195/lab_5/lab_5/sln1/.autopilot/db/a.o.1.tmp.bc -f 
WARNING: [XFORM 203-1103] Ignored data pack directive on non-struct variable 'OUTPUT_STREAM.data.V' (vhls/mmult_accel.cpp:21).
WARNING: [XFORM 203-1103] Ignored data pack directive on non-struct variable 'INPUT_STREAM.data.V' (vhls/mmult_accel.cpp:21).
INFO: [XFORM 203-502] Unrolling all sub-loops inside loop 'Loop-3.1' (vhls/mmult.h:79) in function 'HLS_accel' for pipelining.
WARNING: [XFORM 203-503] Ignored partial unroll directive for loop 'Loop-3.1.1' (vhls/mmult.h:82) because its parent loop or function is pipelined.
INFO: [HLS 200-489] Unrolling loop 'Loop-3.1.1' (vhls/mmult.h:82) in function 'HLS_accel' completely with a factor of 32.
INFO: [XFORM 203-101] Partitioning array 'a' (vhls/mmult.h:159) in dimension 2 with a block factor 16.
INFO: [XFORM 203-101] Partitioning array 'b' (vhls/mmult.h:160) in dimension 1 with a block factor 16.
Command         transform done; 0.426 sec.
INFO-FLOW: Presyn 2...
Execute         transform -hls -keep-callgraph -scalarrepl -mem2reg -port-alignment -attach-range -dce -pipe-mux-gen -indvars -loop-bound -inst-simplify -instcombine -dce -merge-array-access -mem2reg -dce -clean-region -mergereturn -if-conv -instcombine -dce -constprop -basicaa -aggr-aa -aggrmodref-aa -aggr-aa -gvn -gvn -basicaa -aggr-aa -aggrmodref-aa -aggr-aa -dse -adse -adce -scalarrepl -mem2reg -global-constprop -deadargelim -deadargelim -instcombine -dce -simplifycfg -ptrArgReplace -mem2reg -function-inline -globaldce -mem2reg -instcombine -dce -expr-balance -instcombine -dce -bitwidthmin -interface-preproc -directive-preproc -inst-rectify -instcombine -dce -functionattrs -constprop -instcombine -bit-constprop -simplify-global-access -globalopt -globaldce -inst-simplify -instcombine -elimdeaddata -dce -loop-delete -simplifycfg -loop-simplify -auto-burst -norm-name C:/Users/pacel/Documents/Spring_2023/ECE_1195/lab_5/lab_5/sln1/.autopilot/db/a.o.1.tmp.bc -o C:/Users/pacel/Documents/Spring_2023/ECE_1195/lab_5/lab_5/sln1/.autopilot/db/a.o.2.bc -f -phase presyn 
Command         transform done; 0.118 sec.
INFO: [HLS 200-111] Finished Pre-synthesis Time (s): cpu = 00:00:01 ; elapsed = 00:00:17 . Memory (MB): peak = 134.641 ; gain = 49.383
INFO-FLOW: Building ssdm...
Execute         transform -hls -function-uniquify -auto-function-inline -globaldce -ptrArgReplace -mem2reg -instcombine -dce -reset-lda -loop-simplify -indvars -licm -loop-dep -loop-bound -licm -loop-simplify -flattenloopnest -array-flatten -gvn -instcombine -dce -array-map -dce -func-legal -gvn -adce -instcombine -cfgopt -simplifycfg -loop-simplify -array-burst -promote-global-argument -dce -axi4-lower -array-seg-normalize -basicaa -aggrmodref-aa -globalsmodref-aa -aggr-aa -gvn -gvn -basicaa -aggrmodref-aa -globalsmodref-aa -aggr-aa -dse -adse -adce -licm -inst-simplify -dce -globaldce -instcombine -array-stream -eliminate-keepreads -instcombine -dce -deadargelim -doublePtrSimplify -doublePtrElim -dce -doublePtrSimplify -promote-dbg-pointer -dce -scalarrepl -mem2reg -disaggr -norm-name -mem2reg -instcombine -dse -adse -adce -ptrLegalization -dce -auto-rom-infer -array-flatten -dce -instcombine -check-doubleptr -loop-rot -constprop -cfgopt -simplifycfg -loop-simplify -indvars -pointer-simplify -dce -loop-bound -loop-simplify -loop-preproc -constprop -global-constprop -gvn -mem2reg -instcombine -dce -loop-bound -loop-merge -dce -bitwidthmin -deadargelim -dce -canonicalize-dataflow -dce -scalar-propagation -deadargelim -globaldce -mem2reg -read-loop-dep -interface-preproc -directive-preproc -interface-gen -bram-byte-enable -deadargelim -inst-simplify -dce -gvn -mem2reg -instcombine -dce -adse -loop-bound -instcombine -cfgopt -simplifycfg -loop-simplify -clean-region -io-protocol -find-region -mem2reg -bitop-raise -inst-simplify -inst-rectify -instcombine -adce -deadargelim -loop-simplify -phi-opt -bitop-raise -cfgopt -simplifycfg -strip-dead-prototypes -interface-lower -bitop-lower -intrinsic-lower -auto-function-inline -basicaa -aggrmodref-aa -globalsmodref-aa -aggr-aa -inst-simplify -simplifycfg -loop-simplify -mergereturn -inst-simplify -inst-rectify -dce -load-elim -bitop-lower -loop-rewind -pointer-simplify -dce -cfgopt -dce -bitwidth -loop-bound -loop-dep -read-loop-dep -dce -check-stream -norm-name -legalize -validate-dataflow -inst-clarity -cdfg-build C:/Users/pacel/Documents/Spring_2023/ECE_1195/lab_5/lab_5/sln1/.autopilot/db/a.o.2.bc -o C:/Users/pacel/Documents/Spring_2023/ECE_1195/lab_5/lab_5/sln1/.autopilot/db/a.o.3.bc -f -phase build-ssdm 
INFO: [XFORM 203-541] Flattening a loop nest 'Loop-1' (vhls/mmult.h:166:13) in function 'HLS_accel'.
INFO: [XFORM 203-541] Flattening a loop nest 'Loop-2' (vhls/mmult.h:176:14) in function 'HLS_accel'.
INFO: [XFORM 203-541] Flattening a loop nest 'Loop-3' (vhls/mmult.h:78:13) in function 'HLS_accel'.
INFO: [XFORM 203-541] Flattening a loop nest 'Loop-4' (vhls/mmult.h:188:15) in function 'HLS_accel'.
Command         transform done; 0.518 sec.
INFO: [HLS 200-111] Finished Architecture Synthesis Time (s): cpu = 00:00:01 ; elapsed = 00:00:17 . Memory (MB): peak = 134.785 ; gain = 49.527
INFO-FLOW: Finish building internal data model.
Command       opt_and_import_c done; 2.416 sec.
Command     elaborate done; 16.268 sec.
Execute     autosyn -from_csynth_design=1 
INFO: [HLS 200-10] Starting hardware synthesis ...
INFO-FLOW: Synthesizing C/C++ design ...
INFO: [HLS 200-10] Synthesizing 'HLS_accel' ...
Execute       ap_set_top_model HLS_accel 
Execute       get_model_list HLS_accel -filter all-wo-channel -topdown 
Execute       preproc_iomode -model HLS_accel 
Execute       get_model_list HLS_accel -filter all-wo-channel 
INFO-FLOW: Model list for configure: HLS_accel
INFO-FLOW: Configuring Module : HLS_accel ...
Execute       set_default_model HLS_accel 
Execute       apply_spec_resource_limit HLS_accel 
INFO-FLOW: Model list for preprocess: HLS_accel
INFO-FLOW: Preprocessing Module: HLS_accel ...
Execute       set_default_model HLS_accel 
Execute       cdfg_preprocess -model HLS_accel 
Execute       rtl_gen_preprocess HLS_accel 
INFO-FLOW: Model list for synthesis: HLS_accel
INFO: [HLS 200-10] ----------------------------------------------------------------
INFO: [HLS 200-42] -- Implementing module 'HLS_accel' 
INFO: [HLS 200-10] ----------------------------------------------------------------
Execute       set_default_model HLS_accel 
Execute       schedule -model HLS_accel 
INFO: [SCHED 204-11] Starting scheduling ...
INFO: [SCHED 204-61] Pipelining loop 'Loop 1'.
INFO: [SCHED 204-61] Pipelining result : Target II = 1, Final II = 1, Depth = 1.
INFO: [SCHED 204-61] Pipelining loop 'Loop 2'.
INFO: [SCHED 204-61] Pipelining result : Target II = 1, Final II = 1, Depth = 1.
INFO: [SCHED 204-61] Pipelining loop 'Loop 3'.
INFO: [SCHED 204-61] Pipelining result : Target II = 2, Final II = 2, Depth = 167.
INFO: [SCHED 204-61] Pipelining loop 'Loop 4'.
INFO: [SCHED 204-61] Pipelining result : Target II = 1, Final II = 1, Depth = 3.
INFO: [SCHED 204-11] Finished scheduling.
Command       schedule done; 0.506 sec.
INFO: [HLS 200-111]  Elapsed time: 17.701 seconds; current allocated memory: 90.346 MB.
Execute       report -o C:/Users/pacel/Documents/Spring_2023/ECE_1195/lab_5/lab_5/sln1/.autopilot/db/HLS_accel.verbose.sched.rpt -verbose -f 
Command       report done; 0.393 sec.
Execute       db_write -o C:/Users/pacel/Documents/Spring_2023/ECE_1195/lab_5/lab_5/sln1/.autopilot/db/HLS_accel.sched.adb -f 
INFO-FLOW: Finish scheduling HLS_accel.
Execute       set_default_model HLS_accel 
Execute       bind -model HLS_accel 
BIND OPTION: fu_weight=[ 0.0 -- 1.0 ]
BIND OPTION: model=HLS_accel
BIND OPTION: reg_weight=[ 0.0 -- 1.0 ]
INFO: [BIND 205-100] Starting micro-architecture generation ...
INFO: [BIND 205-101] Performing variable lifetime analysis.
INFO: [BIND 205-101] Exploring resource sharing.
INFO: [BIND 205-101] Binding ...
INFO: [BIND 205-100] Finished micro-architecture generation.
Command       bind done; 0.239 sec.
INFO: [HLS 200-111]  Elapsed time: 0.742 seconds; current allocated memory: 93.586 MB.
Execute       report -o C:/Users/pacel/Documents/Spring_2023/ECE_1195/lab_5/lab_5/sln1/.autopilot/db/HLS_accel.verbose.bind.rpt -verbose -f 
Command       report done; 0.47 sec.
Execute       db_write -o C:/Users/pacel/Documents/Spring_2023/ECE_1195/lab_5/lab_5/sln1/.autopilot/db/HLS_accel.bind.adb -f 
Command       db_write done; 0.131 sec.
INFO-FLOW: Finish binding HLS_accel.
Execute       get_model_list HLS_accel -filter all-wo-channel 
INFO-FLOW: Preprocessing for RTLGen ...
Execute       rtl_gen_preprocess HLS_accel 
INFO-FLOW: Model list for RTL generation: HLS_accel
INFO: [HLS 200-10] ----------------------------------------------------------------
INFO: [HLS 200-10] -- Generating RTL for module 'HLS_accel' 
INFO: [HLS 200-10] ----------------------------------------------------------------
Execute       get_config_rtl -prefix 
Execute       get_config_rtl -auto_prefix 
Execute       create_rtl_model HLS_accel -vendor xilinx -mg_file C:/Users/pacel/Documents/Spring_2023/ECE_1195/lab_5/lab_5/sln1/.autopilot/db/HLS_accel.compgen.tcl 
INFO: [RTGEN 206-500] Setting interface mode on port 'HLS_accel/INPUT_STREAM_data_V' to 'axis' (register, both mode).
INFO: [RTGEN 206-500] Setting interface mode on port 'HLS_accel/INPUT_STREAM_keep_V' to 'axis' (register, both mode).
INFO: [RTGEN 206-500] Setting interface mode on port 'HLS_accel/INPUT_STREAM_strb_V' to 'axis' (register, both mode).
INFO: [RTGEN 206-500] Setting interface mode on port 'HLS_accel/INPUT_STREAM_user_V' to 'axis' (register, both mode).
INFO: [RTGEN 206-500] Setting interface mode on port 'HLS_accel/INPUT_STREAM_last_V' to 'axis' (register, both mode).
INFO: [RTGEN 206-500] Setting interface mode on port 'HLS_accel/INPUT_STREAM_id_V' to 'axis' (register, both mode).
INFO: [RTGEN 206-500] Setting interface mode on port 'HLS_accel/INPUT_STREAM_dest_V' to 'axis' (register, both mode).
INFO: [RTGEN 206-500] Setting interface mode on port 'HLS_accel/OUTPUT_STREAM_data_V' to 'axis' (register, both mode).
INFO: [RTGEN 206-500] Setting interface mode on port 'HLS_accel/OUTPUT_STREAM_keep_V' to 'axis' (register, both mode).
INFO: [RTGEN 206-500] Setting interface mode on port 'HLS_accel/OUTPUT_STREAM_strb_V' to 'axis' (register, both mode).
INFO: [RTGEN 206-500] Setting interface mode on port 'HLS_accel/OUTPUT_STREAM_user_V' to 'axis' (register, both mode).
INFO: [RTGEN 206-500] Setting interface mode on port 'HLS_accel/OUTPUT_STREAM_last_V' to 'axis' (register, both mode).
INFO: [RTGEN 206-500] Setting interface mode on port 'HLS_accel/OUTPUT_STREAM_id_V' to 'axis' (register, both mode).
INFO: [RTGEN 206-500] Setting interface mode on port 'HLS_accel/OUTPUT_STREAM_dest_V' to 'axis' (register, both mode).
INFO: [RTGEN 206-500] Setting interface mode on function 'HLS_accel' to 's_axilite & ap_ctrl_hs'.
INFO: [RTGEN 206-100] Bundling port 'return' to AXI-Lite port CONTROL_BUS.
INFO: [SYN 201-210] Renamed object name 'HLS_accel_fadd_32ns_32ns_32_5_full_dsp_1' to 'HLS_accel_fadd_32bkb' due to the length limit 20
INFO: [SYN 201-210] Renamed object name 'HLS_accel_fmul_32ns_32ns_32_4_max_dsp_1' to 'HLS_accel_fmul_32cud' due to the length limit 20
INFO: [RTGEN 206-104] Estimated max fanout for 'HLS_accel' is 30763 from HDL expression: ((1'b1 == ap_CS_fsm_pp2_stage0) & (1'b0 == ap_block_pp2_stage0_11001))
INFO: [RTGEN 206-100] Generating core module 'HLS_accel_fadd_32bkb': 16 instance(s).
INFO: [RTGEN 206-100] Generating core module 'HLS_accel_fmul_32cud': 16 instance(s).
INFO: [RTGEN 206-100] Finished creating RTL model for 'HLS_accel'.
Command       create_rtl_model done; 0.705 sec.
INFO: [HLS 200-111]  Elapsed time: 1.334 seconds; current allocated memory: 100.656 MB.
Execute       source C:/Users/pacel/Documents/Spring_2023/ECE_1195/lab_5/lab_5/sln1/.autopilot/db/HLS_accel.rtl_wrap.cfg.tcl 
Execute       gen_rtl HLS_accel -istop -style xilinx -tracefl mytrace -tracefmt vcd -traceopt all -f -lang sc -o C:/Users/pacel/Documents/Spring_2023/ECE_1195/lab_5/lab_5/sln1/syn/systemc/HLS_accel -synmodules HLS_accel 
Execute       gen_rtl HLS_accel -istop -style xilinx -f -lang vhdl -o C:/Users/pacel/Documents/Spring_2023/ECE_1195/lab_5/lab_5/sln1/syn/vhdl/HLS_accel 
Command       gen_rtl done; 0.244 sec.
Execute       gen_rtl HLS_accel -istop -style xilinx -f -lang vlog -o C:/Users/pacel/Documents/Spring_2023/ECE_1195/lab_5/lab_5/sln1/syn/verilog/HLS_accel 
Command       gen_rtl done; 0.129 sec.
Execute       export_constraint_db -o C:/Users/pacel/Documents/Spring_2023/ECE_1195/lab_5/lab_5/sln1/.autopilot/db/HLS_accel.constraint.tcl -f -tool general 
Execute       report -model HLS_accel -o C:/Users/pacel/Documents/Spring_2023/ECE_1195/lab_5/lab_5/sln1/.autopilot/db/HLS_accel.design.xml -verbose -f -dv 
Command       report done; 0.223 sec.
Execute       report -model HLS_accel -o C:/Users/pacel/Documents/Spring_2023/ECE_1195/lab_5/lab_5/sln1/.autopilot/db/HLS_accel.sdaccel.xml -verbose -f -sdaccel 
Command       report done; 0.367 sec.
Execute       gen_tb_info HLS_accel -o C:/Users/pacel/Documents/Spring_2023/ECE_1195/lab_5/lab_5/sln1/.autopilot/db/HLS_accel -p C:/Users/pacel/Documents/Spring_2023/ECE_1195/lab_5/lab_5/sln1/.autopilot/db 
Execute       report -model HLS_accel -o C:/Users/pacel/Documents/Spring_2023/ECE_1195/lab_5/lab_5/sln1/syn/report/HLS_accel_csynth.rpt -f 
Command       report done; 0.112 sec.
Execute       report -model HLS_accel -o C:/Users/pacel/Documents/Spring_2023/ECE_1195/lab_5/lab_5/sln1/syn/report/HLS_accel_csynth.xml -f -x 
Command       report done; 0.113 sec.
Execute       report -model HLS_accel -o C:/Users/pacel/Documents/Spring_2023/ECE_1195/lab_5/lab_5/sln1/.autopilot/db/HLS_accel.verbose.rpt -verbose -f 
Command       report done; 0.518 sec.
Execute       db_write -model HLS_accel -o C:/Users/pacel/Documents/Spring_2023/ECE_1195/lab_5/lab_5/sln1/.autopilot/db/HLS_accel.adb -f 
Command       db_write done; 0.285 sec.
Execute       sc_get_clocks HLS_accel 
Execute       get_config_export -vivado_clock 
Execute       sc_get_portdomain HLS_accel 
INFO-FLOW: Model list for RTL component generation: HLS_accel
INFO-FLOW: Handling components in module [HLS_accel] ... 
Execute       source C:/Users/pacel/Documents/Spring_2023/ECE_1195/lab_5/lab_5/sln1/.autopilot/db/HLS_accel.compgen.tcl 
INFO-FLOW: Found component HLS_accel_fadd_32bkb.
INFO-FLOW: Append model HLS_accel_fadd_32bkb
INFO-FLOW: Found component HLS_accel_fmul_32cud.
INFO-FLOW: Append model HLS_accel_fmul_32cud
INFO-FLOW: Found component HLS_accel_a_0.
INFO-FLOW: Append model HLS_accel_a_0
INFO-FLOW: Found component HLS_accel_out.
INFO-FLOW: Append model HLS_accel_out
INFO-FLOW: Found component HLS_accel_CONTROL_BUS_s_axi.
INFO-FLOW: Append model HLS_accel_CONTROL_BUS_s_axi
INFO-FLOW: Append model HLS_accel
INFO-FLOW: Generating RTL model list ...
INFO-FLOW: All models in this session: HLS_accel_fadd_32bkb HLS_accel_fmul_32cud HLS_accel_a_0 HLS_accel_out HLS_accel_CONTROL_BUS_s_axi HLS_accel
INFO-FLOW: To file: write model HLS_accel_fadd_32bkb
INFO-FLOW: To file: write model HLS_accel_fmul_32cud
INFO-FLOW: To file: write model HLS_accel_a_0
INFO-FLOW: To file: write model HLS_accel_out
INFO-FLOW: To file: write model HLS_accel_CONTROL_BUS_s_axi
INFO-FLOW: To file: write model HLS_accel
INFO-FLOW: Finished generating RTL model list.


INFO-FLOW: RTL Generation done.
INFO-FLOW: CAS Generation done.
INFO-FLOW: CBC Generation done.
INFO-FLOW: DBG:CMD: auto_generate_csynth_design
INFO-FLOW: DBG:CMD:     auto_generate --sim-model -phase csynth_design -d C:/Users/pacel/Documents/Spring_2023/ECE_1195/lab_5/lab_5/sln1
Execute       source C:/Users/pacel/Documents/Spring_2023/ECE_1195/lab_5/lab_5/sln1/.autopilot/db/global.setting.tcl 
INFO-FLOW: DBG:CMD: read_platform_lib C:/Users/pacel/Documents/Spring_2023/ECE_1195/lab_5/lab_5/sln1/.autopilot/db/global.setting.tcl
Execute       source C:/Xilinx/Vivado/2018.3/common/technology/generic/autopilot/common.gen 
Execute         source C:/Xilinx/Vivado/2018.3/common/technology/generic/autopilot/APCoreGen.gen 
Execute       source C:/Xilinx/Vivado/2018.3/common/technology/generic/autopilot/op.gen 
Execute       source C:/Xilinx/Vivado/2018.3/common/technology/generic/autopilot/op_simcore.gen 
Execute       source C:/Xilinx/Vivado/2018.3/common/technology/generic/autopilot/interface.gen 
Execute       source C:/Users/pacel/Documents/Spring_2023/ECE_1195/lab_5/lab_5/sln1/.autopilot/db/global.setting.tcl 
Execute       source C:/Xilinx/Vivado/2018.3/common/technology/xilinx/zynq/zynq.gen 
Execute         source C:/Xilinx/Vivado/2018.3/common/technology/xilinx/common/virtex.gen 
Execute           source C:/Xilinx/Vivado/2018.3/common/technology/xilinx/common/xilinx.gen 
Execute             source C:/Xilinx/Vivado/2018.3/common/technology/xilinx/interface/plb46.gen 
Execute             source C:/Xilinx/Vivado/2018.3/common/technology/xilinx/interface/fsl.gen 
Execute             source C:/Xilinx/Vivado/2018.3/common/technology/xilinx/interface/axi4.gen 
Execute             source C:/Xilinx/Vivado/2018.3/common/technology/xilinx/interface/nativeAXI4.gen 
Execute               source C:/Xilinx/Vivado/2018.3/common/technology/xilinx/interface/saxilite.gen 
Execute               source C:/Xilinx/Vivado/2018.3/common/technology/xilinx/interface/maxi.gen 
Execute             source C:/Xilinx/Vivado/2018.3/common/technology/xilinx/scripts/xilinxcoregen.gen 
Execute             source C:/Xilinx/Vivado/2018.3/common/technology/xilinx/interface/XilEDKCoreGen.gen 
Execute             source C:/Xilinx/Vivado/2018.3/common/technology/xilinx/ip/dds_compiler.gen 
Execute             source C:/Xilinx/Vivado/2018.3/common/technology/xilinx/ip/util.gen 
Execute             source C:/Xilinx/Vivado/2018.3/common/technology/xilinx/ip/xfft.gen 
Execute             source C:/Xilinx/Vivado/2018.3/common/technology/xilinx/ip/xfir.gen 
Command           ap_source done; 0.111 sec.
Execute           source C:/Xilinx/Vivado/2018.3/common/technology/xilinx/common/dsp48.gen 
Command         ap_source done; 0.115 sec.
Command       ap_source done; 0.115 sec.
Execute       source C:/Xilinx/Vivado/2018.3/common/technology/xilinx/zynq/zynq_fpv6.gen 
Execute         source C:/Xilinx/Vivado/2018.3/common/technology/xilinx/common/xilinx_fpv6.gen 
INFO-FLOW: DBG:CMD:   using AESL_AUTOCG::g_clock_period=10.000 (was NA)
INFO-FLOW: DBG:CMD:       generate_ip_cores sim=1 export=0 expOnly=0 dstVlogDir=syn/verilog
Execute       source C:/Users/pacel/Documents/Spring_2023/ECE_1195/lab_5/lab_5/sln1/.autopilot/db/global.setting.tcl 
Execute       source C:/Users/pacel/Documents/Spring_2023/ECE_1195/lab_5/lab_5/sln1/.autopilot/db/global.setting.tcl 
Execute       source C:/Users/pacel/Documents/Spring_2023/ECE_1195/lab_5/lab_5/sln1/.autopilot/db/global.setting.tcl 
Execute       source C:/Users/pacel/Documents/Spring_2023/ECE_1195/lab_5/lab_5/sln1/.autopilot/db/HLS_accel.compgen.tcl 
INFO: [RTMG 210-278] Implementing memory 'HLS_accel_a_0_ram (RAM)' using block RAMs.
INFO: [RTMG 210-278] Implementing memory 'HLS_accel_out_ram (RAM)' using block RAMs.
Execute         source ./CONTROL_BUS.slave.tcl 
Execute         is_m_axi_addr64 
Command       ap_source done; 0.164 sec.
INFO-FLOW: DBG:CMD:     auto_generate -export -impltomg_flag -rtl both -tool Vivado -pcore_version 1.00.a -phase csynth_design -d C:/Users/pacel/Documents/Spring_2023/ECE_1195/lab_5/lab_5/sln1
Execute       source C:/Users/pacel/Documents/Spring_2023/ECE_1195/lab_5/lab_5/sln1/.autopilot/db/global.setting.tcl 
INFO-FLOW: DBG:CMD: read_platform_lib C:/Users/pacel/Documents/Spring_2023/ECE_1195/lab_5/lab_5/sln1/.autopilot/db/global.setting.tcl
Execute       source C:/Xilinx/Vivado/2018.3/common/technology/generic/autopilot/common.gen 
Execute         source C:/Xilinx/Vivado/2018.3/common/technology/generic/autopilot/APCoreGen.gen 
Execute       source C:/Xilinx/Vivado/2018.3/common/technology/generic/autopilot/op.gen 
Execute       source C:/Xilinx/Vivado/2018.3/common/technology/generic/autopilot/op_simcore.gen 
Execute       source C:/Xilinx/Vivado/2018.3/common/technology/generic/autopilot/interface.gen 
Execute       source C:/Users/pacel/Documents/Spring_2023/ECE_1195/lab_5/lab_5/sln1/.autopilot/db/global.setting.tcl 
Execute       source C:/Xilinx/Vivado/2018.3/common/technology/xilinx/zynq/zynq.gen 
Execute         source C:/Xilinx/Vivado/2018.3/common/technology/xilinx/common/virtex.gen 
Execute           source C:/Xilinx/Vivado/2018.3/common/technology/xilinx/common/xilinx.gen 
Execute             source C:/Xilinx/Vivado/2018.3/common/technology/xilinx/interface/plb46.gen 
Execute             source C:/Xilinx/Vivado/2018.3/common/technology/xilinx/interface/fsl.gen 
Execute             source C:/Xilinx/Vivado/2018.3/common/technology/xilinx/interface/axi4.gen 
Execute             source C:/Xilinx/Vivado/2018.3/common/technology/xilinx/interface/nativeAXI4.gen 
Execute               source C:/Xilinx/Vivado/2018.3/common/technology/xilinx/interface/saxilite.gen 
Execute               source C:/Xilinx/Vivado/2018.3/common/technology/xilinx/interface/maxi.gen 
Execute             source C:/Xilinx/Vivado/2018.3/common/technology/xilinx/scripts/xilinxcoregen.gen 
Execute             source C:/Xilinx/Vivado/2018.3/common/technology/xilinx/interface/XilEDKCoreGen.gen 
Execute             source C:/Xilinx/Vivado/2018.3/common/technology/xilinx/ip/dds_compiler.gen 
Execute             source C:/Xilinx/Vivado/2018.3/common/technology/xilinx/ip/util.gen 
Execute             source C:/Xilinx/Vivado/2018.3/common/technology/xilinx/ip/xfft.gen 
Execute             source C:/Xilinx/Vivado/2018.3/common/technology/xilinx/ip/xfir.gen 
Command           ap_source done; 0.118 sec.
Execute           source C:/Xilinx/Vivado/2018.3/common/technology/xilinx/common/dsp48.gen 
Command         ap_source done; 0.121 sec.
Command       ap_source done; 0.122 sec.
Execute       source C:/Xilinx/Vivado/2018.3/common/technology/xilinx/zynq/zynq_fpv6.gen 
Execute         source C:/Xilinx/Vivado/2018.3/common/technology/xilinx/common/xilinx_fpv6.gen 
INFO-FLOW: DBG:CMD:       initCTypeInfo top_module=HLS_accel xml_exists=0
Execute       source C:/Users/pacel/Documents/Spring_2023/ECE_1195/lab_5/lab_5/sln1/.autopilot/db/HLS_accel.rtl_wrap.cfg.tcl 
Execute       source C:/Users/pacel/Documents/Spring_2023/ECE_1195/lab_5/lab_5/sln1/.autopilot/db/HLS_accel.rtl_wrap.cfg.tcl 
Execute       source C:/Users/pacel/Documents/Spring_2023/ECE_1195/lab_5/lab_5/sln1/.autopilot/db/HLS_accel.rtl_wrap.cfg.tcl 
Execute       source C:/Users/pacel/Documents/Spring_2023/ECE_1195/lab_5/lab_5/sln1/.autopilot/db/HLS_accel.tbgen.tcl 
Execute       source C:/Users/pacel/Documents/Spring_2023/ECE_1195/lab_5/lab_5/sln1/.autopilot/db/HLS_accel.tbgen.tcl 
INFO-FLOW: DBG:CMD:       export_impl_rtl
INFO-FLOW: DBG:CMD:       generate_ip_cores sim=0 export=0 expOnly=0 dstVlogDir=impl/.verilog
Execute       source C:/Users/pacel/Documents/Spring_2023/ECE_1195/lab_5/lab_5/sln1/.autopilot/db/global.setting.tcl 
Execute       source C:/Users/pacel/Documents/Spring_2023/ECE_1195/lab_5/lab_5/sln1/.autopilot/db/HLS_accel.compgen.tcl 
INFO-FLOW: DBG:CMD:       generate_ip_cores sim=0 export=1 expOnly=1 dstVlogDir=impl/.pcores/verilog
Execute       source C:/Users/pacel/Documents/Spring_2023/ECE_1195/lab_5/lab_5/sln1/.autopilot/db/global.setting.tcl 
Execute       source C:/Users/pacel/Documents/Spring_2023/ECE_1195/lab_5/lab_5/sln1/.autopilot/db/HLS_accel.compgen.tcl 
INFO-FLOW: DBG:CMD:       generate_ip_cores sim=0 export=0 expOnly=0 dstVlogDir=impl/.pcores/verilog_sim
Execute       source C:/Users/pacel/Documents/Spring_2023/ECE_1195/lab_5/lab_5/sln1/.autopilot/db/global.setting.tcl 
Execute       source C:/Users/pacel/Documents/Spring_2023/ECE_1195/lab_5/lab_5/sln1/.autopilot/db/HLS_accel.compgen.tcl 
Execute       source C:/Users/pacel/Documents/Spring_2023/ECE_1195/lab_5/lab_5/sln1/.autopilot/db/global.setting.tcl 
Execute       source C:/Users/pacel/Documents/Spring_2023/ECE_1195/lab_5/lab_5/sln1/.autopilot/db/HLS_accel.constraint.tcl 
Execute       source C:/Users/pacel/Documents/Spring_2023/ECE_1195/lab_5/lab_5/sln1/.autopilot/db/HLS_accel.tbgen.tcl 
INFO-FLOW: DBG:CMD:       hasPcoreIpAdapter=false #gSsdmPorts=28
INFO-FLOW: DBG:CMD: Skipping loadAnalyze_DB, #g_database=14
INFO-FLOW: DBG:CMD:       generate_json is_phase_csynth=1 g_has_adaptors=false generate_bd_files=1 #modelList=6 #gSsdmPorts=28
Execute       source C:/Users/pacel/Documents/Spring_2023/ECE_1195/lab_5/lab_5/sln1/.autopilot/db/global.setting.tcl 
Execute       source C:/Users/pacel/Documents/Spring_2023/ECE_1195/lab_5/lab_5/sln1/.autopilot/db/global.setting.tcl 
Execute       source C:/Users/pacel/Documents/Spring_2023/ECE_1195/lab_5/lab_5/sln1/.autopilot/db/HLS_accel.tbgen.tcl 
Execute       source C:/Users/pacel/Documents/Spring_2023/ECE_1195/lab_5/lab_5/sln1/.autopilot/db/HLS_accel.tbgen.tcl 
Execute       source C:/Users/pacel/Documents/Spring_2023/ECE_1195/lab_5/lab_5/sln1/.autopilot/db/HLS_accel.tbgen.tcl 
Execute       source C:/Users/pacel/Documents/Spring_2023/ECE_1195/lab_5/lab_5/sln1/.autopilot/db/HLS_accel.tbgen.tcl 
Execute       source C:/Users/pacel/Documents/Spring_2023/ECE_1195/lab_5/lab_5/sln1/.autopilot/db/HLS_accel.tbgen.tcl 
Execute       source C:/Users/pacel/Documents/Spring_2023/ECE_1195/lab_5/lab_5/sln1/.autopilot/db/HLS_accel.tbgen.tcl 
Execute       source C:/Users/pacel/Documents/Spring_2023/ECE_1195/lab_5/lab_5/sln1/.autopilot/db/HLS_accel.tbgen.tcl 
Execute       source C:/Users/pacel/Documents/Spring_2023/ECE_1195/lab_5/lab_5/sln1/.autopilot/db/global.setting.tcl 
Execute       get_config_sdx -target 
Execute       get_config_export -xo 
Execute       source C:/Users/pacel/Documents/Spring_2023/ECE_1195/lab_5/lab_5/sln1/.autopilot/db/global.setting.tcl 
Execute       source C:/Users/pacel/Documents/Spring_2023/ECE_1195/lab_5/lab_5/sln1/.autopilot/db/HLS_accel.constraint.tcl 
Execute       sc_get_clocks HLS_accel 
Execute       source C:/Users/pacel/Documents/Spring_2023/ECE_1195/lab_5/lab_5/sln1/.autopilot/db/global.setting.tcl 
Execute       source C:/Users/pacel/Documents/Spring_2023/ECE_1195/lab_5/lab_5/sln1/impl/misc/HLS_accel_ap_fadd_3_full_dsp_32_ip.tcl 
Execute       source C:/Users/pacel/Documents/Spring_2023/ECE_1195/lab_5/lab_5/sln1/impl/misc/HLS_accel_ap_fmul_2_max_dsp_32_ip.tcl 
Execute       get_config_sdx -target 
Execute       get_config_sdx -profile 
Execute       ::config_rtl 
INFO-FLOW: DBG:CMD: add_json_sdx_info kernel file does not exist: C:/Users/pacel/Documents/Spring_2023/ECE_1195/lab_5/lab_5/sln1/.autopilot/db/kernel.internal.xml
INFO-FLOW: DBG:CMD:       delete-temp-dirs (skipped for debug)
INFO: [HLS 200-111] Finished generating all RTL models Time (s): cpu = 00:00:03 ; elapsed = 00:00:24 . Memory (MB): peak = 163.930 ; gain = 78.672
INFO: [SYSC 207-301] Generating SystemC RTL for HLS_accel.
INFO: [VHDL 208-304] Generating VHDL RTL for HLS_accel.
INFO: [VLOG 209-307] Generating Verilog RTL for HLS_accel.
Command     autosyn done; 6.443 sec.
Execute     get_part 
Execute     get_config_export -sdx_tcl 
Command   csynth_design done; 22.734 sec.
Command ap_source done; 23.054 sec.
Execute cleanup_all 
