#-----------------------------------------------------------
# Webtalk v2018.3 (64-bit)
# SW Build 2405991 on Thu Dec  6 23:38:27 MST 2018
# 
# Start of session at: Wed Jan 18 14:50:31 2023
# Process ID: 7056
# Current directory: C:/Users/pacel/Desktop/Work/Pitt/semesters/Spring_2023/ECE_1195/Lab_1/Lab_1.sdk/webtalk
# Command line: wbtcv.exe -mode batch -source sdk_webtalk.tcl
# Log file: C:/Users/pacel/Desktop/Work/Pitt/semesters/Spring_2023/ECE_1195/Lab_1/Lab_1.sdk/webtalk/webtalk.log
# Journal file: C:/Users/pacel/Desktop/Work/Pitt/semesters/Spring_2023/ECE_1195/Lab_1/Lab_1.sdk/webtalk\webtalk.jou
#-----------------------------------------------------------
source sdk_webtalk.tcl
# webtalk_init -webtalk_dir C:\\Users\\pacel\\Desktop\\Work\\Pitt\\semesters\\Spring_2023\\ECE_1195\\Lab_1\\Lab_1.sdk\\webtalk
# webtalk_register_client -client project
# webtalk_add_data -client project -key date_generated -value "2023-01-18 14:50:28" -context "software_version_and_target_device"
# webtalk_add_data -client project -key product_version -value "SDK v2018.3" -context "software_version_and_target_device"
# webtalk_add_data -client project -key build_version -value "2018.3" -context "software_version_and_target_device"
# webtalk_add_data -client project -key os_platform -value "amd64" -context "software_version_and_target_device"
# webtalk_add_data -client project -key registration_id -value "211142296_1777514147_210729583_846" -context "software_version_and_target_device"
# webtalk_add_data -client project -key tool_flow -value "SDK" -context "software_version_and_target_device"
# webtalk_add_data -client project -key beta -value "false" -context "software_version_and_target_device"
# webtalk_add_data -client project -key route_design -value "NA" -context "software_version_and_target_device"
# webtalk_add_data -client project -key target_family -value "NA" -context "software_version_and_target_device"
# webtalk_add_data -client project -key target_device -value "NA" -context "software_version_and_target_device"
# webtalk_add_data -client project -key target_package -value "NA" -context "software_version_and_target_device"
# webtalk_add_data -client project -key target_speed -value "NA" -context "software_version_and_target_device"
# webtalk_add_data -client project -key random_id -value "it6vhg1i9p9v9v7nmu862a2020" -context "software_version_and_target_device"
# webtalk_add_data -client project -key project_id -value "2018.3_1" -context "software_version_and_target_device"
# webtalk_add_data -client project -key project_iteration -value "1" -context "software_version_and_target_device"
# webtalk_add_data -client project -key os_name -value "Microsoft Windows 8 or later , 64-bit" -context "user_environment"
# webtalk_add_data -client project -key os_release -value "major release  (build 9200)" -context "user_environment"
# webtalk_add_data -client project -key cpu_name -value "11th Gen Intel(R) Core(TM) i7-1165G7 @ 2.80GHz" -context "user_environment"
# webtalk_add_data -client project -key cpu_speed -value "2803 MHz" -context "user_environment"
# webtalk_add_data -client project -key total_processors -value "1" -context "user_environment"
# webtalk_add_data -client project -key system_ram -value "16.856 GB" -context "user_environment"
# webtalk_register_client -client sdk
# webtalk_add_data -client sdk -key uid -value "1674070422899" -context "sdk\\\\hardware/1674070422899"
# webtalk_add_data -client sdk -key isZynq -value "true" -context "sdk\\\\hardware/1674070422899"
# webtalk_add_data -client sdk -key isZynqMP -value "false" -context "sdk\\\\hardware/1674070422899"
# webtalk_add_data -client sdk -key Processors -value "2" -context "sdk\\\\hardware/1674070422899"
# webtalk_add_data -client sdk -key VivadoVersion -value "2018.3" -context "sdk\\\\hardware/1674070422899"
# webtalk_add_data -client sdk -key Arch -value "zynq" -context "sdk\\\\hardware/1674070422899"
# webtalk_add_data -client sdk -key Device -value "7z020" -context "sdk\\\\hardware/1674070422899"
# webtalk_add_data -client sdk -key IsHandoff -value "true" -context "sdk\\\\hardware/1674070422899"
# webtalk_add_data -client sdk -key os -value "NA" -context "sdk\\\\hardware/1674070422899"
# webtalk_add_data -client sdk -key apptemplate -value "NA" -context "sdk\\\\hardware/1674070422899"
# webtalk_add_data -client sdk -key RecordType -value "HWCreation" -context "sdk\\\\hardware/1674070422899"
# webtalk_add_data -client sdk -key uid -value "1674070567897" -context "sdk\\\\bsp/1674070567897"
# webtalk_add_data -client sdk -key hwid -value "1674070422899" -context "sdk\\\\bsp/1674070567897"
# webtalk_add_data -client sdk -key os -value "standalone" -context "sdk\\\\bsp/1674070567897"
# webtalk_add_data -client sdk -key apptemplate -value "hello_world" -context "sdk\\\\bsp/1674070567897"
# webtalk_add_data -client sdk -key RecordType -value "BSPCreation" -context "sdk\\\\bsp/1674070567897"
# webtalk_add_data -client sdk -key uid -value "1674070574525" -context "sdk\\\\application/1674070574525"
# webtalk_add_data -client sdk -key hwid -value "1674070422899" -context "sdk\\\\application/1674070574525"
# webtalk_add_data -client sdk -key bspid -value "1674070567897" -context "sdk\\\\application/1674070574525"
# webtalk_add_data -client sdk -key newbsp -value "true" -context "sdk\\\\application/1674070574525"
# webtalk_add_data -client sdk -key os -value "standalone" -context "sdk\\\\application/1674070574525"
# webtalk_add_data -client sdk -key apptemplate -value "hello_world" -context "sdk\\\\application/1674070574525"
# webtalk_add_data -client sdk -key RecordType -value "APPCreation" -context "sdk\\\\application/1674070574525"
# webtalk_add_data -client sdk -key LangUsed -value "C" -context "sdk\\\\application/1674070574525"
# webtalk_add_data -client sdk -key Procused -value "ps7_cortexa9" -context "sdk\\\\application/1674070574525"
# webtalk_add_data -client sdk -key projSize -value "240.7421875" -context "sdk\\\\application/1674070574525"
# webtalk_add_data -client sdk -key uid -value "1674070733349" -context "sdk\\\\application/1674070733349"
# webtalk_add_data -client sdk -key hwid -value "1674070422899" -context "sdk\\\\application/1674070733349"
# webtalk_add_data -client sdk -key bspid -value "1674070567897" -context "sdk\\\\application/1674070733349"
# webtalk_add_data -client sdk -key newbsp -value "false" -context "sdk\\\\application/1674070733349"
# webtalk_add_data -client sdk -key os -value "standalone" -context "sdk\\\\application/1674070733349"
# webtalk_add_data -client sdk -key apptemplate -value "empty_application" -context "sdk\\\\application/1674070733349"
# webtalk_add_data -client sdk -key RecordType -value "APPCreation" -context "sdk\\\\application/1674070733349"
# webtalk_add_data -client sdk -key LangUsed -value "C" -context "sdk\\\\application/1674070733349"
# webtalk_add_data -client sdk -key Procused -value "ps7_cortexa9" -context "sdk\\\\application/1674070733349"
# webtalk_add_data -client sdk -key projSize -value "149.8515625" -context "sdk\\\\application/1674070733349"
# webtalk_add_data -client sdk -key uid -value "NA" -context "sdk\\\\bsp/1674071428682"
# webtalk_add_data -client sdk -key RecordType -value "ToolUsage" -context "sdk\\\\bsp/1674071428682"
# webtalk_add_data -client sdk -key BootgenCount -value "0" -context "sdk\\\\bsp/1674071428682"
# webtalk_add_data -client sdk -key DebugCount -value "0" -context "sdk\\\\bsp/1674071428682"
# webtalk_add_data -client sdk -key PerfCount -value "0" -context "sdk\\\\bsp/1674071428682"
# webtalk_add_data -client sdk -key FlashCount -value "0" -context "sdk\\\\bsp/1674071428682"
# webtalk_add_data -client sdk -key CrossTriggCount -value "0" -context "sdk\\\\bsp/1674071428682"
# webtalk_add_data -client sdk -key QemuDebugCount -value "0" -context "sdk\\\\bsp/1674071428682"
# webtalk_transmit -clientid 2600978439 -regid "211142296_1777514147_210729583_846" -xml C:\\Users\\pacel\\Desktop\\Work\\Pitt\\semesters\\Spring_2023\\ECE_1195\\Lab_1\\Lab_1.sdk\\webtalk\\usage_statistics_ext_sdk.xml -html C:\\Users\\pacel\\Desktop\\Work\\Pitt\\semesters\\Spring_2023\\ECE_1195\\Lab_1\\Lab_1.sdk\\webtalk\\usage_statistics_ext_sdk.html -wdm C:\\Users\\pacel\\Desktop\\Work\\Pitt\\semesters\\Spring_2023\\ECE_1195\\Lab_1\\Lab_1.sdk\\webtalk\\sdk_webtalk.wdm -intro "<H3>SDK Usage Report</H3><BR>"
# webtalk_terminate
INFO: [Common 17-206] Exiting Webtalk at Wed Jan 18 14:50:31 2023...
