#-----------------------------------------------------------
# Vivado v2018.3 (64-bit)
# SW Build 2405991 on Thu Dec  6 23:38:27 MST 2018
# IP Build 2404404 on Fri Dec  7 01:43:56 MST 2018
# Start of session at: Wed Mar  8 18:46:48 2023
# Process ID: 18568
# Current directory: C:/Users/pacel/Desktop/Work/Pitt/semesters/Spring_2023/ECE_1195/Lab_4/lab_4.tmp
# Command line: vivado.exe -gui_launcher_event rodinguilauncherevent10908 C:\Users\pacel\Desktop\Work\Pitt\semesters\Spring_2023\ECE_1195\Lab_4\lab_4.tmp\edit_ip_project.xpr
# Log file: C:/Users/pacel/Desktop/Work/Pitt/semesters/Spring_2023/ECE_1195/Lab_4/lab_4.tmp/vivado.log
# Journal file: C:/Users/pacel/Desktop/Work/Pitt/semesters/Spring_2023/ECE_1195/Lab_4/lab_4.tmp\vivado.jou
#-----------------------------------------------------------
start_gui
open_project C:/Users/pacel/Desktop/Work/Pitt/semesters/Spring_2023/ECE_1195/Lab_4/lab_4.tmp/edit_ip_project.xpr
Scanning sources...
Finished scanning sources
INFO: [IP_Flow 19-234] Refreshing IP repositories
INFO: [IP_Flow 19-1700] Loaded user IP repository 'c:/Users/pacel/Desktop/Work/Pitt/semesters/Spring_2023/ECE_1195/ip_repo'.
INFO: [IP_Flow 19-2313] Loaded Vivado IP repository 'C:/Xilinx/Vivado/2018.3/data/ip'.
update_compile_order -fileset sources_1
file mkdir C:/Users/pacel/Desktop/Work/Pitt/semesters/Spring_2023/ECE_1195/Lab_4/lab_4.tmp/edit_ip_project.srcs/sources_1/new
close [ open C:/Users/pacel/Desktop/Work/Pitt/semesters/Spring_2023/ECE_1195/Lab_4/lab_4.tmp/edit_ip_project.srcs/sources_1/new/memory.vhd w ]
add_files C:/Users/pacel/Desktop/Work/Pitt/semesters/Spring_2023/ECE_1195/Lab_4/lab_4.tmp/edit_ip_project.srcs/sources_1/new/memory.vhd
set_property library xil_defaultlib [get_files  C:/Users/pacel/Desktop/Work/Pitt/semesters/Spring_2023/ECE_1195/ip_repo/CPU_mips/src/mem/CPU_memory.vhd]
update_compile_order -fileset sources_1
add_files -norecurse {C:/Users/pacel/Desktop/Work/Pitt/semesters/Spring_2023/ECE_1195/ip_repo/multiplier/src/controller.vhd C:/Users/pacel/Desktop/Work/Pitt/semesters/Spring_2023/ECE_1195/ip_repo/multiplier/src/multiplier.vhd}
update_compile_order -fileset sources_1
exit
INFO: [Common 17-206] Exiting Vivado at Wed Mar  8 18:59:39 2023...
